2025-01-23 09:28:35,353 [INFO] Activator:176 - 


2025-01-23 09:28:35,356 [INFO] Activator:177 - !SESSION log4j initialized
2025-01-23 09:28:39,296 [INFO] LogOutputStream:77 - [STDOUT_REDIRECT] 
2025-01-23 09:28:44,255 [INFO] ApplicationProperties:184 - Using Application install path: C:\ST\STM32CubeIDE_1.14.1\STM32CubeIDE\plugins\com.st.stm32cube.common.mx_6.10.0.202311202037
2025-01-23 09:28:44,255 [INFO] DbMcusXml:78 - Set database path to: C:\ST\STM32CubeIDE_1.14.1\STM32CubeIDE\plugins\com.st.stm32cube.common.mx_6.10.0.202311202037\\db\/mcu/
2025-01-23 09:28:44,271 [INFO] ApiDb:274 - Set plugin database path to: C:\ST\STM32CubeIDE_1.14.1\STM32CubeIDE\plugins\com.st.stm32cube.common.mx_6.10.0.202311202037\\db\/plugins/boardmanager/
2025-01-23 09:28:44,271 [WARN] ApiDb:259 - Overriding images path with different value:  => C:\ST\STM32CubeIDE_1.14.1\STM32CubeIDE\plugins\com.st.stm32cube.common.mx_6.10.0.202311202037\\db\/plugins/mcufinder/images/
2025-01-23 09:28:44,271 [INFO] ApiDb:250 - Set database path to: C:\Users\user\.stmcufinder\plugins\mcufinder//mcu/
2025-01-23 09:28:44,271 [INFO] DbMcusAds:125 - Set database path to: C:\Users\user\.stmcufinder\plugins\mcufinder//mcu/
2025-01-23 09:28:44,276 [INFO] CrossReferenceDbSqlite:203 - Set database path to: C:\Users\user\.stmcufinder\plugins\mcufinder//mcu/cs/
2025-01-23 09:28:44,318 [INFO] RulesReader:64 - Compatibility file has been processed (297 Rules)
2025-01-23 09:28:44,376 [INFO] DbMcusXml:78 - Set database path to: C:\ST\STM32CubeIDE_1.14.1\STM32CubeIDE\plugins\com.st.stm32cube.common.mx_6.10.0.202311202037\\db\/mcu/
2025-01-23 09:28:44,376 [INFO] ApiDb:274 - Set plugin database path to: C:\ST\STM32CubeIDE_1.14.1\STM32CubeIDE\plugins\com.st.stm32cube.common.mx_6.10.0.202311202037\\db\/plugins/boardmanager/
2025-01-23 09:28:44,376 [INFO] ApiDb:261 - Set plugin images path to: C:\ST\STM32CubeIDE_1.14.1\STM32CubeIDE\plugins\com.st.stm32cube.common.mx_6.10.0.202311202037\\db\/plugins/mcufinder/images/
2025-01-23 09:28:44,376 [WARN] DbFile:41 - Overriding database path with different value: C:\Users\user\.stmcufinder\plugins\mcufinder/ => C:\Users\user\.stmcufinder\plugins\mcufinder
2025-01-23 09:28:44,376 [INFO] ApiDb:250 - Set database path to: C:\Users\user\.stmcufinder\plugins\mcufinder//mcu/
2025-01-23 09:28:44,376 [WARN] DbFile:41 - Overriding database path with different value: C:\Users\user\.stmcufinder\plugins\mcufinder/ => C:\Users\user\.stmcufinder\plugins\mcufinder
2025-01-23 09:28:44,376 [INFO] DbMcusAds:125 - Set database path to: C:\Users\user\.stmcufinder\plugins\mcufinder//mcu/
2025-01-23 09:28:44,376 [WARN] DbFile:41 - Overriding database path with different value: C:\Users\user\.stmcufinder\plugins\mcufinder/ => C:\Users\user\.stmcufinder\plugins\mcufinder
2025-01-23 09:28:44,376 [WARN] DbFile:41 - Overriding database path with different value: C:\Users\user\.stmcufinder\plugins\mcufinder/ => C:\Users\user\.stmcufinder\plugins\mcufinder
2025-01-23 09:28:44,376 [INFO] CrossReferenceDbSqlite:203 - Set database path to: C:\Users\user\.stmcufinder\plugins\mcufinder//mcu/cs/
2025-01-23 09:28:44,412 [INFO] MainPanel:264 - HeapMemory: 268435456
2025-01-23 09:28:44,459 [INFO] DbMcusXml:78 - Set database path to: C:\ST\STM32CubeIDE_1.14.1\STM32CubeIDE\plugins\com.st.stm32cube.common.mx_6.10.0.202311202037\\db\/mcu/
2025-01-23 09:28:44,459 [INFO] ApiDb:274 - Set plugin database path to: C:\ST\STM32CubeIDE_1.14.1\STM32CubeIDE\plugins\com.st.stm32cube.common.mx_6.10.0.202311202037\\db\/plugins/boardmanager/
2025-01-23 09:28:44,459 [INFO] ApiDb:261 - Set plugin images path to: C:\ST\STM32CubeIDE_1.14.1\STM32CubeIDE\plugins\com.st.stm32cube.common.mx_6.10.0.202311202037\\db\/plugins/mcufinder/images/
2025-01-23 09:28:44,459 [WARN] DbFile:41 - Overriding database path with different value: C:\Users\user\.stmcufinder\plugins\mcufinder/ => C:\Users\user\.stmcufinder\plugins\mcufinder
2025-01-23 09:28:44,459 [INFO] ApiDb:250 - Set database path to: C:\Users\user\.stmcufinder\plugins\mcufinder//mcu/
2025-01-23 09:28:44,459 [WARN] DbFile:41 - Overriding database path with different value: C:\Users\user\.stmcufinder\plugins\mcufinder/ => C:\Users\user\.stmcufinder\plugins\mcufinder
2025-01-23 09:28:44,459 [INFO] DbMcusAds:125 - Set database path to: C:\Users\user\.stmcufinder\plugins\mcufinder//mcu/
2025-01-23 09:28:44,459 [WARN] DbFile:41 - Overriding database path with different value: C:\Users\user\.stmcufinder\plugins\mcufinder/ => C:\Users\user\.stmcufinder\plugins\mcufinder
2025-01-23 09:28:44,459 [WARN] DbFile:41 - Overriding database path with different value: C:\Users\user\.stmcufinder\plugins\mcufinder/ => C:\Users\user\.stmcufinder\plugins\mcufinder
2025-01-23 09:28:44,459 [INFO] CrossReferenceDbSqlite:203 - Set database path to: C:\Users\user\.stmcufinder\plugins\mcufinder//mcu/cs/
2025-01-23 09:28:44,476 [INFO] ApplicationProperties:184 - Using Application install path: C:\ST\STM32CubeIDE_1.14.1\STM32CubeIDE\plugins\com.st.stm32cube.common.mx_6.10.0.202311202037
2025-01-23 09:28:44,476 [INFO] PluginManage:196 - Search for loadable plugins [exclusion list=, ]
2025-01-23 09:28:44,476 [INFO] PluginManage:310 - Check plugin analytics
2025-01-23 09:28:44,576 [INFO] AnalyticsPlugin:253 - Accepted Software Licenses: 
2025-01-23 09:28:44,576 [INFO] AnalyticsPlugin:255 - Accepted CMSIS Pack Licenses: 
2025-01-23 09:28:44,576 [INFO] AnalyticsPlugin:257 - Accepted Firmware Licenses: FW.F4.1.28.0
2025-01-23 09:28:44,585 [INFO] PluginManage:359 - Loaded plugin analytics (category:tool,tabindex:-1)
2025-01-23 09:28:44,585 [INFO] PluginManage:310 - Check plugin cadmodel
2025-01-23 09:28:44,585 [INFO] CADModel:105 - Init CAD model plugin
2025-01-23 09:28:44,585 [INFO] PluginManage:359 - Loaded plugin cadmodel (category:power,tabindex:5)
2025-01-23 09:28:44,585 [INFO] PluginManage:310 - Check plugin clock
2025-01-23 09:28:44,600 [INFO] PluginManage:359 - Loaded plugin clock (category:base,tabindex:2)
2025-01-23 09:28:44,600 [INFO] PluginManage:310 - Check plugin ddr
2025-01-23 09:28:44,600 [INFO] PluginManage:359 - Loaded plugin ddr (category:tool,tabindex:6)
2025-01-23 09:28:44,600 [INFO] PluginManage:310 - Check plugin filemanager
2025-01-23 09:28:44,687 [INFO] PluginManage:359 - Loaded plugin filemanager (category:base,tabindex:10)
2025-01-23 09:28:44,687 [INFO] PluginManage:310 - Check plugin ipmanager
2025-01-23 09:28:44,702 [INFO] PluginManage:359 - Loaded plugin ipmanager (category:base,tabindex:5)
2025-01-23 09:28:44,702 [INFO] PluginManage:310 - Check plugin lpbam
2025-01-23 09:28:44,702 [INFO] PluginManage:359 - Loaded plugin lpbam (category:base,tabindex:0)
2025-01-23 09:28:44,702 [INFO] PluginManage:310 - Check plugin memorymap
2025-01-23 09:28:44,718 [INFO] PluginManage:359 - Loaded plugin memorymap (category:base,tabindex:4)
2025-01-23 09:28:44,718 [INFO] PluginManage:310 - Check plugin pinoutandconfiguration
2025-01-23 09:28:44,733 [INFO] PluginManage:359 - Loaded plugin pinoutandconfiguration (category:base,tabindex:1)
2025-01-23 09:28:44,733 [INFO] PluginManage:310 - Check plugin pinoutconfig
2025-01-23 09:28:44,781 [WARN] SupportedApi:132 - Cannot load RTOS API schema: s4s-elt-must-match.1: The content of 'definitions' must match (annotation?, (simpleType | complexType)?, (unique | key | keyref)*)). A problem was found starting at: attribute.
2025-01-23 09:28:44,844 [INFO] PluginManage:359 - Loaded plugin pinoutconfig (category:base,tabindex:0)
2025-01-23 09:28:44,844 [INFO] PluginManage:310 - Check plugin power
2025-01-23 09:28:44,844 [INFO] PluginManage:359 - Loaded plugin power (category:power,tabindex:4)
2025-01-23 09:28:44,844 [INFO] PluginManage:310 - Check plugin projectmanager
2025-01-23 09:28:44,859 [INFO] PluginManage:359 - Loaded plugin projectmanager (category:projectmanager,tabindex:3)
2025-01-23 09:28:44,859 [INFO] PluginManage:310 - Check plugin thirdparty
2025-01-23 09:28:45,000 [INFO] PluginManage:359 - Loaded plugin thirdparty (category:base,tabindex:-1)
2025-01-23 09:28:45,000 [WARN] IntegrityCheckThread:84 - waiting for thirdparty lock release [integrity check]
2025-01-23 09:28:45,003 [INFO] PluginManage:310 - Check plugin tools
2025-01-23 09:28:45,003 [INFO] IntegrityCheckThread:86 - entering critical section [integrity check]
2025-01-23 09:28:45,003 [INFO] ThirdPartyUpdaterWithRetryManager:70 - Updater plugin not ready yet. [1/15]
2025-01-23 09:28:45,019 [INFO] PluginManage:359 - Loaded plugin tools (category:base,tabindex:7)
2025-01-23 09:28:45,019 [INFO] PluginManage:310 - Check plugin tutovideos
2025-01-23 09:28:45,113 [INFO] PluginManage:359 - Loaded plugin tutovideos (category:base,tabindex:-1)
2025-01-23 09:28:45,113 [INFO] PluginManage:310 - Check plugin updater
2025-01-23 09:28:45,129 [INFO] PluginManage:359 - Loaded plugin updater (category:base,tabindex:12)
2025-01-23 09:28:45,129 [INFO] PluginManage:310 - Check plugin userauth
2025-01-23 09:28:45,129 [INFO] UserAuth:114 - Init User Auth plugin
2025-01-23 09:28:45,129 [INFO] PluginManage:359 - Loaded plugin userauth (category:base,tabindex:14)
2025-01-23 09:28:45,129 [INFO] PluginManage:283 - PluginManage : Loaded plugins [17]
2025-01-23 09:28:45,246 [INFO] PinOutPanel:1499 - setPackage(No Configuration,No Configuration)
2025-01-23 09:28:45,278 [INFO] CADModel:165 - CPN selected for project level
2025-01-23 09:28:45,278 [INFO] CADModel:114 - Register for checkConnection events
2025-01-23 09:28:45,293 [INFO] IPUIPlugin:80 - create IPUIPlugin
2025-01-23 09:28:45,293 [INFO] PluginManager:220 - loadIPPluginJar : add adc
2025-01-23 09:28:45,309 [INFO] IPUIPlugin:80 - create IPUIPlugin
2025-01-23 09:28:45,309 [INFO] PluginManager:220 - loadIPPluginJar : add aes
2025-01-23 09:28:45,324 [INFO] IPUIPlugin:80 - create IPUIPlugin
2025-01-23 09:28:45,324 [INFO] PluginManager:220 - loadIPPluginJar : add can
2025-01-23 09:28:45,340 [INFO] IPUIPlugin:80 - create IPUIPlugin
2025-01-23 09:28:45,340 [INFO] PluginManager:220 - loadIPPluginJar : add comp
2025-01-23 09:28:45,356 [INFO] IPUIPlugin:80 - create IPUIPlugin
2025-01-23 09:28:45,356 [INFO] PluginManager:220 - loadIPPluginJar : add cryp
2025-01-23 09:28:45,371 [INFO] IPUIPlugin:80 - create IPUIPlugin
2025-01-23 09:28:45,371 [INFO] PluginManager:220 - loadIPPluginJar : add dfsdm
2025-01-23 09:28:45,377 [INFO] IPUIPlugin:80 - create IPUIPlugin
2025-01-23 09:28:45,377 [INFO] PluginManager:220 - loadIPPluginJar : add dma
2025-01-23 09:28:45,403 [INFO] IPUIPlugin:80 - create IPUIPlugin
2025-01-23 09:28:45,403 [INFO] PluginManager:220 - loadIPPluginJar : add dma3
2025-01-23 09:28:45,403 [INFO] IPUIPlugin:80 - create IPUIPlugin
2025-01-23 09:28:45,403 [INFO] PluginManager:220 - loadIPPluginJar : add fatfs
2025-01-23 09:28:45,434 [INFO] IPUIPlugin:80 - create IPUIPlugin
2025-01-23 09:28:45,434 [INFO] PluginManager:220 - loadIPPluginJar : add fmc
2025-01-23 09:28:45,434 [INFO] IPUIPlugin:80 - create IPUIPlugin
2025-01-23 09:28:45,434 [INFO] PluginManager:220 - loadIPPluginJar : add freertos
2025-01-23 09:28:45,450 [INFO] IPUIPlugin:80 - create IPUIPlugin
2025-01-23 09:28:45,450 [INFO] PluginManager:220 - loadIPPluginJar : add genericplugin
2025-01-23 09:28:45,497 [INFO] IPUIPlugin:80 - create IPUIPlugin
2025-01-23 09:28:45,497 [INFO] PluginManager:220 - loadIPPluginJar : add gfxmmu
2025-01-23 09:28:45,560 [INFO] IPUIPlugin:80 - create IPUIPlugin
2025-01-23 09:28:45,560 [INFO] PluginManager:220 - loadIPPluginJar : add gic
2025-01-23 09:28:45,560 [INFO] IPUIPlugin:80 - create IPUIPlugin
2025-01-23 09:28:45,560 [INFO] PluginManager:220 - loadIPPluginJar : add gpio
2025-01-23 09:28:45,608 [INFO] IPUIPlugin:80 - create IPUIPlugin
2025-01-23 09:28:45,608 [INFO] PluginManager:220 - loadIPPluginJar : add gtzc
2025-01-23 09:28:45,623 [INFO] IPUIPlugin:80 - create IPUIPlugin
2025-01-23 09:28:45,623 [INFO] PluginManager:220 - loadIPPluginJar : add hash
2025-01-23 09:28:45,654 [INFO] IPUIPlugin:80 - create IPUIPlugin
2025-01-23 09:28:45,654 [INFO] PluginManager:220 - loadIPPluginJar : add i2c
2025-01-23 09:28:45,670 [INFO] IPUIPlugin:80 - create IPUIPlugin
2025-01-23 09:28:45,670 [INFO] PluginManager:220 - loadIPPluginJar : add i2s
2025-01-23 09:28:45,686 [INFO] IPUIPlugin:80 - create IPUIPlugin
2025-01-23 09:28:45,686 [INFO] PluginManager:220 - loadIPPluginJar : add i3c
2025-01-23 09:28:45,733 [INFO] IPUIPlugin:80 - create IPUIPlugin
2025-01-23 09:28:45,733 [INFO] PluginManager:220 - loadIPPluginJar : add ipddr
2025-01-23 09:28:45,780 [INFO] IPUIPlugin:80 - create IPUIPlugin
2025-01-23 09:28:45,780 [INFO] PluginManager:220 - loadIPPluginJar : add linkedlist
2025-01-23 09:28:45,796 [INFO] IPUIPlugin:80 - create IPUIPlugin
2025-01-23 09:28:45,796 [INFO] PluginManager:220 - loadIPPluginJar : add lorawan
2025-01-23 09:28:45,812 [INFO] IPUIPlugin:80 - create IPUIPlugin
2025-01-23 09:28:45,812 [INFO] PluginManager:220 - loadIPPluginJar : add ltdc
2025-01-23 09:28:45,812 [INFO] IPUIPlugin:80 - create IPUIPlugin
2025-01-23 09:28:45,827 [INFO] PluginManager:220 - loadIPPluginJar : add mdma
2025-01-23 09:28:45,827 [INFO] IPUIPlugin:80 - create IPUIPlugin
2025-01-23 09:28:45,827 [INFO] PluginManager:220 - loadIPPluginJar : add nvic
2025-01-23 09:28:45,843 [INFO] IPUIPlugin:80 - create IPUIPlugin
2025-01-23 09:28:45,843 [INFO] PluginManager:220 - loadIPPluginJar : add opamp
2025-01-23 09:28:45,878 [INFO] IPUIPlugin:80 - create IPUIPlugin
2025-01-23 09:28:45,878 [INFO] PluginManager:220 - loadIPPluginJar : add openamp
2025-01-23 09:28:45,890 [INFO] IPUIPlugin:80 - create IPUIPlugin
2025-01-23 09:28:45,890 [INFO] PluginManager:220 - loadIPPluginJar : add pdm2pcm
2025-01-23 09:28:45,906 [INFO] IPUIPlugin:80 - create IPUIPlugin
2025-01-23 09:28:45,906 [INFO] PluginManager:220 - loadIPPluginJar : add plateformsettings
2025-01-23 09:28:45,906 [INFO] IPUIPlugin:80 - create IPUIPlugin
2025-01-23 09:28:45,906 [INFO] PluginManager:220 - loadIPPluginJar : add quadspi
2025-01-23 09:28:45,921 [INFO] IPUIPlugin:80 - create IPUIPlugin
2025-01-23 09:28:45,921 [INFO] PluginManager:220 - loadIPPluginJar : add resmgrutility
2025-01-23 09:28:45,937 [INFO] IPUIPlugin:80 - create IPUIPlugin
2025-01-23 09:28:45,937 [INFO] PluginManager:220 - loadIPPluginJar : add sai
2025-01-23 09:28:45,953 [INFO] IPUIPlugin:80 - create IPUIPlugin
2025-01-23 09:28:45,953 [INFO] PluginManager:220 - loadIPPluginJar : add spi
2025-01-23 09:28:45,984 [INFO] IPUIPlugin:80 - create IPUIPlugin
2025-01-23 09:28:45,984 [INFO] PluginManager:220 - loadIPPluginJar : add stm32_wpan
2025-01-23 09:28:46,000 [INFO] IPUIPlugin:80 - create IPUIPlugin
2025-01-23 09:28:46,000 [INFO] PluginManager:220 - loadIPPluginJar : add tim
2025-01-23 09:28:46,031 [INFO] IPUIPlugin:80 - create IPUIPlugin
2025-01-23 09:28:46,031 [INFO] PluginManager:220 - loadIPPluginJar : add touchsensing
2025-01-23 09:28:46,031 [INFO] IPUIPlugin:80 - create IPUIPlugin
2025-01-23 09:28:46,031 [INFO] PluginManager:220 - loadIPPluginJar : add tracer_emb
2025-01-23 09:28:46,047 [INFO] IPUIPlugin:80 - create IPUIPlugin
2025-01-23 09:28:46,047 [INFO] PluginManager:220 - loadIPPluginJar : add ts
2025-01-23 09:28:46,047 [INFO] IPUIPlugin:80 - create IPUIPlugin
2025-01-23 09:28:46,063 [INFO] PluginManager:220 - loadIPPluginJar : add tsc
2025-01-23 09:28:46,063 [INFO] IPUIPlugin:80 - create IPUIPlugin
2025-01-23 09:28:46,063 [INFO] PluginManager:220 - loadIPPluginJar : add ucpd
2025-01-23 09:28:46,078 [INFO] IPUIPlugin:80 - create IPUIPlugin
2025-01-23 09:28:46,078 [INFO] PluginManager:220 - loadIPPluginJar : add usart
2025-01-23 09:28:46,109 [INFO] IPUIPlugin:80 - create IPUIPlugin
2025-01-23 09:28:46,109 [INFO] PluginManager:220 - loadIPPluginJar : add usbx
2025-01-23 09:28:46,214 [INFO] CADModel:165 - CPN selected for project level
2025-01-23 09:28:46,214 [INFO] CADModel:114 - Register for checkConnection events
2025-01-23 09:28:46,214 [FATAL] Updater:308 - Updater called before beeing initialized
2025-01-23 09:28:46,214 [ERROR] CADModel:125 - Updater not yet initialized, retry later 
2025-01-23 09:28:46,298 [INFO] CADModel:165 - CPN selected for project level
2025-01-23 09:28:46,298 [INFO] CADModel:114 - Register for checkConnection events
2025-01-23 09:28:46,298 [FATAL] Updater:308 - Updater called before beeing initialized
2025-01-23 09:28:46,298 [ERROR] CADModel:125 - Updater not yet initialized, retry later 
2025-01-23 09:28:46,298 [FATAL] Updater:308 - Updater called before beeing initialized
2025-01-23 09:28:46,349 [FATAL] Updater:308 - Updater called before beeing initialized
2025-01-23 09:28:46,360 [INFO] DbMcusAds:53 - JSON generation date=Wed Dec 18 01:01:15 KST 2024 (1734451275196)
2025-01-23 09:28:46,360 [FATAL] Updater:308 - Updater called before beeing initialized
2025-01-23 09:28:46,392 [WARN] DetailPanel:346 - Failed to get advertising image, set to default
2025-01-23 09:28:46,439 [FATAL] Updater:308 - Updater called before beeing initialized
2025-01-23 09:28:46,455 [FATAL] Updater:308 - Updater called before beeing initialized
2025-01-23 09:28:46,455 [FATAL] Updater:308 - Updater called before beeing initialized
2025-01-23 09:28:46,455 [WARN] DetailPanel:346 - Failed to get advertising image, set to default
2025-01-23 09:28:46,455 [FATAL] Updater:308 - Updater called before beeing initialized
2025-01-23 09:28:46,480 [ERROR] Updater:1120 - MainUpdater not yet initialized. External WinMGr cannot be set.
2025-01-23 09:28:46,495 [INFO] Updater:1056 - Updater Version found : 6.10.0
2025-01-23 09:28:46,495 [INFO] ApplicationProperties:184 - Using Application install path: C:\ST\STM32CubeIDE_1.14.1\STM32CubeIDE\plugins\com.st.stm32cube.common.mx_6.10.0.202311202037
2025-01-23 09:28:47,249 [INFO] MainUpdater:2873 - connection check result : 10
2025-01-23 09:28:47,257 [INFO] MainUpdater:290 - Updater Check For Update Now.
2025-01-23 09:28:47,257 [INFO] MicroXplorer:498 - Change Database Version : DB.6.0.100
2025-01-23 09:28:47,265 [INFO] McuFinderGlobals:63 - Set McuFinder mode to 2 (CubeIDE integrated)
2025-01-23 09:28:47,457 [INFO] CheckServerUpdateThread:120 - End of CheckServer Thread
2025-01-23 09:28:47,680 [INFO] UserAuth:404 - Internet connection configuration mode: 1
2025-01-23 09:28:47,693 [INFO] JxBrowserEngine:152 - Initiate JxBrowser Engine with user profile folder
2025-01-23 09:28:48,101 [WARN] PackLoader:240 - Cannot read IP mode file for STMicroelectronics.FP-SNS-MOTENVWB1.1.4.0
2025-01-23 09:28:48,117 [WARN] PackLoader:240 - Cannot read IP mode file for STMicroelectronics.FP-ATR-ASTRA1.2.0.1
2025-01-23 09:28:48,117 [WARN] PackLoader:240 - Cannot read IP mode file for STMicroelectronics.X-CUBE-SMBUS.2.1.0
2025-01-23 09:28:48,132 [WARN] PackLoader:240 - Cannot read IP mode file for STMicroelectronics.X-CUBE-WB05N.1.1.0
2025-01-23 09:28:48,164 [WARN] PackLoader:240 - Cannot read IP mode file for STMicroelectronics.X-CUBE-AZRTOS-F7.1.1.0
2025-01-23 09:28:48,195 [WARN] PackLoader:240 - Cannot read IP mode file for STMicroelectronics.X-CUBE-MEMS1.11.0.0
2025-01-23 09:28:48,290 [WARN] PackLoader:240 - Cannot read IP mode file for STMicroelectronics.FP-SNS-FLIGHT1.5.0.2
2025-01-23 09:28:48,290 [WARN] PackLoader:240 - Cannot read IP mode file for STMicroelectronics.X-CUBE-DISPLAY.3.0.0
2025-01-23 09:28:48,305 [WARN] PackLoader:240 - Cannot read IP mode file for STMicroelectronics.X-CUBE-BLE1.7.0.0
2025-01-23 09:28:48,321 [WARN] PackLoader:240 - Cannot read IP mode file for STMicroelectronics.X-CUBE-NFC10.1.0.0
2025-01-23 09:28:48,321 [WARN] PackLoader:240 - Cannot read IP mode file for STMicroelectronics.X-CUBE-BLEMGR.4.0.0
2025-01-23 09:28:48,337 [WARN] PackLoader:240 - Cannot read IP mode file for emotas.I-CUBE-CANOPEN.1.3.0
2025-01-23 09:28:48,352 [WARN] PackLoader:240 - Cannot read IP mode file for STMicroelectronics.X-CUBE-BLEMGR.3.1.0
2025-01-23 09:28:48,368 [WARN] PackLoader:240 - Cannot read IP mode file for STMicroelectronics.FP-SNS-SMARTAG2.1.2.0
2025-01-23 09:28:48,400 [WARN] PackLoader:240 - Cannot read IP mode file for STMicroelectronics.X-CUBE-MEMS1.11.1.0
2025-01-23 09:28:48,478 [INFO] LogOutputStream:77 - [STDOUT_REDIRECT] 1 : Invalid condition id : UX_CORESTACK_Condition cause : null
2025-01-23 09:28:48,478 [INFO] LogOutputStream:77 - [STDOUT_REDIRECT] 1 : Invalid condition id : UX_CORESTACK_Condition cause : null
2025-01-23 09:28:48,478 [INFO] LogOutputStream:77 - [STDOUT_REDIRECT] 1 : Invalid condition id : UX_CORESTACK_Condition cause : null
2025-01-23 09:28:48,481 [INFO] LogOutputStream:77 - [STDOUT_REDIRECT] 1 : Invalid condition id : UX_CORESTACK_Condition cause : null
2025-01-23 09:28:48,481 [INFO] LogOutputStream:77 - [STDOUT_REDIRECT] 1 : Invalid condition id : UX_CORESTACK_Condition cause : null
2025-01-23 09:28:48,481 [WARN] PackLoader:240 - Cannot read IP mode file for STMicroelectronics.X-CUBE-AZRTOS-WL.2.0.0
2025-01-23 09:28:48,494 [WARN] PackLoader:240 - Cannot read IP mode file for STMicroelectronics.FP-SNS-MOTENV1.5.0.0
2025-01-23 09:28:48,494 [WARN] PackLoader:240 - Cannot read IP mode file for wolfSSL.I-CUBE-wolfMQTT.1.19.0
2025-01-23 09:28:48,509 [WARN] PackLoader:240 - Cannot read IP mode file for WES.I-CUBE-Cesium.1.3.0
2025-01-23 09:28:48,525 [WARN] PackLoader:240 - Cannot read IP mode file for STMicroelectronics.X-CUBE-BLE2.3.3.0
2025-01-23 09:28:48,528 [WARN] PackLoader:240 - Cannot read IP mode file for STMicroelectronics.X-CUBE-NFC9.1.0.0
2025-01-23 09:28:48,544 [WARN] PackLoader:240 - Cannot read IP mode file for STMicroelectronics.X-CUBE-TCPP.4.1.0
2025-01-23 09:28:48,559 [WARN] PackLoader:240 - Cannot read IP mode file for STMicroelectronics.X-CUBE-AZRTOS-G0.1.1.0
2025-01-23 09:28:48,575 [WARN] PackLoader:240 - Cannot read IP mode file for STMicroelectronics.X-CUBE-SAFEA1.1.2.2
2025-01-23 09:28:48,581 [WARN] PackLoader:240 - Cannot read IP mode file for STMicroelectronics.X-CUBE-NFC4.3.0.0
2025-01-23 09:28:48,591 [WARN] PackLoader:240 - Cannot read IP mode file for EmbeddedOffice.I-CUBE-FS-RTOS.1.0.1
2025-01-23 09:28:48,591 [ERROR] ConditionMgr:805 - Attr not supported : Dmpu
2025-01-23 09:28:48,591 [ERROR] ConditionMgr:805 - Attr not supported : Dmpu
2025-01-23 09:28:48,591 [ERROR] ConditionMgr:805 - Attr not supported : Dmpu
2025-01-23 09:28:48,591 [ERROR] ConditionMgr:805 - Attr not supported : Dmpu
2025-01-23 09:28:48,591 [ERROR] ConditionMgr:805 - Attr not supported : Dmpu
2025-01-23 09:28:48,591 [ERROR] ConditionMgr:805 - Attr not supported : Dmpu
2025-01-23 09:28:48,591 [ERROR] ConditionMgr:805 - Attr not supported : Dmpu
2025-01-23 09:28:48,591 [ERROR] ConditionMgr:805 - Attr not supported : Dmpu
2025-01-23 09:28:48,591 [ERROR] ConditionMgr:805 - Attr not supported : Dmpu
2025-01-23 09:28:48,591 [ERROR] ConditionMgr:805 - Attr not supported : Dmpu
2025-01-23 09:28:48,591 [ERROR] ConditionMgr:805 - Attr not supported : Dmpu
2025-01-23 09:28:48,591 [ERROR] ConditionMgr:805 - Attr not supported : Dmpu
2025-01-23 09:28:48,591 [ERROR] ConditionMgr:805 - Attr not supported : Dmpu
2025-01-23 09:28:48,591 [ERROR] ConditionMgr:805 - Attr not supported : Dmpu
2025-01-23 09:28:48,591 [ERROR] ConditionMgr:805 - Attr not supported : Dmpu
2025-01-23 09:28:48,591 [ERROR] ConditionMgr:805 - Attr not supported : Dmpu
2025-01-23 09:28:48,591 [ERROR] ConditionMgr:805 - Attr not supported : Dmpu
2025-01-23 09:28:48,591 [ERROR] ConditionMgr:805 - Attr not supported : Dmpu
2025-01-23 09:28:48,591 [ERROR] ConditionMgr:805 - Attr not supported : Dmpu
2025-01-23 09:28:48,591 [ERROR] ConditionMgr:805 - Attr not supported : Dmpu
2025-01-23 09:28:48,591 [ERROR] ConditionMgr:805 - Attr not supported : Dmpu
2025-01-23 09:28:48,591 [ERROR] ConditionMgr:805 - Attr not supported : Dmpu
2025-01-23 09:28:48,591 [ERROR] ConditionMgr:805 - Attr not supported : Dmpu
2025-01-23 09:28:48,591 [ERROR] ConditionMgr:805 - Attr not supported : Dmpu
2025-01-23 09:28:48,591 [ERROR] ConditionMgr:805 - Attr not supported : Dmpu
2025-01-23 09:28:48,591 [ERROR] ConditionMgr:805 - Attr not supported : Dmpu
2025-01-23 09:28:48,591 [ERROR] ConditionMgr:805 - Attr not supported : Dmpu
2025-01-23 09:28:48,591 [ERROR] ConditionMgr:805 - Attr not supported : Dmpu
2025-01-23 09:28:48,591 [ERROR] ConditionMgr:805 - Attr not supported : Dmpu
2025-01-23 09:28:48,591 [ERROR] ConditionMgr:805 - Attr not supported : Dmpu
2025-01-23 09:28:48,591 [ERROR] ConditionMgr:805 - Attr not supported : Dmpu
2025-01-23 09:28:48,591 [ERROR] ConditionMgr:805 - Attr not supported : Dmpu
2025-01-23 09:28:48,591 [ERROR] ConditionMgr:805 - Attr not supported : Dmpu
2025-01-23 09:28:48,591 [ERROR] ConditionMgr:805 - Attr not supported : Dmpu
2025-01-23 09:28:48,591 [ERROR] ConditionMgr:805 - Attr not supported : Dmpu
2025-01-23 09:28:48,591 [ERROR] ConditionMgr:805 - Attr not supported : Dmpu
2025-01-23 09:28:48,591 [ERROR] ConditionMgr:805 - Attr not supported : Dmpu
2025-01-23 09:28:48,591 [ERROR] ConditionMgr:805 - Attr not supported : Dmpu
2025-01-23 09:28:48,591 [ERROR] ConditionMgr:805 - Attr not supported : Dmpu
2025-01-23 09:28:48,591 [ERROR] ConditionMgr:805 - Attr not supported : Dmpu
2025-01-23 09:28:48,591 [ERROR] ConditionMgr:805 - Attr not supported : Dmpu
2025-01-23 09:28:48,591 [ERROR] ConditionMgr:805 - Attr not supported : Dmpu
2025-01-23 09:28:48,591 [ERROR] ConditionMgr:805 - Attr not supported : Dmpu
2025-01-23 09:28:48,591 [ERROR] ConditionMgr:805 - Attr not supported : Dmpu
2025-01-23 09:28:48,591 [ERROR] ConditionMgr:805 - Attr not supported : Dmpu
2025-01-23 09:28:48,591 [ERROR] ConditionMgr:805 - Attr not supported : Dmpu
2025-01-23 09:28:48,591 [ERROR] ConditionMgr:805 - Attr not supported : Dmpu
2025-01-23 09:28:48,591 [ERROR] ConditionMgr:805 - Attr not supported : Dmpu
2025-01-23 09:28:48,591 [ERROR] ConditionMgr:805 - Attr not supported : Dmpu
2025-01-23 09:28:48,591 [ERROR] ConditionMgr:805 - Attr not supported : Dmpu
2025-01-23 09:28:48,591 [ERROR] ConditionMgr:805 - Attr not supported : Dmpu
2025-01-23 09:28:48,591 [ERROR] ConditionMgr:805 - Attr not supported : Dmpu
2025-01-23 09:28:48,591 [ERROR] ConditionMgr:805 - Attr not supported : Dmpu
2025-01-23 09:28:48,591 [ERROR] ConditionMgr:805 - Attr not supported : Dmpu
2025-01-23 09:28:48,591 [ERROR] ConditionMgr:805 - Attr not supported : Dmpu
2025-01-23 09:28:48,591 [ERROR] ConditionMgr:805 - Attr not supported : Dmpu
2025-01-23 09:28:48,591 [ERROR] ConditionMgr:805 - Attr not supported : Dmpu
2025-01-23 09:28:48,591 [ERROR] ConditionMgr:805 - Attr not supported : Dmpu
2025-01-23 09:28:48,591 [ERROR] ConditionMgr:805 - Attr not supported : Dmpu
2025-01-23 09:28:48,591 [ERROR] ConditionMgr:805 - Attr not supported : Dmpu
2025-01-23 09:28:48,591 [ERROR] ConditionMgr:805 - Attr not supported : Dmpu
2025-01-23 09:28:48,591 [ERROR] ConditionMgr:805 - Attr not supported : Dmpu
2025-01-23 09:28:48,591 [ERROR] ConditionMgr:805 - Attr not supported : Dmpu
2025-01-23 09:28:48,591 [ERROR] ConditionMgr:805 - Attr not supported : Dmpu
2025-01-23 09:28:48,606 [ERROR] Engine:466 - C:\Users\user\.stm32cubemx\thirdparties\pdsc\STMicroelectronics.X-CUBE-TCPP.4.2.0.pdsc: PDSC version is not supported
2025-01-23 09:28:48,606 [WARN] PackLoader:240 - Cannot read IP mode file for RealThread.X-CUBE-RT-Thread_Nano.4.1.1
2025-01-23 09:28:48,622 [WARN] PackLoader:240 - Cannot read IP mode file for STMicroelectronics.FP-ATR-SIGFOX1.3.2.0
2025-01-23 09:28:48,638 [WARN] ConditionMgr:438 - getConditionDescription Invalid condition id : Cortex-A Device cause : null
2025-01-23 09:28:48,653 [WARN] ConditionMgr:1039 - genDependencies : Invalid condition id : Cortex-A Device cause : null
2025-01-23 09:28:48,653 [WARN] ConditionMgr:1039 - genDependencies : Invalid condition id : Cortex-A Device cause : null
2025-01-23 09:28:48,653 [WARN] ConditionMgr:1039 - genDependencies : Invalid condition id : Cortex-A Device cause : null
2025-01-23 09:28:48,653 [WARN] PackLoader:240 - Cannot read IP mode file for STMicroelectronics.X-CUBE-EEPRMA1.5.1.0
2025-01-23 09:28:48,669 [WARN] PackLoader:240 - Cannot read IP mode file for wolfSSL.I-CUBE-wolfSSL.5.7.4
2025-01-23 09:28:48,685 [WARN] PackLoader:240 - Cannot read IP mode file for ITTIA_DB.I-CUBE-ITTIADB.8.9.0
2025-01-23 09:28:48,701 [WARN] PackLoader:240 - Cannot read IP mode file for SEGGER.I-CUBE-embOS.1.3.1
2025-01-23 09:28:48,732 [WARN] PackLoader:240 - Cannot read IP mode file for STMicroelectronics.X-CUBE-ALGOBUILD.1.4.0
2025-01-23 09:28:48,747 [WARN] PackLoader:240 - Cannot read IP mode file for STMicroelectronics.X-CUBE-AI.9.1.0
2025-01-23 09:28:48,763 [WARN] PackLoader:240 - Cannot read IP mode file for STMicroelectronics.X-CUBE-AZRTOS-F4.1.1.0
2025-01-23 09:28:48,763 [WARN] PackLoader:240 - Cannot read IP mode file for STMicroelectronics.X-CUBE-ISPU.2.1.0
2025-01-23 09:28:48,781 [WARN] PackLoader:240 - Cannot read IP mode file for STMicroelectronics.X-CUBE-FREERTOS.1.2.0
2025-01-23 09:28:48,795 [WARN] PackLoader:240 - Cannot read IP mode file for STMicroelectronics.X-CUBE-AZRTOS-L5.2.0.0
2025-01-23 09:28:48,810 [WARN] PackLoader:240 - Cannot read IP mode file for STMicroelectronics.X-CUBE-NFC6.3.1.0
2025-01-23 09:28:48,810 [WARN] PackLoader:240 - Cannot read IP mode file for STMicroelectronics.X-CUBE-DPower.1.2.0
2025-01-23 09:28:48,826 [WARN] PackLoader:240 - Cannot read IP mode file for STMicroelectronics.X-CUBE-FREERTOS.1.3.0
2025-01-23 09:28:48,826 [WARN] PackLoader:240 - Cannot read IP mode file for STMicroelectronics.X-CUBE-NFC7.1.0.1
2025-01-23 09:28:48,841 [WARN] ConditionMgr:438 - getConditionDescription Invalid condition id : LAN8742 Phy interface Condition cause : null
2025-01-23 09:28:48,841 [WARN] PackLoader:240 - Cannot read IP mode file for STMicroelectronics.X-CUBE-AZRTOS-L4.2.0.0
2025-01-23 09:28:48,841 [WARN] ConditionMgr:1039 - genDependencies : Invalid condition id : LAN8742 Phy interface Condition cause : null
2025-01-23 09:28:48,841 [WARN] ConditionMgr:1039 - genDependencies : Invalid condition id : LAN8742 Phy interface Condition cause : null
2025-01-23 09:28:48,841 [WARN] ConditionMgr:1039 - genDependencies : Invalid condition id : LAN8742 Phy interface Condition cause : null
2025-01-23 09:28:48,857 [WARN] PackLoader:240 - Cannot read IP mode file for STMicroelectronics.X-CUBE-SFXS2LP1.4.0.0
2025-01-23 09:28:48,873 [WARN] PackLoader:240 - Cannot read IP mode file for STMicroelectronics.X-CUBE-AZRTOS-H7.3.3.0
2025-01-23 09:28:48,881 [WARN] PackLoader:240 - Cannot read IP mode file for STMicroelectronics.X-CUBE-IPS.3.0.0
2025-01-23 09:28:48,904 [WARN] ConditionMgr:438 - getConditionDescription Invalid condition id : UX DEVICE CLASS RTOS Condition cause : null
2025-01-23 09:28:48,904 [WARN] ConditionMgr:438 - getConditionDescription Invalid condition id : UX DEVICE CLASS RTOS Condition cause : null
2025-01-23 09:28:48,904 [WARN] PackLoader:240 - Cannot read IP mode file for STMicroelectronics.X-CUBE-AZRTOS-WB.2.0.0
2025-01-23 09:28:48,904 [WARN] ConditionMgr:1039 - genDependencies : Invalid condition id : UX DEVICE CLASS RTOS Condition cause : null
2025-01-23 09:28:48,904 [WARN] ConditionMgr:1039 - genDependencies : Invalid condition id : UX DEVICE CLASS RTOS Condition cause : null
2025-01-23 09:28:48,904 [WARN] ConditionMgr:1039 - genDependencies : Invalid condition id : UX DEVICE CLASS RTOS Condition cause : null
2025-01-23 09:28:48,904 [WARN] ConditionMgr:1039 - genDependencies : Invalid condition id : UX DEVICE CLASS RTOS Condition cause : null
2025-01-23 09:28:48,904 [WARN] ConditionMgr:1039 - genDependencies : Invalid condition id : UX DEVICE CLASS RTOS Condition cause : null
2025-01-23 09:28:48,920 [WARN] PackLoader:240 - Cannot read IP mode file for STMicroelectronics.X-CUBE-GNSS1.7.0.0
2025-01-23 09:28:48,936 [WARN] PackLoader:240 - Cannot read IP mode file for STMicroelectronics.X-CUBE-GNSS1.7.0.1
2025-01-23 09:28:48,936 [WARN] PackLoader:240 - Cannot read IP mode file for STMicroelectronics.FP-SNS-STBOX1.2.0.0
2025-01-23 09:28:48,951 [WARN] PackLoader:240 - Cannot read IP mode file for STMicroelectronics.X-CUBE-SUBG2.5.0.0
2025-01-23 09:28:48,951 [WARN] PackLoader:240 - Cannot read IP mode file for Cesanta.I-CUBE-Mongoose.7.13.0
2025-01-23 09:28:48,967 [WARN] PackLoader:240 - Cannot read IP mode file for STMicroelectronics.X-CUBE-AZRTOS-G4.2.0.0
2025-01-23 09:28:48,983 [ERROR] Engine:466 - C:\Users\user\.stm32cubemx\thirdparties\pdsc\STMicroelectronics.X-CUBE-IPS.3.1.0.pdsc: PDSC version is not supported
2025-01-23 09:28:48,983 [WARN] PackLoader:240 - Cannot read IP mode file for STMicroelectronics.X-CUBE-ALS.1.0.2
2025-01-23 09:28:48,999 [WARN] PackLoader:240 - Cannot read IP mode file for STMicroelectronics.X-CUBE-TOUCHGFX.4.24.2
2025-01-23 09:28:48,999 [WARN] PackLoader:240 - Cannot read IP mode file for STMicroelectronics.X-CUBE-TOUCHGFX.4.24.1
2025-01-23 09:28:49,014 [WARN] PackLoader:240 - Cannot read IP mode file for wolfSSL.I-CUBE-wolfTPM.3.4.0
2025-01-23 09:28:49,014 [WARN] PackLoader:240 - Cannot read IP mode file for portGmbH.I-Cube-SoM-uGOAL.1.1.0
2025-01-23 09:28:49,030 [WARN] PackLoader:240 - Cannot read IP mode file for STMicroelectronics.X-CUBE-AZRTOS-H7RS.1.0.0
2025-01-23 09:28:49,045 [WARN] PackLoader:240 - Cannot read IP mode file for STMicroelectronics.X-CUBE-TOF1.3.4.2
2025-01-23 09:28:49,061 [WARN] PackLoader:240 - Cannot read IP mode file for Infineon.AIROC-Wi-Fi-Bluetooth-STM32.1.6.1
2025-01-23 09:28:49,082 [WARN] PackLoader:240 - Cannot read IP mode file for wolfSSL.I-CUBE-wolfSSH.1.4.17
2025-01-23 09:28:49,082 [INFO] ThirdParty:978 - Integrity check success = true
2025-01-23 09:28:49,082 [INFO] IntegrityCheckThread:100 - exiting critical section [integrity check]
2025-01-23 09:28:49,082 [INFO] IntegrityCheckThread:103 - End integrity checks thread
2025-01-23 09:28:50,708 [INFO] WebApp:161 - Instantiating new browser for Auth
2025-01-23 09:28:51,080 [INFO] WebApp:780 - Register for checkConnection events
2025-01-23 09:28:51,080 [INFO] WebApp:414 - Apply proxy settings
2025-01-23 09:28:51,080 [INFO] WebApp:499 - Chromium requires no authentication
2025-01-23 09:28:51,085 [INFO] WebApp:442 - Direct internet connection detected
2025-01-23 09:28:51,176 [INFO] WebApp:192 - Starting web application
2025-01-23 09:28:51,176 [INFO] WebApp:544 - Web application path used C:\ST\STM32CubeIDE_1.14.1\STM32CubeIDE\plugins\com.st.stm32cube.common.mx_6.10.0.202311202037\db\plugins\mcufinder\reactClient1\index.html
2025-01-23 09:29:11,659 [ERROR] LogOutputStream:75 - [STDERR_REDIRECT] SLF4J: Failed to load class "org.slf4j.impl.StaticLoggerBinder".
2025-01-23 09:29:11,659 [ERROR] LogOutputStream:75 - [STDERR_REDIRECT] SLF4J: Defaulting to no-operation (NOP) logger implementation
2025-01-23 09:29:11,659 [ERROR] LogOutputStream:75 - [STDERR_REDIRECT] SLF4J: See http://www.slf4j.org/codes.html#StaticLoggerBinder for further details.
