2025-03-06 09:22:11,653 [INFO] Activator:176 - 


2025-03-06 09:22:11,656 [INFO] Activator:177 - !SESSION log4j initialized
2025-03-06 09:22:16,141 [INFO] LogOutputStream:77 - [STDOUT_REDIRECT] 
2025-03-06 09:22:22,874 [INFO] ApplicationProperties:184 - Using Application install path: C:\ST\STM32CubeIDE_1.14.1\STM32CubeIDE\plugins\com.st.stm32cube.common.mx_6.10.0.202311202037
2025-03-06 09:22:22,884 [INFO] DbMcusXml:78 - Set database path to: C:\ST\STM32CubeIDE_1.14.1\STM32CubeIDE\plugins\com.st.stm32cube.common.mx_6.10.0.202311202037\\db\/mcu/
2025-03-06 09:22:22,884 [INFO] ApiDb:274 - Set plugin database path to: C:\ST\STM32CubeIDE_1.14.1\STM32CubeIDE\plugins\com.st.stm32cube.common.mx_6.10.0.202311202037\\db\/plugins/boardmanager/
2025-03-06 09:22:22,885 [WARN] ApiDb:259 - Overriding images path with different value:  => C:\ST\STM32CubeIDE_1.14.1\STM32CubeIDE\plugins\com.st.stm32cube.common.mx_6.10.0.202311202037\\db\/plugins/mcufinder/images/
2025-03-06 09:22:22,890 [INFO] ApiDb:250 - Set database path to: C:\Users\user\.stmcufinder\plugins\mcufinder//mcu/
2025-03-06 09:22:22,891 [INFO] DbMcusAds:125 - Set database path to: C:\Users\user\.stmcufinder\plugins\mcufinder//mcu/
2025-03-06 09:22:22,891 [INFO] CrossReferenceDbSqlite:203 - Set database path to: C:\Users\user\.stmcufinder\plugins\mcufinder//mcu/cs/
2025-03-06 09:22:22,959 [INFO] RulesReader:64 - Compatibility file has been processed (297 Rules)
2025-03-06 09:22:23,008 [INFO] DbMcusXml:78 - Set database path to: C:\ST\STM32CubeIDE_1.14.1\STM32CubeIDE\plugins\com.st.stm32cube.common.mx_6.10.0.202311202037\\db\/mcu/
2025-03-06 09:22:23,008 [INFO] ApiDb:274 - Set plugin database path to: C:\ST\STM32CubeIDE_1.14.1\STM32CubeIDE\plugins\com.st.stm32cube.common.mx_6.10.0.202311202037\\db\/plugins/boardmanager/
2025-03-06 09:22:23,008 [INFO] ApiDb:261 - Set plugin images path to: C:\ST\STM32CubeIDE_1.14.1\STM32CubeIDE\plugins\com.st.stm32cube.common.mx_6.10.0.202311202037\\db\/plugins/mcufinder/images/
2025-03-06 09:22:23,008 [WARN] DbFile:41 - Overriding database path with different value: C:\Users\user\.stmcufinder\plugins\mcufinder/ => C:\Users\user\.stmcufinder\plugins\mcufinder
2025-03-06 09:22:23,008 [INFO] ApiDb:250 - Set database path to: C:\Users\user\.stmcufinder\plugins\mcufinder//mcu/
2025-03-06 09:22:23,008 [WARN] DbFile:41 - Overriding database path with different value: C:\Users\user\.stmcufinder\plugins\mcufinder/ => C:\Users\user\.stmcufinder\plugins\mcufinder
2025-03-06 09:22:23,008 [INFO] DbMcusAds:125 - Set database path to: C:\Users\user\.stmcufinder\plugins\mcufinder//mcu/
2025-03-06 09:22:23,008 [WARN] DbFile:41 - Overriding database path with different value: C:\Users\user\.stmcufinder\plugins\mcufinder/ => C:\Users\user\.stmcufinder\plugins\mcufinder
2025-03-06 09:22:23,008 [WARN] DbFile:41 - Overriding database path with different value: C:\Users\user\.stmcufinder\plugins\mcufinder/ => C:\Users\user\.stmcufinder\plugins\mcufinder
2025-03-06 09:22:23,008 [INFO] CrossReferenceDbSqlite:203 - Set database path to: C:\Users\user\.stmcufinder\plugins\mcufinder//mcu/cs/
2025-03-06 09:22:23,055 [INFO] MainPanel:264 - HeapMemory: 268435456
2025-03-06 09:22:23,107 [INFO] DbMcusXml:78 - Set database path to: C:\ST\STM32CubeIDE_1.14.1\STM32CubeIDE\plugins\com.st.stm32cube.common.mx_6.10.0.202311202037\\db\/mcu/
2025-03-06 09:22:23,107 [INFO] ApiDb:274 - Set plugin database path to: C:\ST\STM32CubeIDE_1.14.1\STM32CubeIDE\plugins\com.st.stm32cube.common.mx_6.10.0.202311202037\\db\/plugins/boardmanager/
2025-03-06 09:22:23,107 [INFO] ApiDb:261 - Set plugin images path to: C:\ST\STM32CubeIDE_1.14.1\STM32CubeIDE\plugins\com.st.stm32cube.common.mx_6.10.0.202311202037\\db\/plugins/mcufinder/images/
2025-03-06 09:22:23,107 [WARN] DbFile:41 - Overriding database path with different value: C:\Users\user\.stmcufinder\plugins\mcufinder/ => C:\Users\user\.stmcufinder\plugins\mcufinder
2025-03-06 09:22:23,107 [INFO] ApiDb:250 - Set database path to: C:\Users\user\.stmcufinder\plugins\mcufinder//mcu/
2025-03-06 09:22:23,107 [WARN] DbFile:41 - Overriding database path with different value: C:\Users\user\.stmcufinder\plugins\mcufinder/ => C:\Users\user\.stmcufinder\plugins\mcufinder
2025-03-06 09:22:23,107 [INFO] DbMcusAds:125 - Set database path to: C:\Users\user\.stmcufinder\plugins\mcufinder//mcu/
2025-03-06 09:22:23,107 [WARN] DbFile:41 - Overriding database path with different value: C:\Users\user\.stmcufinder\plugins\mcufinder/ => C:\Users\user\.stmcufinder\plugins\mcufinder
2025-03-06 09:22:23,107 [WARN] DbFile:41 - Overriding database path with different value: C:\Users\user\.stmcufinder\plugins\mcufinder/ => C:\Users\user\.stmcufinder\plugins\mcufinder
2025-03-06 09:22:23,107 [INFO] CrossReferenceDbSqlite:203 - Set database path to: C:\Users\user\.stmcufinder\plugins\mcufinder//mcu/cs/
2025-03-06 09:22:23,117 [INFO] ApplicationProperties:184 - Using Application install path: C:\ST\STM32CubeIDE_1.14.1\STM32CubeIDE\plugins\com.st.stm32cube.common.mx_6.10.0.202311202037
2025-03-06 09:22:23,118 [INFO] PluginManage:196 - Search for loadable plugins [exclusion list=, ]
2025-03-06 09:22:23,119 [INFO] PluginManage:310 - Check plugin analytics
2025-03-06 09:22:23,234 [INFO] AnalyticsPlugin:253 - Accepted Software Licenses: 
2025-03-06 09:22:23,234 [INFO] AnalyticsPlugin:255 - Accepted CMSIS Pack Licenses: 
2025-03-06 09:22:23,234 [INFO] AnalyticsPlugin:257 - Accepted Firmware Licenses: FW.F4.1.28.0
2025-03-06 09:22:23,237 [INFO] PluginManage:359 - Loaded plugin analytics (category:tool,tabindex:-1)
2025-03-06 09:22:23,237 [INFO] PluginManage:310 - Check plugin cadmodel
2025-03-06 09:22:23,246 [INFO] CADModel:105 - Init CAD model plugin
2025-03-06 09:22:23,246 [INFO] PluginManage:359 - Loaded plugin cadmodel (category:power,tabindex:5)
2025-03-06 09:22:23,246 [INFO] PluginManage:310 - Check plugin clock
2025-03-06 09:22:23,258 [INFO] PluginManage:359 - Loaded plugin clock (category:base,tabindex:2)
2025-03-06 09:22:23,259 [INFO] PluginManage:310 - Check plugin ddr
2025-03-06 09:22:23,261 [INFO] PluginManage:359 - Loaded plugin ddr (category:tool,tabindex:6)
2025-03-06 09:22:23,261 [INFO] PluginManage:310 - Check plugin filemanager
2025-03-06 09:22:23,347 [INFO] PluginManage:359 - Loaded plugin filemanager (category:base,tabindex:10)
2025-03-06 09:22:23,348 [INFO] PluginManage:310 - Check plugin ipmanager
2025-03-06 09:22:23,352 [INFO] PluginManage:359 - Loaded plugin ipmanager (category:base,tabindex:5)
2025-03-06 09:22:23,352 [INFO] PluginManage:310 - Check plugin lpbam
2025-03-06 09:22:23,363 [INFO] PluginManage:359 - Loaded plugin lpbam (category:base,tabindex:0)
2025-03-06 09:22:23,363 [INFO] PluginManage:310 - Check plugin memorymap
2025-03-06 09:22:23,377 [INFO] PluginManage:359 - Loaded plugin memorymap (category:base,tabindex:4)
2025-03-06 09:22:23,377 [INFO] PluginManage:310 - Check plugin pinoutandconfiguration
2025-03-06 09:22:23,387 [INFO] PluginManage:359 - Loaded plugin pinoutandconfiguration (category:base,tabindex:1)
2025-03-06 09:22:23,387 [INFO] PluginManage:310 - Check plugin pinoutconfig
2025-03-06 09:22:23,443 [WARN] SupportedApi:132 - Cannot load RTOS API schema: s4s-elt-must-match.1: The content of 'definitions' must match (annotation?, (simpleType | complexType)?, (unique | key | keyref)*)). A problem was found starting at: attribute.
2025-03-06 09:22:23,516 [INFO] PluginManage:359 - Loaded plugin pinoutconfig (category:base,tabindex:0)
2025-03-06 09:22:23,516 [INFO] PluginManage:310 - Check plugin power
2025-03-06 09:22:23,528 [INFO] PluginManage:359 - Loaded plugin power (category:power,tabindex:4)
2025-03-06 09:22:23,528 [INFO] PluginManage:310 - Check plugin projectmanager
2025-03-06 09:22:23,538 [INFO] PluginManage:359 - Loaded plugin projectmanager (category:projectmanager,tabindex:3)
2025-03-06 09:22:23,538 [INFO] PluginManage:310 - Check plugin thirdparty
2025-03-06 09:22:23,673 [INFO] PluginManage:359 - Loaded plugin thirdparty (category:base,tabindex:-1)
2025-03-06 09:22:23,673 [INFO] PluginManage:310 - Check plugin tools
2025-03-06 09:22:23,673 [WARN] IntegrityCheckThread:84 - waiting for thirdparty lock release [integrity check]
2025-03-06 09:22:23,674 [INFO] IntegrityCheckThread:86 - entering critical section [integrity check]
2025-03-06 09:22:23,674 [INFO] ThirdPartyUpdaterWithRetryManager:70 - Updater plugin not ready yet. [1/15]
2025-03-06 09:22:23,690 [INFO] PluginManage:359 - Loaded plugin tools (category:base,tabindex:7)
2025-03-06 09:22:23,690 [INFO] PluginManage:310 - Check plugin tutovideos
2025-03-06 09:22:23,801 [INFO] PluginManage:359 - Loaded plugin tutovideos (category:base,tabindex:-1)
2025-03-06 09:22:23,801 [INFO] PluginManage:310 - Check plugin updater
2025-03-06 09:22:23,809 [INFO] PluginManage:359 - Loaded plugin updater (category:base,tabindex:12)
2025-03-06 09:22:23,809 [INFO] PluginManage:310 - Check plugin userauth
2025-03-06 09:22:23,813 [INFO] UserAuth:114 - Init User Auth plugin
2025-03-06 09:22:23,813 [INFO] PluginManage:359 - Loaded plugin userauth (category:base,tabindex:14)
2025-03-06 09:22:23,813 [INFO] PluginManage:283 - PluginManage : Loaded plugins [17]
2025-03-06 09:22:23,926 [INFO] PinOutPanel:1499 - setPackage(No Configuration,No Configuration)
2025-03-06 09:22:23,966 [INFO] CADModel:165 - CPN selected for project level
2025-03-06 09:22:23,966 [INFO] CADModel:114 - Register for checkConnection events
2025-03-06 09:22:23,982 [INFO] IPUIPlugin:80 - create IPUIPlugin
2025-03-06 09:22:23,982 [INFO] PluginManager:220 - loadIPPluginJar : add adc
2025-03-06 09:22:23,999 [INFO] IPUIPlugin:80 - create IPUIPlugin
2025-03-06 09:22:23,999 [INFO] PluginManager:220 - loadIPPluginJar : add aes
2025-03-06 09:22:24,019 [INFO] IPUIPlugin:80 - create IPUIPlugin
2025-03-06 09:22:24,019 [INFO] PluginManager:220 - loadIPPluginJar : add can
2025-03-06 09:22:24,030 [INFO] IPUIPlugin:80 - create IPUIPlugin
2025-03-06 09:22:24,030 [INFO] PluginManager:220 - loadIPPluginJar : add comp
2025-03-06 09:22:24,045 [INFO] IPUIPlugin:80 - create IPUIPlugin
2025-03-06 09:22:24,045 [INFO] PluginManager:220 - loadIPPluginJar : add cryp
2025-03-06 09:22:24,047 [INFO] IPUIPlugin:80 - create IPUIPlugin
2025-03-06 09:22:24,047 [INFO] PluginManager:220 - loadIPPluginJar : add dfsdm
2025-03-06 09:22:24,054 [INFO] IPUIPlugin:80 - create IPUIPlugin
2025-03-06 09:22:24,054 [INFO] PluginManager:220 - loadIPPluginJar : add dma
2025-03-06 09:22:24,074 [INFO] IPUIPlugin:80 - create IPUIPlugin
2025-03-06 09:22:24,074 [INFO] PluginManager:220 - loadIPPluginJar : add dma3
2025-03-06 09:22:24,084 [INFO] IPUIPlugin:80 - create IPUIPlugin
2025-03-06 09:22:24,084 [INFO] PluginManager:220 - loadIPPluginJar : add fatfs
2025-03-06 09:22:24,106 [INFO] IPUIPlugin:80 - create IPUIPlugin
2025-03-06 09:22:24,106 [INFO] PluginManager:220 - loadIPPluginJar : add fmc
2025-03-06 09:22:24,115 [INFO] IPUIPlugin:80 - create IPUIPlugin
2025-03-06 09:22:24,116 [INFO] PluginManager:220 - loadIPPluginJar : add freertos
2025-03-06 09:22:24,126 [INFO] IPUIPlugin:80 - create IPUIPlugin
2025-03-06 09:22:24,126 [INFO] PluginManager:220 - loadIPPluginJar : add genericplugin
2025-03-06 09:22:24,170 [INFO] IPUIPlugin:80 - create IPUIPlugin
2025-03-06 09:22:24,170 [INFO] PluginManager:220 - loadIPPluginJar : add gfxmmu
2025-03-06 09:22:24,232 [INFO] IPUIPlugin:80 - create IPUIPlugin
2025-03-06 09:22:24,232 [INFO] PluginManager:220 - loadIPPluginJar : add gic
2025-03-06 09:22:24,238 [INFO] IPUIPlugin:80 - create IPUIPlugin
2025-03-06 09:22:24,238 [INFO] PluginManager:220 - loadIPPluginJar : add gpio
2025-03-06 09:22:24,283 [INFO] IPUIPlugin:80 - create IPUIPlugin
2025-03-06 09:22:24,283 [INFO] PluginManager:220 - loadIPPluginJar : add gtzc
2025-03-06 09:22:24,298 [INFO] IPUIPlugin:80 - create IPUIPlugin
2025-03-06 09:22:24,299 [INFO] PluginManager:220 - loadIPPluginJar : add hash
2025-03-06 09:22:24,324 [INFO] IPUIPlugin:80 - create IPUIPlugin
2025-03-06 09:22:24,324 [INFO] PluginManager:220 - loadIPPluginJar : add i2c
2025-03-06 09:22:24,343 [INFO] IPUIPlugin:80 - create IPUIPlugin
2025-03-06 09:22:24,343 [INFO] PluginManager:220 - loadIPPluginJar : add i2s
2025-03-06 09:22:24,362 [INFO] IPUIPlugin:80 - create IPUIPlugin
2025-03-06 09:22:24,362 [INFO] PluginManager:220 - loadIPPluginJar : add i3c
2025-03-06 09:22:24,414 [INFO] IPUIPlugin:80 - create IPUIPlugin
2025-03-06 09:22:24,414 [INFO] PluginManager:220 - loadIPPluginJar : add ipddr
2025-03-06 09:22:24,458 [INFO] IPUIPlugin:80 - create IPUIPlugin
2025-03-06 09:22:24,458 [INFO] PluginManager:220 - loadIPPluginJar : add linkedlist
2025-03-06 09:22:24,475 [INFO] IPUIPlugin:80 - create IPUIPlugin
2025-03-06 09:22:24,475 [INFO] PluginManager:220 - loadIPPluginJar : add lorawan
2025-03-06 09:22:24,492 [INFO] IPUIPlugin:80 - create IPUIPlugin
2025-03-06 09:22:24,492 [INFO] PluginManager:220 - loadIPPluginJar : add ltdc
2025-03-06 09:22:24,499 [INFO] IPUIPlugin:80 - create IPUIPlugin
2025-03-06 09:22:24,499 [INFO] PluginManager:220 - loadIPPluginJar : add mdma
2025-03-06 09:22:24,505 [INFO] IPUIPlugin:80 - create IPUIPlugin
2025-03-06 09:22:24,505 [INFO] PluginManager:220 - loadIPPluginJar : add nvic
2025-03-06 09:22:24,523 [INFO] IPUIPlugin:80 - create IPUIPlugin
2025-03-06 09:22:24,523 [INFO] PluginManager:220 - loadIPPluginJar : add opamp
2025-03-06 09:22:24,551 [INFO] IPUIPlugin:80 - create IPUIPlugin
2025-03-06 09:22:24,551 [INFO] PluginManager:220 - loadIPPluginJar : add openamp
2025-03-06 09:22:24,572 [INFO] IPUIPlugin:80 - create IPUIPlugin
2025-03-06 09:22:24,572 [INFO] PluginManager:220 - loadIPPluginJar : add pdm2pcm
2025-03-06 09:22:24,579 [INFO] IPUIPlugin:80 - create IPUIPlugin
2025-03-06 09:22:24,580 [INFO] PluginManager:220 - loadIPPluginJar : add plateformsettings
2025-03-06 09:22:24,590 [INFO] IPUIPlugin:80 - create IPUIPlugin
2025-03-06 09:22:24,590 [INFO] PluginManager:220 - loadIPPluginJar : add quadspi
2025-03-06 09:22:24,595 [INFO] IPUIPlugin:80 - create IPUIPlugin
2025-03-06 09:22:24,595 [INFO] PluginManager:220 - loadIPPluginJar : add resmgrutility
2025-03-06 09:22:24,618 [INFO] IPUIPlugin:80 - create IPUIPlugin
2025-03-06 09:22:24,619 [INFO] PluginManager:220 - loadIPPluginJar : add sai
2025-03-06 09:22:24,635 [INFO] IPUIPlugin:80 - create IPUIPlugin
2025-03-06 09:22:24,635 [INFO] PluginManager:220 - loadIPPluginJar : add spi
2025-03-06 09:22:24,668 [INFO] IPUIPlugin:80 - create IPUIPlugin
2025-03-06 09:22:24,668 [INFO] PluginManager:220 - loadIPPluginJar : add stm32_wpan
2025-03-06 09:22:24,679 [INFO] IPUIPlugin:80 - create IPUIPlugin
2025-03-06 09:22:24,679 [INFO] PluginManager:220 - loadIPPluginJar : add tim
2025-03-06 09:22:24,705 [INFO] IPUIPlugin:80 - create IPUIPlugin
2025-03-06 09:22:24,705 [INFO] PluginManager:220 - loadIPPluginJar : add touchsensing
2025-03-06 09:22:24,716 [INFO] IPUIPlugin:80 - create IPUIPlugin
2025-03-06 09:22:24,716 [INFO] PluginManager:220 - loadIPPluginJar : add tracer_emb
2025-03-06 09:22:24,717 [INFO] IPUIPlugin:80 - create IPUIPlugin
2025-03-06 09:22:24,717 [INFO] PluginManager:220 - loadIPPluginJar : add ts
2025-03-06 09:22:24,727 [INFO] IPUIPlugin:80 - create IPUIPlugin
2025-03-06 09:22:24,727 [INFO] PluginManager:220 - loadIPPluginJar : add tsc
2025-03-06 09:22:24,737 [INFO] IPUIPlugin:80 - create IPUIPlugin
2025-03-06 09:22:24,737 [INFO] PluginManager:220 - loadIPPluginJar : add ucpd
2025-03-06 09:22:24,757 [INFO] IPUIPlugin:80 - create IPUIPlugin
2025-03-06 09:22:24,757 [INFO] PluginManager:220 - loadIPPluginJar : add usart
2025-03-06 09:22:24,779 [INFO] IPUIPlugin:80 - create IPUIPlugin
2025-03-06 09:22:24,779 [INFO] PluginManager:220 - loadIPPluginJar : add usbx
2025-03-06 09:22:24,882 [INFO] CADModel:165 - CPN selected for project level
2025-03-06 09:22:24,882 [INFO] CADModel:114 - Register for checkConnection events
2025-03-06 09:22:24,883 [FATAL] Updater:308 - Updater called before beeing initialized
2025-03-06 09:22:24,883 [ERROR] CADModel:125 - Updater not yet initialized, retry later 
2025-03-06 09:22:24,966 [INFO] CADModel:165 - CPN selected for project level
2025-03-06 09:22:24,966 [INFO] CADModel:114 - Register for checkConnection events
2025-03-06 09:22:24,966 [FATAL] Updater:308 - Updater called before beeing initialized
2025-03-06 09:22:24,966 [ERROR] CADModel:125 - Updater not yet initialized, retry later 
2025-03-06 09:22:24,968 [FATAL] Updater:308 - Updater called before beeing initialized
2025-03-06 09:22:25,026 [FATAL] Updater:308 - Updater called before beeing initialized
2025-03-06 09:22:25,031 [INFO] DbMcusAds:53 - JSON generation date=Wed Dec 18 01:01:15 KST 2024 (1734451275143)
2025-03-06 09:22:25,032 [FATAL] Updater:308 - Updater called before beeing initialized
2025-03-06 09:22:25,073 [WARN] DetailPanel:346 - Failed to get advertising image, set to default
2025-03-06 09:22:25,125 [FATAL] Updater:308 - Updater called before beeing initialized
2025-03-06 09:22:25,126 [FATAL] Updater:308 - Updater called before beeing initialized
2025-03-06 09:22:25,126 [FATAL] Updater:308 - Updater called before beeing initialized
2025-03-06 09:22:25,126 [WARN] DetailPanel:346 - Failed to get advertising image, set to default
2025-03-06 09:22:25,128 [FATAL] Updater:308 - Updater called before beeing initialized
2025-03-06 09:22:25,176 [ERROR] Updater:1120 - MainUpdater not yet initialized. External WinMGr cannot be set.
2025-03-06 09:22:25,183 [INFO] Updater:1056 - Updater Version found : 6.10.0
2025-03-06 09:22:25,196 [INFO] ApplicationProperties:184 - Using Application install path: C:\ST\STM32CubeIDE_1.14.1\STM32CubeIDE\plugins\com.st.stm32cube.common.mx_6.10.0.202311202037
2025-03-06 09:22:25,494 [INFO] MainUpdater:2873 - connection check result : 10
2025-03-06 09:22:25,495 [INFO] MainUpdater:290 - Updater Check For Update Now.
2025-03-06 09:22:25,495 [INFO] MicroXplorer:498 - Change Database Version : DB.6.0.100
2025-03-06 09:22:25,510 [INFO] McuFinderGlobals:63 - Set McuFinder mode to 2 (CubeIDE integrated)
2025-03-06 09:22:25,680 [INFO] CheckServerUpdateThread:120 - End of CheckServer Thread
2025-03-06 09:22:25,769 [INFO] UserAuth:404 - Internet connection configuration mode: 1
2025-03-06 09:22:25,784 [INFO] JxBrowserEngine:152 - Initiate JxBrowser Engine with user profile folder
2025-03-06 09:22:26,779 [WARN] PackLoader:240 - Cannot read IP mode file for STMicroelectronics.FP-SNS-MOTENVWB1.1.4.0
2025-03-06 09:22:26,789 [WARN] PackLoader:240 - Cannot read IP mode file for STMicroelectronics.FP-ATR-ASTRA1.2.0.2
2025-03-06 09:22:26,794 [WARN] PackLoader:240 - Cannot read IP mode file for STMicroelectronics.FP-ATR-ASTRA1.2.0.1
2025-03-06 09:22:26,801 [WARN] PackLoader:240 - Cannot read IP mode file for STMicroelectronics.X-CUBE-SMBUS.2.1.0
2025-03-06 09:22:26,808 [WARN] PackLoader:240 - Cannot read IP mode file for STMicroelectronics.X-CUBE-WB05N.1.1.0
2025-03-06 09:22:26,829 [WARN] PackLoader:240 - Cannot read IP mode file for STMicroelectronics.X-CUBE-AZRTOS-F7.1.1.0
2025-03-06 09:22:26,881 [WARN] PackLoader:240 - Cannot read IP mode file for STMicroelectronics.X-CUBE-MEMS1.11.0.0
2025-03-06 09:22:26,961 [WARN] PackLoader:240 - Cannot read IP mode file for STMicroelectronics.FP-SNS-FLIGHT1.5.0.2
2025-03-06 09:22:26,970 [WARN] PackLoader:240 - Cannot read IP mode file for STMicroelectronics.X-CUBE-DISPLAY.3.0.0
2025-03-06 09:22:26,982 [WARN] PackLoader:240 - Cannot read IP mode file for STMicroelectronics.X-CUBE-BLE1.7.0.0
2025-03-06 09:22:26,991 [WARN] PackLoader:240 - Cannot read IP mode file for STMicroelectronics.X-CUBE-NFC10.1.0.0
2025-03-06 09:22:27,002 [WARN] PackLoader:240 - Cannot read IP mode file for STMicroelectronics.X-CUBE-BLEMGR.4.0.0
2025-03-06 09:22:27,014 [WARN] PackLoader:240 - Cannot read IP mode file for emotas.I-CUBE-CANOPEN.1.3.0
2025-03-06 09:22:27,025 [WARN] PackLoader:240 - Cannot read IP mode file for STMicroelectronics.X-CUBE-BLEMGR.3.1.0
2025-03-06 09:22:27,034 [WARN] PackLoader:240 - Cannot read IP mode file for STMicroelectronics.X-CUBE-AI.10.0.0
2025-03-06 09:22:27,042 [WARN] PackLoader:240 - Cannot read IP mode file for STMicroelectronics.FP-SNS-SMARTAG2.1.2.0
2025-03-06 09:22:27,112 [WARN] PackLoader:240 - Cannot read IP mode file for STMicroelectronics.X-CUBE-MEMS1.11.1.0
2025-03-06 09:22:27,184 [INFO] LogOutputStream:77 - [STDOUT_REDIRECT] 1 : Invalid condition id : UX_CORESTACK_Condition cause : null
2025-03-06 09:22:27,184 [INFO] LogOutputStream:77 - [STDOUT_REDIRECT] 1 : Invalid condition id : UX_CORESTACK_Condition cause : null
2025-03-06 09:22:27,186 [INFO] LogOutputStream:77 - [STDOUT_REDIRECT] 1 : Invalid condition id : UX_CORESTACK_Condition cause : null
2025-03-06 09:22:27,186 [INFO] LogOutputStream:77 - [STDOUT_REDIRECT] 1 : Invalid condition id : UX_CORESTACK_Condition cause : null
2025-03-06 09:22:27,187 [INFO] LogOutputStream:77 - [STDOUT_REDIRECT] 1 : Invalid condition id : UX_CORESTACK_Condition cause : null
2025-03-06 09:22:27,189 [WARN] PackLoader:240 - Cannot read IP mode file for STMicroelectronics.X-CUBE-AZRTOS-WL.2.0.0
2025-03-06 09:22:27,199 [WARN] PackLoader:240 - Cannot read IP mode file for STMicroelectronics.FP-SNS-MOTENV1.5.0.0
2025-03-06 09:22:27,207 [WARN] PackLoader:240 - Cannot read IP mode file for wolfSSL.I-CUBE-wolfMQTT.1.19.0
2025-03-06 09:22:27,219 [WARN] PackLoader:240 - Cannot read IP mode file for WES.I-CUBE-Cesium.1.3.0
2025-03-06 09:22:27,229 [WARN] PackLoader:240 - Cannot read IP mode file for STMicroelectronics.X-CUBE-BLE2.3.3.0
2025-03-06 09:22:27,239 [WARN] PackLoader:240 - Cannot read IP mode file for STMicroelectronics.X-CUBE-NFC9.1.0.0
2025-03-06 09:22:27,247 [WARN] PackLoader:240 - Cannot read IP mode file for STMicroelectronics.X-CUBE-BLE1.7.1.0
2025-03-06 09:22:27,255 [WARN] PackLoader:240 - Cannot read IP mode file for STMicroelectronics.X-CUBE-TCPP.4.1.0
2025-03-06 09:22:27,272 [WARN] PackLoader:240 - Cannot read IP mode file for STMicroelectronics.X-CUBE-AZRTOS-G0.1.1.0
2025-03-06 09:22:27,283 [WARN] PackLoader:240 - Cannot read IP mode file for STMicroelectronics.X-CUBE-SAFEA1.1.2.2
2025-03-06 09:22:27,294 [WARN] PackLoader:240 - Cannot read IP mode file for STMicroelectronics.X-CUBE-NFC4.3.0.0
2025-03-06 09:22:27,307 [WARN] PackLoader:240 - Cannot read IP mode file for EmbeddedOffice.I-CUBE-FS-RTOS.1.0.1
2025-03-06 09:22:27,307 [ERROR] ConditionMgr:805 - Attr not supported : Dmpu
2025-03-06 09:22:27,307 [ERROR] ConditionMgr:805 - Attr not supported : Dmpu
2025-03-06 09:22:27,307 [ERROR] ConditionMgr:805 - Attr not supported : Dmpu
2025-03-06 09:22:27,307 [ERROR] ConditionMgr:805 - Attr not supported : Dmpu
2025-03-06 09:22:27,307 [ERROR] ConditionMgr:805 - Attr not supported : Dmpu
2025-03-06 09:22:27,307 [ERROR] ConditionMgr:805 - Attr not supported : Dmpu
2025-03-06 09:22:27,307 [ERROR] ConditionMgr:805 - Attr not supported : Dmpu
2025-03-06 09:22:27,307 [ERROR] ConditionMgr:805 - Attr not supported : Dmpu
2025-03-06 09:22:27,307 [ERROR] ConditionMgr:805 - Attr not supported : Dmpu
2025-03-06 09:22:27,307 [ERROR] ConditionMgr:805 - Attr not supported : Dmpu
2025-03-06 09:22:27,307 [ERROR] ConditionMgr:805 - Attr not supported : Dmpu
2025-03-06 09:22:27,307 [ERROR] ConditionMgr:805 - Attr not supported : Dmpu
2025-03-06 09:22:27,307 [ERROR] ConditionMgr:805 - Attr not supported : Dmpu
2025-03-06 09:22:27,307 [ERROR] ConditionMgr:805 - Attr not supported : Dmpu
2025-03-06 09:22:27,307 [ERROR] ConditionMgr:805 - Attr not supported : Dmpu
2025-03-06 09:22:27,307 [ERROR] ConditionMgr:805 - Attr not supported : Dmpu
2025-03-06 09:22:27,308 [ERROR] ConditionMgr:805 - Attr not supported : Dmpu
2025-03-06 09:22:27,308 [ERROR] ConditionMgr:805 - Attr not supported : Dmpu
2025-03-06 09:22:27,308 [ERROR] ConditionMgr:805 - Attr not supported : Dmpu
2025-03-06 09:22:27,308 [ERROR] ConditionMgr:805 - Attr not supported : Dmpu
2025-03-06 09:22:27,308 [ERROR] ConditionMgr:805 - Attr not supported : Dmpu
2025-03-06 09:22:27,308 [ERROR] ConditionMgr:805 - Attr not supported : Dmpu
2025-03-06 09:22:27,308 [ERROR] ConditionMgr:805 - Attr not supported : Dmpu
2025-03-06 09:22:27,308 [ERROR] ConditionMgr:805 - Attr not supported : Dmpu
2025-03-06 09:22:27,308 [ERROR] ConditionMgr:805 - Attr not supported : Dmpu
2025-03-06 09:22:27,308 [ERROR] ConditionMgr:805 - Attr not supported : Dmpu
2025-03-06 09:22:27,308 [ERROR] ConditionMgr:805 - Attr not supported : Dmpu
2025-03-06 09:22:27,308 [ERROR] ConditionMgr:805 - Attr not supported : Dmpu
2025-03-06 09:22:27,308 [ERROR] ConditionMgr:805 - Attr not supported : Dmpu
2025-03-06 09:22:27,308 [ERROR] ConditionMgr:805 - Attr not supported : Dmpu
2025-03-06 09:22:27,308 [ERROR] ConditionMgr:805 - Attr not supported : Dmpu
2025-03-06 09:22:27,308 [ERROR] ConditionMgr:805 - Attr not supported : Dmpu
2025-03-06 09:22:27,308 [ERROR] ConditionMgr:805 - Attr not supported : Dmpu
2025-03-06 09:22:27,308 [ERROR] ConditionMgr:805 - Attr not supported : Dmpu
2025-03-06 09:22:27,308 [ERROR] ConditionMgr:805 - Attr not supported : Dmpu
2025-03-06 09:22:27,309 [ERROR] ConditionMgr:805 - Attr not supported : Dmpu
2025-03-06 09:22:27,309 [ERROR] ConditionMgr:805 - Attr not supported : Dmpu
2025-03-06 09:22:27,309 [ERROR] ConditionMgr:805 - Attr not supported : Dmpu
2025-03-06 09:22:27,309 [ERROR] ConditionMgr:805 - Attr not supported : Dmpu
2025-03-06 09:22:27,309 [ERROR] ConditionMgr:805 - Attr not supported : Dmpu
2025-03-06 09:22:27,309 [ERROR] ConditionMgr:805 - Attr not supported : Dmpu
2025-03-06 09:22:27,309 [ERROR] ConditionMgr:805 - Attr not supported : Dmpu
2025-03-06 09:22:27,309 [ERROR] ConditionMgr:805 - Attr not supported : Dmpu
2025-03-06 09:22:27,309 [ERROR] ConditionMgr:805 - Attr not supported : Dmpu
2025-03-06 09:22:27,309 [ERROR] ConditionMgr:805 - Attr not supported : Dmpu
2025-03-06 09:22:27,309 [ERROR] ConditionMgr:805 - Attr not supported : Dmpu
2025-03-06 09:22:27,310 [ERROR] ConditionMgr:805 - Attr not supported : Dmpu
2025-03-06 09:22:27,310 [ERROR] ConditionMgr:805 - Attr not supported : Dmpu
2025-03-06 09:22:27,310 [ERROR] ConditionMgr:805 - Attr not supported : Dmpu
2025-03-06 09:22:27,310 [ERROR] ConditionMgr:805 - Attr not supported : Dmpu
2025-03-06 09:22:27,310 [ERROR] ConditionMgr:805 - Attr not supported : Dmpu
2025-03-06 09:22:27,310 [ERROR] ConditionMgr:805 - Attr not supported : Dmpu
2025-03-06 09:22:27,310 [ERROR] ConditionMgr:805 - Attr not supported : Dmpu
2025-03-06 09:22:27,310 [ERROR] ConditionMgr:805 - Attr not supported : Dmpu
2025-03-06 09:22:27,310 [ERROR] ConditionMgr:805 - Attr not supported : Dmpu
2025-03-06 09:22:27,310 [ERROR] ConditionMgr:805 - Attr not supported : Dmpu
2025-03-06 09:22:27,310 [ERROR] ConditionMgr:805 - Attr not supported : Dmpu
2025-03-06 09:22:27,310 [ERROR] ConditionMgr:805 - Attr not supported : Dmpu
2025-03-06 09:22:27,310 [ERROR] ConditionMgr:805 - Attr not supported : Dmpu
2025-03-06 09:22:27,310 [ERROR] ConditionMgr:805 - Attr not supported : Dmpu
2025-03-06 09:22:27,310 [ERROR] ConditionMgr:805 - Attr not supported : Dmpu
2025-03-06 09:22:27,310 [ERROR] ConditionMgr:805 - Attr not supported : Dmpu
2025-03-06 09:22:27,310 [ERROR] ConditionMgr:805 - Attr not supported : Dmpu
2025-03-06 09:22:27,310 [ERROR] ConditionMgr:805 - Attr not supported : Dmpu
2025-03-06 09:22:27,319 [ERROR] Engine:466 - C:\Users\user\.stm32cubemx\thirdparties\pdsc\STMicroelectronics.X-CUBE-TCPP.4.2.0.pdsc: PDSC version is not supported
2025-03-06 09:22:27,328 [WARN] PackLoader:240 - Cannot read IP mode file for RealThread.X-CUBE-RT-Thread_Nano.4.1.1
2025-03-06 09:22:27,336 [WARN] PackLoader:240 - Cannot read IP mode file for STMicroelectronics.FP-ATR-SIGFOX1.3.2.0
2025-03-06 09:22:27,346 [WARN] ConditionMgr:438 - getConditionDescription Invalid condition id : Cortex-A Device cause : null
2025-03-06 09:22:27,356 [WARN] ConditionMgr:1039 - genDependencies : Invalid condition id : Cortex-A Device cause : null
2025-03-06 09:22:27,356 [WARN] ConditionMgr:1039 - genDependencies : Invalid condition id : Cortex-A Device cause : null
2025-03-06 09:22:27,356 [WARN] ConditionMgr:1039 - genDependencies : Invalid condition id : Cortex-A Device cause : null
2025-03-06 09:22:27,366 [WARN] PackLoader:240 - Cannot read IP mode file for STMicroelectronics.X-CUBE-EEPRMA1.5.1.0
2025-03-06 09:22:27,375 [WARN] PackLoader:240 - Cannot read IP mode file for wolfSSL.I-CUBE-wolfSSL.5.7.4
2025-03-06 09:22:27,386 [WARN] PackLoader:240 - Cannot read IP mode file for ITTIA_DB.I-CUBE-ITTIADB.8.9.0
2025-03-06 09:22:27,408 [WARN] PackLoader:240 - Cannot read IP mode file for SEGGER.I-CUBE-embOS.1.3.1
2025-03-06 09:22:27,453 [WARN] PackLoader:240 - Cannot read IP mode file for STMicroelectronics.X-CUBE-ALGOBUILD.1.4.0
2025-03-06 09:22:27,461 [WARN] PackLoader:240 - Cannot read IP mode file for STMicroelectronics.X-CUBE-AI.9.1.0
2025-03-06 09:22:27,477 [WARN] PackLoader:240 - Cannot read IP mode file for STMicroelectronics.X-CUBE-AZRTOS-F4.1.1.0
2025-03-06 09:22:27,486 [WARN] PackLoader:240 - Cannot read IP mode file for STMicroelectronics.X-CUBE-ISPU.2.1.0
2025-03-06 09:22:27,494 [WARN] PackLoader:240 - Cannot read IP mode file for STMicroelectronics.X-CUBE-FREERTOS.1.2.0
2025-03-06 09:22:27,509 [WARN] PackLoader:240 - Cannot read IP mode file for STMicroelectronics.X-CUBE-AZRTOS-L5.2.0.0
2025-03-06 09:22:27,518 [WARN] PackLoader:240 - Cannot read IP mode file for STMicroelectronics.X-CUBE-NFC6.3.1.0
2025-03-06 09:22:27,528 [WARN] PackLoader:240 - Cannot read IP mode file for STMicroelectronics.X-CUBE-DPower.1.2.0
2025-03-06 09:22:27,536 [WARN] PackLoader:240 - Cannot read IP mode file for STMicroelectronics.X-CUBE-FREERTOS.1.3.0
2025-03-06 09:22:27,544 [WARN] PackLoader:240 - Cannot read IP mode file for STMicroelectronics.X-CUBE-NFC7.1.0.1
2025-03-06 09:22:27,560 [WARN] ConditionMgr:438 - getConditionDescription Invalid condition id : LAN8742 Phy interface Condition cause : null
2025-03-06 09:22:27,560 [WARN] PackLoader:240 - Cannot read IP mode file for STMicroelectronics.X-CUBE-AZRTOS-L4.2.0.0
2025-03-06 09:22:27,561 [WARN] ConditionMgr:1039 - genDependencies : Invalid condition id : LAN8742 Phy interface Condition cause : null
2025-03-06 09:22:27,561 [WARN] ConditionMgr:1039 - genDependencies : Invalid condition id : LAN8742 Phy interface Condition cause : null
2025-03-06 09:22:27,562 [WARN] ConditionMgr:1039 - genDependencies : Invalid condition id : LAN8742 Phy interface Condition cause : null
2025-03-06 09:22:27,573 [WARN] PackLoader:240 - Cannot read IP mode file for STMicroelectronics.X-CUBE-SFXS2LP1.4.0.0
2025-03-06 09:22:27,596 [WARN] PackLoader:240 - Cannot read IP mode file for STMicroelectronics.X-CUBE-AZRTOS-H7.3.3.0
2025-03-06 09:22:27,610 [WARN] PackLoader:240 - Cannot read IP mode file for STMicroelectronics.X-CUBE-IPS.3.0.0
2025-03-06 09:22:27,624 [WARN] ConditionMgr:438 - getConditionDescription Invalid condition id : UX DEVICE CLASS RTOS Condition cause : null
2025-03-06 09:22:27,624 [WARN] ConditionMgr:438 - getConditionDescription Invalid condition id : UX DEVICE CLASS RTOS Condition cause : null
2025-03-06 09:22:27,625 [WARN] PackLoader:240 - Cannot read IP mode file for STMicroelectronics.X-CUBE-AZRTOS-WB.2.0.0
2025-03-06 09:22:27,625 [WARN] ConditionMgr:1039 - genDependencies : Invalid condition id : UX DEVICE CLASS RTOS Condition cause : null
2025-03-06 09:22:27,625 [WARN] ConditionMgr:1039 - genDependencies : Invalid condition id : UX DEVICE CLASS RTOS Condition cause : null
2025-03-06 09:22:27,625 [WARN] ConditionMgr:1039 - genDependencies : Invalid condition id : UX DEVICE CLASS RTOS Condition cause : null
2025-03-06 09:22:27,625 [WARN] ConditionMgr:1039 - genDependencies : Invalid condition id : UX DEVICE CLASS RTOS Condition cause : null
2025-03-06 09:22:27,625 [WARN] ConditionMgr:1039 - genDependencies : Invalid condition id : UX DEVICE CLASS RTOS Condition cause : null
2025-03-06 09:22:27,633 [WARN] PackLoader:240 - Cannot read IP mode file for STMicroelectronics.X-CUBE-GNSS1.7.0.0
2025-03-06 09:22:27,641 [WARN] PackLoader:240 - Cannot read IP mode file for STMicroelectronics.X-CUBE-GNSS1.7.0.1
2025-03-06 09:22:27,649 [WARN] PackLoader:240 - Cannot read IP mode file for STMicroelectronics.FP-SNS-STBOX1.2.0.0
2025-03-06 09:22:27,659 [WARN] PackLoader:240 - Cannot read IP mode file for STMicroelectronics.X-CUBE-SUBG2.5.0.0
2025-03-06 09:22:27,668 [WARN] PackLoader:240 - Cannot read IP mode file for Cesanta.I-CUBE-Mongoose.7.13.0
2025-03-06 09:22:27,680 [WARN] PackLoader:240 - Cannot read IP mode file for STMicroelectronics.X-CUBE-AZRTOS-G4.2.0.0
2025-03-06 09:22:27,687 [ERROR] Engine:466 - C:\Users\user\.stm32cubemx\thirdparties\pdsc\STMicroelectronics.X-CUBE-IPS.3.1.0.pdsc: PDSC version is not supported
2025-03-06 09:22:27,693 [WARN] PackLoader:240 - Cannot read IP mode file for STMicroelectronics.X-CUBE-ALS.1.0.2
2025-03-06 09:22:27,700 [WARN] PackLoader:240 - Cannot read IP mode file for STMicroelectronics.X-CUBE-TOUCHGFX.4.24.2
2025-03-06 09:22:27,707 [WARN] PackLoader:240 - Cannot read IP mode file for STMicroelectronics.X-CUBE-TOUCHGFX.4.24.1
2025-03-06 09:22:27,713 [WARN] PackLoader:240 - Cannot read IP mode file for wolfSSL.I-CUBE-wolfTPM.3.4.0
2025-03-06 09:22:27,719 [WARN] PackLoader:240 - Cannot read IP mode file for portGmbH.I-Cube-SoM-uGOAL.1.1.0
2025-03-06 09:22:27,733 [WARN] PackLoader:240 - Cannot read IP mode file for STMicroelectronics.X-CUBE-AZRTOS-H7RS.1.0.0
2025-03-06 09:22:27,748 [WARN] PackLoader:240 - Cannot read IP mode file for STMicroelectronics.X-CUBE-TOF1.3.4.2
2025-03-06 09:22:27,774 [WARN] PackLoader:240 - Cannot read IP mode file for Infineon.AIROC-Wi-Fi-Bluetooth-STM32.1.6.1
2025-03-06 09:22:27,785 [WARN] PackLoader:240 - Cannot read IP mode file for wolfSSL.I-CUBE-wolfSSH.1.4.17
2025-03-06 09:22:27,786 [INFO] ThirdParty:978 - Integrity check success = true
2025-03-06 09:22:27,786 [INFO] IntegrityCheckThread:100 - exiting critical section [integrity check]
2025-03-06 09:22:27,786 [INFO] IntegrityCheckThread:103 - End integrity checks thread
2025-03-06 09:22:28,819 [INFO] WebApp:161 - Instantiating new browser for Auth
2025-03-06 09:22:29,157 [INFO] WebApp:780 - Register for checkConnection events
2025-03-06 09:22:29,157 [INFO] WebApp:414 - Apply proxy settings
2025-03-06 09:22:29,158 [INFO] WebApp:499 - Chromium requires no authentication
2025-03-06 09:22:29,162 [INFO] WebApp:442 - Direct internet connection detected
2025-03-06 09:22:29,245 [INFO] WebApp:192 - Starting web application
2025-03-06 09:22:29,245 [INFO] WebApp:544 - Web application path used C:\ST\STM32CubeIDE_1.14.1\STM32CubeIDE\plugins\com.st.stm32cube.common.mx_6.10.0.202311202037\db\plugins\mcufinder\reactClient1\index.html
2025-03-06 09:22:49,738 [ERROR] LogOutputStream:75 - [STDERR_REDIRECT] SLF4J: Failed to load class "org.slf4j.impl.StaticLoggerBinder".
2025-03-06 09:22:49,738 [ERROR] LogOutputStream:75 - [STDERR_REDIRECT] SLF4J: Defaulting to no-operation (NOP) logger implementation
2025-03-06 09:22:49,738 [ERROR] LogOutputStream:75 - [STDERR_REDIRECT] SLF4J: See http://www.slf4j.org/codes.html#StaticLoggerBinder for further details.
2025-03-06 09:30:38,047 [INFO] McuFinderGlobals:63 - Set McuFinder mode to 2 (CubeIDE integrated)
2025-03-06 09:30:38,060 [INFO] MainUpdater:2873 - connection check result : 10
2025-03-06 09:30:38,064 [INFO] MainUpdater:2873 - connection check result : 10
2025-03-06 09:30:38,150 [INFO] MicroXplorer:468 - Change Database Path : 
2025-03-06 09:30:38,150 [INFO] MicroXplorer:498 - Change Database Version : DB.6.0.100
2025-03-06 09:30:38,153 [WARN] ThirdParty:871 - waiting for thirdparty lock release [close project]
2025-03-06 09:30:38,153 [INFO] ThirdParty:873 - entering critical section [close project]
2025-03-06 09:30:38,154 [INFO] ThirdParty:883 - exiting critical section [close project]
2025-03-06 09:30:38,154 [INFO] PinOutPanel:1499 - setPackage(No Configuration,No Configuration)
2025-03-06 09:30:38,156 [INFO] UtilMem:75 - Begin LoadConfig() Used Memory: 710059360 Bytes (1073741824)
2025-03-06 09:30:38,156 [INFO] MicroXplorer:468 - Change Database Path : 
2025-03-06 09:30:38,156 [INFO] MicroXplorer:498 - Change Database Version : DB.6.0.100
2025-03-06 09:30:38,156 [INFO] OpenFileManager:312 - Change cursor
2025-03-06 09:30:38,175 [INFO] Mcu:2016 - Initializing MCU STM32F411R(C-E)Tx STM32F411RETx STM32F411RET6
2025-03-06 09:30:38,921 [INFO] Context:659 - Trying to add GPIOservice into a context  which must be forbidden
2025-03-06 09:30:39,208 [INFO] RtosManager:555 - Registered RTOS mode: class=CMSIS, group=RTOS, mode=CMSIS_V1, owner=FREERTOS
2025-03-06 09:30:39,209 [INFO] RtosManager:555 - Registered RTOS mode: class=CMSIS, group=RTOS2, mode=CMSIS_V2, owner=FREERTOS
2025-03-06 09:30:39,209 [INFO] RtosManager:555 - Registered RTOS mode: class=RTOS, group=Core, mode=CMSIS_V1, owner=FREERTOS
2025-03-06 09:30:39,209 [INFO] RtosManager:555 - Registered RTOS mode: class=RTOS, group=Core, mode=CMSIS_V2, owner=FREERTOS
2025-03-06 09:30:39,209 [WARN] ModelIntegratedComponent:184 - Missing modes for component STMicroelectronics:FreeRTOS:0.0.1:STMicroelectronics:RTOS:FreeRTOS:Core:::10.2.0:
2025-03-06 09:30:39,216 [WARN] ModelIntegratedComponent:182 - Modes not found for component STMicroelectronics:USB_HOST:1.0.0:STMicroelectronics:USB::USB Host:Audio HS::1.0:USB_HOST_1_0_RESTRICTED_HS
2025-03-06 09:30:39,216 [WARN] ModelIntegratedComponent:188 - Modes not found for component STMicroelectronics:USB_HOST:1.0.0:STMicroelectronics:USB::USB Host:Audio HS::1.0:USB_HOST_1_0_RESTRICTED_HS
2025-03-06 09:30:39,216 [WARN] ModelIntegratedComponent:182 - Modes not found for component STMicroelectronics:USB_HOST:1.0.0:STMicroelectronics:USB::USB Host:CDC HS::1.0:USB_HOST_1_0_RESTRICTED_HS
2025-03-06 09:30:39,216 [WARN] ModelIntegratedComponent:188 - Modes not found for component STMicroelectronics:USB_HOST:1.0.0:STMicroelectronics:USB::USB Host:CDC HS::1.0:USB_HOST_1_0_RESTRICTED_HS
2025-03-06 09:30:39,216 [WARN] ModelIntegratedComponent:182 - Modes not found for component STMicroelectronics:USB_HOST:1.0.0:STMicroelectronics:USB::USB Host:MSC HS::1.0:USB_HOST_1_0_RESTRICTED_HS
2025-03-06 09:30:39,216 [WARN] ModelIntegratedComponent:188 - Modes not found for component STMicroelectronics:USB_HOST:1.0.0:STMicroelectronics:USB::USB Host:MSC HS::1.0:USB_HOST_1_0_RESTRICTED_HS
2025-03-06 09:30:39,216 [WARN] ModelIntegratedComponent:182 - Modes not found for component STMicroelectronics:USB_HOST:1.0.0:STMicroelectronics:USB::USB Host:HID HS::1.0:USB_HOST_1_0_RESTRICTED_HS
2025-03-06 09:30:39,216 [WARN] ModelIntegratedComponent:188 - Modes not found for component STMicroelectronics:USB_HOST:1.0.0:STMicroelectronics:USB::USB Host:HID HS::1.0:USB_HOST_1_0_RESTRICTED_HS
2025-03-06 09:30:39,216 [WARN] ModelIntegratedComponent:182 - Modes not found for component STMicroelectronics:USB_HOST:1.0.0:STMicroelectronics:USB::USB Host:MTP HS::1.0:USB_HOST_1_0_RESTRICTED_HS
2025-03-06 09:30:39,216 [WARN] ModelIntegratedComponent:188 - Modes not found for component STMicroelectronics:USB_HOST:1.0.0:STMicroelectronics:USB::USB Host:MTP HS::1.0:USB_HOST_1_0_RESTRICTED_HS
2025-03-06 09:30:39,221 [WARN] ModelIntegratedComponent:63 - No mode defined for component null
2025-03-06 09:30:39,221 [WARN] ModelIntegratedComponent:63 - No mode defined for component null
2025-03-06 09:30:39,221 [WARN] ModelIntegratedComponent:63 - No mode defined for component null
2025-03-06 09:30:39,221 [WARN] ModelIntegratedComponent:63 - No mode defined for component null
2025-03-06 09:30:39,221 [WARN] ModelIntegratedComponent:63 - No mode defined for component null
2025-03-06 09:30:39,221 [WARN] ModelIntegratedComponent:63 - No mode defined for component null
2025-03-06 09:30:39,221 [WARN] ModelIntegratedComponent:63 - No mode defined for component null
2025-03-06 09:30:39,221 [WARN] ModelIntegratedComponent:63 - No mode defined for component null
2025-03-06 09:30:39,221 [WARN] ModelIntegratedComponent:63 - No mode defined for component null
2025-03-06 09:30:39,221 [WARN] ModelIntegratedComponent:63 - No mode defined for component null
2025-03-06 09:30:39,221 [WARN] ModelIntegratedComponent:63 - No mode defined for component null
2025-03-06 09:30:39,221 [WARN] ModelIntegratedComponent:63 - No mode defined for component null
2025-03-06 09:30:39,221 [WARN] ModelIntegratedComponent:63 - No mode defined for component null
2025-03-06 09:30:39,221 [WARN] ModelIntegratedComponent:63 - No mode defined for component null
2025-03-06 09:30:39,221 [WARN] ModelIntegratedComponent:63 - No mode defined for component null
2025-03-06 09:30:39,221 [WARN] ModelIntegratedComponent:63 - No mode defined for component null
2025-03-06 09:30:39,221 [WARN] ModelIntegratedComponent:63 - No mode defined for component null
2025-03-06 09:30:39,222 [WARN] ModelIntegratedComponent:63 - No mode defined for component null
2025-03-06 09:30:39,222 [WARN] ModelIntegratedComponent:63 - No mode defined for component null
2025-03-06 09:30:39,222 [WARN] ModelIntegratedComponent:63 - No mode defined for component null
2025-03-06 09:30:39,222 [WARN] ModelIntegratedComponent:63 - No mode defined for component null
2025-03-06 09:30:39,222 [WARN] ModelIntegratedComponent:63 - No mode defined for component null
2025-03-06 09:30:39,222 [WARN] ModelIntegratedComponent:63 - No mode defined for component null
2025-03-06 09:30:39,222 [WARN] ModelIntegratedComponent:63 - No mode defined for component null
2025-03-06 09:30:39,222 [WARN] ModelIntegratedComponent:63 - No mode defined for component null
2025-03-06 09:30:39,222 [WARN] ModelIntegratedComponent:63 - No mode defined for component null
2025-03-06 09:30:39,222 [WARN] ModelIntegratedComponent:63 - No mode defined for component null
2025-03-06 09:30:39,222 [WARN] ModelIntegratedComponent:63 - No mode defined for component null
2025-03-06 09:30:39,222 [WARN] ModelIntegratedComponent:63 - No mode defined for component null
2025-03-06 09:30:39,222 [WARN] ModelIntegratedComponent:63 - No mode defined for component null
2025-03-06 09:30:39,222 [WARN] ModelIntegratedComponent:63 - No mode defined for component null
2025-03-06 09:30:39,222 [WARN] ModelIntegratedComponent:63 - No mode defined for component null
2025-03-06 09:30:39,222 [WARN] ModelIntegratedComponent:63 - No mode defined for component null
2025-03-06 09:30:39,279 [WARN] ModelIntegratedComponent:182 - Modes not found for component STMicroelectronics:USB_DEVICE:1.0.0:STMicroelectronics:USB::USB Device:Audio HS::1.0:USB_DEVICE_1_0_RESTRICTED_HS
2025-03-06 09:30:39,279 [WARN] ModelIntegratedComponent:188 - Modes not found for component STMicroelectronics:USB_DEVICE:1.0.0:STMicroelectronics:USB::USB Device:Audio HS::1.0:USB_DEVICE_1_0_RESTRICTED_HS
2025-03-06 09:30:39,279 [WARN] ModelIntegratedComponent:182 - Modes not found for component STMicroelectronics:USB_DEVICE:1.0.0:STMicroelectronics:USB::USB Device:CDC HS::1.0:USB_DEVICE_1_0_RESTRICTED_HS
2025-03-06 09:30:39,279 [WARN] ModelIntegratedComponent:188 - Modes not found for component STMicroelectronics:USB_DEVICE:1.0.0:STMicroelectronics:USB::USB Device:CDC HS::1.0:USB_DEVICE_1_0_RESTRICTED_HS
2025-03-06 09:30:39,279 [WARN] ModelIntegratedComponent:182 - Modes not found for component STMicroelectronics:USB_DEVICE:1.0.0:STMicroelectronics:USB::USB Device:DFU HS::1.0:USB_DEVICE_1_0_RESTRICTED_HS
2025-03-06 09:30:39,279 [WARN] ModelIntegratedComponent:188 - Modes not found for component STMicroelectronics:USB_DEVICE:1.0.0:STMicroelectronics:USB::USB Device:DFU HS::1.0:USB_DEVICE_1_0_RESTRICTED_HS
2025-03-06 09:30:39,279 [WARN] ModelIntegratedComponent:182 - Modes not found for component STMicroelectronics:USB_DEVICE:1.0.0:STMicroelectronics:USB::USB Device:HID HS::1.0:USB_DEVICE_1_0_RESTRICTED_HS
2025-03-06 09:30:39,279 [WARN] ModelIntegratedComponent:188 - Modes not found for component STMicroelectronics:USB_DEVICE:1.0.0:STMicroelectronics:USB::USB Device:HID HS::1.0:USB_DEVICE_1_0_RESTRICTED_HS
2025-03-06 09:30:39,279 [WARN] ModelIntegratedComponent:182 - Modes not found for component STMicroelectronics:USB_DEVICE:1.0.0:STMicroelectronics:USB::USB Device:Custom HID HS::1.0:USB_DEVICE_1_0_RESTRICTED_HS
2025-03-06 09:30:39,279 [WARN] ModelIntegratedComponent:188 - Modes not found for component STMicroelectronics:USB_DEVICE:1.0.0:STMicroelectronics:USB::USB Device:Custom HID HS::1.0:USB_DEVICE_1_0_RESTRICTED_HS
2025-03-06 09:30:39,279 [WARN] ModelIntegratedComponent:182 - Modes not found for component STMicroelectronics:USB_DEVICE:1.0.0:STMicroelectronics:USB::USB Device:MSC HS::1.0:USB_DEVICE_1_0_RESTRICTED_HS
2025-03-06 09:30:39,279 [WARN] ModelIntegratedComponent:188 - Modes not found for component STMicroelectronics:USB_DEVICE:1.0.0:STMicroelectronics:USB::USB Device:MSC HS::1.0:USB_DEVICE_1_0_RESTRICTED_HS
2025-03-06 09:30:39,291 [INFO] ThirdPartyModel:298 - Start build external matchings
2025-03-06 09:30:39,529 [INFO] ThirdPartyModel:316 - End build external matchings
2025-03-06 09:30:39,538 [INFO] ImportTextPane:194 - (OptionalMessage_ERROR) IP (RCC) : Parameter (48MHZClocksFreq_Value) has invalid value (84000000)
2025-03-06 09:30:39,539 [INFO] ImportTextPane:194 - (OptionalMessage_ERROR) IP (RCC) : Parameter (FLatency) has Id (AdvancedSettings) currently not set
2025-03-06 09:30:39,539 [INFO] ImportTextPane:194 - (OptionalMessage_ERROR) IP (RCC) : Parameter (RTCHSEDivFreq_Value) has invalid value (4000000)
2025-03-06 09:30:39,677 [INFO] UtilMem:75 - End LoadConfig() Used Memory: 917673840 Bytes (1073741824)
2025-03-06 09:30:39,737 [INFO] ApiDb:581 - Connected to CubeFinder SQLite database (C:\Users\user\.stmcufinder\plugins\mcufinder\mcu\cube-finder-db.db)
2025-03-06 09:30:39,784 [INFO] ApiDb:668 - CubeFinder database Data Model version=2.1
2025-03-06 09:30:39,784 [INFO] ApiDb:669 - CubeFinder database Configuration version=3.0.39
2025-03-06 09:30:39,784 [INFO] ApiDb:670 - CubeFinder database generation date=2025-02-18 (1739885696)
2025-03-06 09:30:39,784 [INFO] ApiDb:671 - CubeFinder database FW Pack versions=[FP-ATR-ASTRA1_V2.0.0, FP-SNS-FLIGHT1_V5.0.2, FP-SNS-MOTENV1_V5.0.0, FP-SNS-MOTENVWB1_V1.4.0, FP-SNS-SMARTAG2_V1.2.0, FP-SNS-STBOX1_V2.0.0, STM32Cube_FW_C0_V1.4.0, STM32Cube_FW_F4_V1.28.1, STM32Cube_FW_F7_V1.17.2, STM32Cube_FW_G0_V1.6.2, STM32Cube_FW_G4_V1.6.1, STM32Cube_FW_H5_V1.5.0, STM32Cube_FW_H7RS_V1.2.0, STM32Cube_FW_H7_V1.12.1, STM32Cube_FW_L0_V1.12.2, STM32Cube_FW_L4_V1.18.1, STM32Cube_FW_L5_V1.5.1, STM32Cube_FW_N6_V1.1.0, STM32Cube_FW_U0_V1.2.0, STM32Cube_FW_U3_V1.1.0, STM32Cube_FW_U5_V1.7.0, STM32Cube_FW_WB0_V1.2.0, STM32Cube_FW_WBA_V1.6.0, STM32Cube_FW_WB_V1.22.0, STM32Cube_FW_WL3_V1.1.0, STM32Cube_FW_WL_V1.3.1, X-CUBE-ALGOBUILD_V1.4.0, X-CUBE-ALS_V1.0.2, X-CUBE-AZRTOS-F4_V1.1.0, X-CUBE-AZRTOS-F7_V1.1.0, X-CUBE-AZRTOS-G0_V1.1.0, X-CUBE-AZRTOS-G4_V2.0.0, X-CUBE-AZRTOS-H7RS_V1.0.0, X-CUBE-AZRTOS-H7_V3.3.0, X-CUBE-AZRTOS-L4_V2.0.0, X-CUBE-AZRTOS-L5_V2.0.0, X-CUBE-AZRTOS-WB_V2.0.0, X-CUBE-AZRTOS-WL_V2.0.0, X-CUBE-BLE1_V7.0.0, X-CUBE-BLE2_V3.3.0, X-CUBE-BLEMGR_V4.0.0, X-CUBE-EEPRMA1_V5.1.0, X-CUBE-FREERTOS_V1.3.0, X-CUBE-GNSS1_V6.0.0, X-CUBE-MEMS1_V11.1.0, X-CUBE-NFC4_V3.0.0, X-CUBE-NFC7_V1.0.1, X-CUBE-SFXS2LP1_V4.0.0, X-CUBE-SUBG2_V5.0.0, X-CUBE-TOF1_V3.4.2]
2025-03-06 09:30:41,270 [INFO] ApiDb:240 - Found 371 in-development CPN: [B-G473E-ZEST1S, B-WB1M-WPAN1, B-WL5M-SUBG1, NUCLEO-C031C6, NUCLEO-H503RB, NUCLEO-H563ZI, NUCLEO-U545RE-Q, NUCLEO-U5A5ZJ-Q, NUCLEO-WBA52CG, NUCLEO-WBA55CG, STEVAL-MKBOXPRO, STEVAL-PROTEUS1, STEVAL-STWINBX1, STM320518-EVAL, STM32C0116-DK, STM32C011D6Y3TR, STM32C011D6Y6TR, STM32C011F4P3, STM32C011F4P6, STM32C011F4U3, STM32C011F4U6TR, STM32C011F6P3, STM32C011F6P6, STM32C011F6U3, STM32C011F6U6TR, STM32C011J4M3, STM32C011J4M6, STM32C011J6M3, STM32C011J6M6, STM32C0316-DK, STM32C031C4T3, STM32C031C4T6, STM32C031C4U3, STM32C031C4U6, STM32C031C6T3, STM32C031C6T6, STM32C031C6U3, STM32C031C6U6, STM32C031F4P3, STM32C031F4P6, STM32C031F6P3, STM32C031F6P6, STM32C031G4U3, STM32C031G4U6, STM32C031G6U3, STM32C031G6U6, STM32C031K4T3, STM32C031K4T6, STM32C031K4U3, STM32C031K4U6, STM32C031K6T3, STM32C031K6T6, STM32C031K6U3, STM32C031K6U6, STM32G071K8TXN, STM32G071K8UXN, STM32G081GBU6N, STM32G081KBT6N, STM32G081KBUXN, STM32G0B1CCT6N, STM32G0B1KCT6, STM32G0B1NEY6TR, STM32G0B1RCT6N, STM32G0C1CCT6, STM32G0C1CCT6N, STM32G0C1CCU6N, STM32G0C1CET6N, STM32G0C1CEU6N, STM32G0C1KCT6, STM32G0C1NEY6TR, STM32G0C1RCI6N, STM32G0C1RCT6N, STM32G0C1REI6N, STM32G0C1RET6N, STM32G0C1VCI6, STM32G0C1VEI6, STM32G471CCT6, STM32G471CCU6, STM32G471CET3, STM32G471CET6, STM32G471CEU3, STM32G471CEU6, STM32G471MCT6, STM32G471MET3, STM32G471MET6, STM32G471MEY6TR, STM32G471QCT6, STM32G471QET3, STM32G471RCT6, STM32G471RET3, STM32G471RET6, STM32G471VCH6, STM32G471VCI6, STM32G471VCT6, STM32G471VEH3, STM32G471VEH6, STM32G471VEI3, STM32G471VEI6, STM32G471VET3, STM32G471VET6, STM32G474CCT6, STM32H503CBT6, STM32H503CBU6, STM32H503EBY6TR, STM32H503KBU6, STM32H503RBT6, STM32H562AGI6, STM32H562AII6, STM32H562IGK6, STM32H562IGT6, STM32H562IIK6, STM32H562IIT6, STM32H562RGT6, STM32H562RGV6, STM32H562RIT6, STM32H562RIV6, STM32H562VGT6, STM32H562VIT6, STM32H562ZGT6, STM32H562ZIT6, STM32H563AGI6, STM32H563AII3Q, STM32H563AII6, STM32H563IGK6, STM32H563IGT6, STM32H563IIK3Q, STM32H563IIK6, STM32H563IIT3Q, STM32H563IIT6, STM32H563MIY3QTR, STM32H563RGT6, STM32H563RGV6, STM32H563RIT6, STM32H563RIV6, STM32H563VGT6, STM32H563VIT3Q, STM32H563VIT6, STM32H563ZGT6, STM32H563ZIT3Q, STM32H563ZIT6, STM32H573AII3Q, STM32H573AII6, STM32H573I-DK, STM32H573IIK3Q, STM32H573IIK6, STM32H573IIT3Q, STM32H573IIT6, STM32H573MIY3QTR, STM32H573RIT6, STM32H573RIV6, STM32H573VIT3Q, STM32H573VIT6, STM32H573ZIT3Q, STM32H573ZIT6, STM32L4R5QGI6STR, STM32MP131AAE3, STM32MP131AAF3, STM32MP131AAG3, STM32MP131CAE3, STM32MP131CAF3, STM32MP131CAG3, STM32MP131DAE7, STM32MP131DAF7, STM32MP131DAG7, STM32MP131FAE7, STM32MP131FAF7, STM32MP131FAG7, STM32MP133AAE3, STM32MP133AAF3, STM32MP133AAG3, STM32MP133CAE3, STM32MP133CAF3, STM32MP133CAG3, STM32MP133DAE7, STM32MP133DAF7, STM32MP133DAG7, STM32MP133FAE7, STM32MP133FAF7, STM32MP133FAG7, STM32MP135AAE3, STM32MP135AAF3, STM32MP135AAG3, STM32MP135CAE3, STM32MP135CAF3, STM32MP135CAG3, STM32MP135DAE7, STM32MP135DAF7, STM32MP135DAG7, STM32MP135F-DK, STM32MP135FAE7, STM32MP135FAF7, STM32MP135FAF7T, STM32MP135FAF7U, STM32MP135FAG7, STM32U535CBT6, STM32U535CBT6Q, STM32U535CBU6, STM32U535CBU6Q, STM32U535CCT6, STM32U535CCT6Q, STM32U535CCU6, STM32U535CCU6Q, STM32U535CET6, STM32U535CET6Q, STM32U535CEU6, STM32U535CEU6Q, STM32U535JEY6QTR, STM32U535NCY6QTR, STM32U535NEY6QTR, STM32U535RBI6, STM32U535RBI6Q, STM32U535RBT6, STM32U535RBT6Q, STM32U535RCI6, STM32U535RCI6Q, STM32U535RCT6, STM32U535RCT6Q, STM32U535REI6, STM32U535REI6Q, STM32U535RET6, STM32U535RET6Q, STM32U535VCI6, STM32U535VCI6Q, STM32U535VCT6, STM32U535VCT6Q, STM32U535VEI6, STM32U535VEI6Q, STM32U535VET6, STM32U535VET6Q, STM32U545CET6, STM32U545CET6Q, STM32U545CEU6, STM32U545CEU6Q, STM32U545JEY6QTR, STM32U545NEY6QTR, STM32U545REI6, STM32U545REI6Q, STM32U545RET6, STM32U545RET6Q, STM32U545VEI6, STM32U545VEI6Q, STM32U545VET6, STM32U545VET6Q, STM32U595AIH6, STM32U595AIH6Q, STM32U595AJH6, STM32U595AJH6Q, STM32U595QII6, STM32U595QII6Q, STM32U595QJI6, STM32U595QJI6Q, STM32U595RIT6, STM32U595RIT6Q, STM32U595RJT6, STM32U595RJT6Q, STM32U595VIT6, STM32U595VIT6Q, STM32U595VJT6, STM32U595VJT6Q, STM32U595ZIT6, STM32U595ZIT6Q, STM32U595ZIY6QTR, STM32U595ZJT6, STM32U595ZJT6Q, STM32U595ZJY6QTR, STM32U599BJY6QTR, STM32U599NIH6Q, STM32U599NJH6Q, STM32U599VIT6Q, STM32U599VJT6, STM32U599VJT6Q, STM32U599ZIT6Q, STM32U599ZIY6QTR, STM32U599ZJT6Q, STM32U599ZJY6QTR, STM32U5A5AJH6, STM32U5A5AJH6Q, STM32U5A5QJI6, STM32U5A5QJI6Q, STM32U5A5RJT6, STM32U5A5RJT6Q, STM32U5A5VJT6, STM32U5A5VJT6Q, STM32U5A5ZJT6, STM32U5A5ZJT6Q, STM32U5A5ZJY6QTR, STM32U5A9BJY6QTR, STM32U5A9J-DK, STM32U5A9NJH6Q, STM32U5A9VJT6Q, STM32U5A9ZJT6Q, STM32U5A9ZJY6QTR, STM32U5F7VIT6, STM32U5F7VIT6Q, STM32U5F7VJT6, STM32U5F7VJT6Q, STM32U5F9BJY6QTR, STM32U5F9NJH6Q, STM32U5F9VIT6Q, STM32U5F9VJT6Q, STM32U5F9ZIJ6QTR, STM32U5F9ZIT6Q, STM32U5F9ZJJ6QTR, STM32U5F9ZJT6Q, STM32U5G7VJT6, STM32U5G7VJT6Q, STM32U5G9BJY6QTR, STM32U5G9J-DK1, STM32U5G9J-DK2, STM32U5G9NJH6Q, STM32U5G9VJT6Q, STM32U5G9ZJJ6QTR, STM32U5G9ZJT6Q, STM32WB1MMCH6, STM32WBA50KEU6, STM32WBA50KEU6TR, STM32WBA50KGU6, STM32WBA50KGU6TR, STM32WBA52CEU6, STM32WBA52CEU6TR, STM32WBA52CEU7, STM32WBA52CEU7TR, STM32WBA52CGU6, STM32WBA52CGU6TR, STM32WBA52CGU6U, STM32WBA52CGU7, STM32WBA52CGU7TR, STM32WBA52KEU6, STM32WBA52KEU6TR, STM32WBA52KGU6, STM32WBA52KGU6TR, STM32WBA54CEU6, STM32WBA54CEU6TR, STM32WBA54CEU7, STM32WBA54CEU7TR, STM32WBA54CGU6, STM32WBA54CGU6TR, STM32WBA54CGU7, STM32WBA54CGU7TR, STM32WBA54KEU6, STM32WBA54KEU6TR, STM32WBA54KEU7, STM32WBA54KEU7TR, STM32WBA54KGU6, STM32WBA54KGU6TR, STM32WBA54KGU7, STM32WBA54KGU7TR, STM32WBA55CEU6, STM32WBA55CEU6TR, STM32WBA55CEU7, STM32WBA55CEU7TR, STM32WBA55CGU6, STM32WBA55CGU6TR, STM32WBA55CGU6U, STM32WBA55CGU7, STM32WBA55CGU7TR, STM32WBA55G-DK1, STM32WBA55HEF6, STM32WBA55HEF7, STM32WBA55HGF6, STM32WBA55HGF7, STM32WBA55UEI6, STM32WBA55UEI6TR, STM32WBA55UEI7, STM32WBA55UEI7TR, STM32WBA55UGI6, STM32WBA55UGI6TR, STM32WBA55UGI7, STM32WBA55UGI7TR, STM32WL5MOCH6, STM32WL5MOCH6TR]
2025-03-06 09:30:41,272 [INFO] DbMcus:218 - Found 4565 MCUs, 4565 are supported
2025-03-06 09:30:41,272 [INFO] ApiDb:423 - Load user favorites file C:\Users\user/.stm32cubeide/favorites.mcus.txt: 0 item(s)
2025-03-06 09:30:41,272 [INFO] ApiDb:427 - User favorites MCUs=[]
2025-03-06 09:30:41,272 [INFO] DbMcus:224 - Set 0 / 0 favorites MCUs
2025-03-06 09:30:41,514 [INFO] MicroXplorer:468 - Change Database Path : 
2025-03-06 09:30:41,514 [INFO] MicroXplorer:498 - Change Database Version : DB.6.0.100
2025-03-06 09:30:41,514 [WARN] ThirdParty:833 - waiting for thirdparty lock release [change project]
2025-03-06 09:30:41,514 [INFO] ThirdParty:835 - entering critical section [change project]
2025-03-06 09:30:41,514 [INFO] ThirdParty:1030 - CMSIS Pack Vendor :STMicroelectronics USBPD 4.1
2025-03-06 09:30:41,514 [INFO] ThirdParty:1030 - CMSIS Pack Vendor :STMicroelectronics X-CUBE-AZRTOS-H7 3.3.0
2025-03-06 09:30:41,514 [INFO] ThirdParty:1030 - CMSIS Pack Vendor :STMicroelectronics X-CUBE-NFC9 1.0.0
2025-03-06 09:30:41,514 [INFO] ThirdParty:1030 - CMSIS Pack Vendor :STMicroelectronics USB_HOST 2.0.0
2025-03-06 09:30:41,514 [INFO] ThirdParty:1030 - CMSIS Pack Vendor :STMicroelectronics FP-SNS-MOTENVWB1 1.4.0
2025-03-06 09:30:41,514 [INFO] ThirdParty:1030 - CMSIS Pack Vendor :STMicroelectronics X-CUBE-AZRTOS-F4 1.1.0
2025-03-06 09:30:41,514 [INFO] ThirdParty:1030 - CMSIS Pack Vendor :STMicroelectronics LIBJPEG 8.0.0
2025-03-06 09:30:41,514 [INFO] ThirdParty:1030 - CMSIS Pack Vendor :STMicroelectronics FP-ATR-ASTRA1 2.0.2
2025-03-06 09:30:41,514 [INFO] ThirdParty:1030 - CMSIS Pack Vendor :STMicroelectronics FP-ATR-ASTRA1 2.0.1
2025-03-06 09:30:41,514 [INFO] ThirdParty:1030 - CMSIS Pack Vendor :STMicroelectronics X-CUBE-BLE1 7.1.0
2025-03-06 09:30:41,514 [INFO] ThirdParty:1030 - CMSIS Pack Vendor :STMicroelectronics X-CUBE-SMBUS 2.1.0
2025-03-06 09:30:41,514 [INFO] ThirdParty:1030 - CMSIS Pack Vendor :STMicroelectronics X-CUBE-WB05N 1.1.0
2025-03-06 09:30:41,514 [INFO] ThirdParty:1030 - CMSIS Pack Vendor :STMicroelectronics USB_DEVICE 3.0.0
2025-03-06 09:30:41,514 [INFO] ThirdParty:1030 - CMSIS Pack Vendor :STMicroelectronics X-CUBE-TCPP 4.1.0
2025-03-06 09:30:41,514 [INFO] ThirdParty:1030 - CMSIS Pack Vendor :STMicroelectronics X-CUBE-ISPU 2.1.0
2025-03-06 09:30:41,514 [INFO] ThirdParty:1030 - CMSIS Pack Vendor :STMicroelectronics X-CUBE-FREERTOS 1.2.0
2025-03-06 09:30:41,514 [INFO] ThirdParty:1030 - CMSIS Pack Vendor :STMicroelectronics X-CUBE-IPS 3.0.0
2025-03-06 09:30:41,514 [INFO] ThirdParty:1030 - CMSIS Pack Vendor :STMicroelectronics X-CUBE-AZRTOS-WB 2.0.0
2025-03-06 09:30:41,514 [INFO] ThirdParty:1030 - CMSIS Pack Vendor :STMicroelectronics X-CUBE-GNSS1 7.0.0
2025-03-06 09:30:41,514 [INFO] ThirdParty:1030 - CMSIS Pack Vendor :STMicroelectronics X-CUBE-GNSS1 7.0.1
2025-03-06 09:30:41,514 [INFO] ThirdParty:1030 - CMSIS Pack Vendor :STMicroelectronics X-CUBE-AZRTOS-F7 1.1.0
2025-03-06 09:30:41,514 [INFO] ThirdParty:1030 - CMSIS Pack Vendor :STMicroelectronics X-CUBE-AZRTOS-L5 2.0.0
2025-03-06 09:30:41,514 [INFO] ThirdParty:1030 - CMSIS Pack Vendor :STMicroelectronics USB_DEVICE 2.0.0
2025-03-06 09:30:41,514 [INFO] ThirdParty:1030 - CMSIS Pack Vendor :STMicroelectronics X-CUBE-NFC6 3.1.0
2025-03-06 09:30:41,514 [INFO] ThirdParty:1030 - CMSIS Pack Vendor :STMicroelectronics FP-SNS-STBOX1 2.0.0
2025-03-06 09:30:41,514 [INFO] ThirdParty:1030 - CMSIS Pack Vendor :STMicroelectronics X-CUBE-MEMS1 11.0.0
2025-03-06 09:30:41,514 [INFO] ThirdParty:1030 - CMSIS Pack Vendor :STMicroelectronics FreeRTOS 0.0.1
2025-03-06 09:30:41,514 [INFO] ThirdParty:1030 - CMSIS Pack Vendor :STMicroelectronics X-CUBE-AZRTOS-G0 1.1.0
2025-03-06 09:30:41,514 [INFO] ThirdParty:1030 - CMSIS Pack Vendor :STMicroelectronics X-CUBE-SAFEA1 1.2.2
2025-03-06 09:30:41,514 [INFO] ThirdParty:1030 - CMSIS Pack Vendor :STMicroelectronics X-CUBE-NFC4 3.0.0
2025-03-06 09:30:41,514 [INFO] ThirdParty:1030 - CMSIS Pack Vendor :STMicroelectronics X-CUBE-DPower 1.2.0
2025-03-06 09:30:41,514 [INFO] ThirdParty:1030 - CMSIS Pack Vendor :STMicroelectronics X-CUBE-SUBG2 5.0.0
2025-03-06 09:30:41,514 [INFO] ThirdParty:1030 - CMSIS Pack Vendor :STMicroelectronics STM32_WPAN 1.0.0
2025-03-06 09:30:41,514 [INFO] ThirdParty:1030 - CMSIS Pack Vendor :EmbeddedOffice I-CUBE-FS-RTOS 1.0.1
2025-03-06 09:30:41,514 [INFO] ThirdParty:1030 - CMSIS Pack Vendor :STMicroelectronics lwIP 2.0.3
2025-03-06 09:30:41,514 [INFO] ThirdParty:1030 - CMSIS Pack Vendor :STMicroelectronics FP-SNS-FLIGHT1 5.0.2
2025-03-06 09:30:41,514 [INFO] ThirdParty:1030 - CMSIS Pack Vendor :Cesanta I-CUBE-Mongoose 7.13.0
2025-03-06 09:30:41,514 [INFO] ThirdParty:1030 - CMSIS Pack Vendor :STMicroelectronics USB_HOST 1.0.0
2025-03-06 09:30:41,514 [INFO] ThirdParty:1030 - CMSIS Pack Vendor :STMicroelectronics X-CUBE-AZRTOS-G4 2.0.0
2025-03-06 09:30:41,514 [INFO] ThirdParty:1030 - CMSIS Pack Vendor :STMicroelectronics PDM2PCM 3.1.0
2025-03-06 09:30:41,514 [INFO] ThirdParty:1030 - CMSIS Pack Vendor :STMicroelectronics PDM2PCM 3.3.0
2025-03-06 09:30:41,514 [INFO] ThirdParty:1030 - CMSIS Pack Vendor :STMicroelectronics X-CUBE-DISPLAY 3.0.0
2025-03-06 09:30:41,514 [INFO] ThirdParty:1030 - CMSIS Pack Vendor :RealThread X-CUBE-RT-Thread_Nano 4.1.1
2025-03-06 09:30:41,514 [INFO] ThirdParty:1030 - CMSIS Pack Vendor :STMicroelectronics X-CUBE-BLE1 7.0.0
2025-03-06 09:30:41,515 [INFO] ThirdParty:1030 - CMSIS Pack Vendor :STMicroelectronics FP-ATR-SIGFOX1 3.2.0
2025-03-06 09:30:41,515 [INFO] ThirdParty:1030 - CMSIS Pack Vendor :STMicroelectronics X-CUBE-NFC10 1.0.0
2025-03-06 09:30:41,515 [INFO] ThirdParty:1030 - CMSIS Pack Vendor :quantropi X-CUBE-qispace-sdk-base 1.9.3
2025-03-06 09:30:41,515 [INFO] ThirdParty:1030 - CMSIS Pack Vendor :STMicroelectronics X-CUBE-BLEMGR 4.0.0
2025-03-06 09:30:41,515 [INFO] ThirdParty:1030 - CMSIS Pack Vendor :STMicroelectronics X-CUBE-EEPRMA1 5.1.0
2025-03-06 09:30:41,515 [INFO] ThirdParty:1030 - CMSIS Pack Vendor :STMicroelectronics HAL Drivers 0.0.0
2025-03-06 09:30:41,515 [INFO] ThirdParty:1030 - CMSIS Pack Vendor :STMicroelectronics MBEDTLS 2.16.2
2025-03-06 09:30:41,515 [INFO] ThirdParty:1030 - CMSIS Pack Vendor :STMicroelectronics X-CUBE-ALS 1.0.2
2025-03-06 09:30:41,515 [INFO] ThirdParty:1030 - CMSIS Pack Vendor :emotas I-CUBE-CANOPEN 1.3.0
2025-03-06 09:30:41,515 [INFO] ThirdParty:1030 - CMSIS Pack Vendor :STMicroelectronics X-CUBE-FREERTOS 1.3.0
2025-03-06 09:30:41,515 [INFO] ThirdParty:1030 - CMSIS Pack Vendor :wolfSSL I-CUBE-wolfSSL 5.7.4
2025-03-06 09:30:41,515 [INFO] ThirdParty:1030 - CMSIS Pack Vendor :STMicroelectronics X-CUBE-NFC7 1.0.1
2025-03-06 09:30:41,515 [INFO] ThirdParty:1030 - CMSIS Pack Vendor :STMicroelectronics MBEDTLS 2.14.1
2025-03-06 09:30:41,515 [INFO] ThirdParty:1030 - CMSIS Pack Vendor :ITTIA_DB I-CUBE-ITTIADB 8.9.0
2025-03-06 09:30:41,515 [INFO] ThirdParty:1030 - CMSIS Pack Vendor :STMicroelectronics X-CUBE-TOUCHGFX 4.24.2
2025-03-06 09:30:41,515 [INFO] ThirdParty:1030 - CMSIS Pack Vendor :STMicroelectronics X-CUBE-TOUCHGFX 4.24.1
2025-03-06 09:30:41,515 [INFO] ThirdParty:1030 - CMSIS Pack Vendor :wolfSSL I-CUBE-wolfTPM 3.4.0
2025-03-06 09:30:41,515 [INFO] ThirdParty:1030 - CMSIS Pack Vendor :portGmbH I-Cube-SoM-uGOAL 1.1.0
2025-03-06 09:30:41,515 [INFO] ThirdParty:1030 - CMSIS Pack Vendor :STMicroelectronics X-CUBE-BLEMGR 3.1.0
2025-03-06 09:30:41,515 [INFO] ThirdParty:1030 - CMSIS Pack Vendor :STMicroelectronics X-CUBE-AI 10.0.0
2025-03-06 09:30:41,515 [INFO] ThirdParty:1030 - CMSIS Pack Vendor :STMicroelectronics ThreadX 1.0.0
2025-03-06 09:30:41,515 [INFO] ThirdParty:1030 - CMSIS Pack Vendor :STMicroelectronics FP-SNS-SMARTAG2 1.2.0
2025-03-06 09:30:41,515 [INFO] ThirdParty:1030 - CMSIS Pack Vendor :STMicroelectronics X-CUBE-MEMS1 11.1.0
2025-03-06 09:30:41,515 [INFO] ThirdParty:1030 - CMSIS Pack Vendor :STMicroelectronics X-CUBE-AZRTOS-WL 2.0.0
2025-03-06 09:30:41,515 [INFO] ThirdParty:1030 - CMSIS Pack Vendor :SEGGER I-CUBE-embOS 1.3.1
2025-03-06 09:30:41,515 [INFO] ThirdParty:1030 - CMSIS Pack Vendor :STMicroelectronics X-CUBE-ALGOBUILD 1.4.0
2025-03-06 09:30:41,515 [INFO] ThirdParty:1030 - CMSIS Pack Vendor :STMicroelectronics FP-SNS-MOTENV1 5.0.0
2025-03-06 09:30:41,515 [INFO] ThirdParty:1030 - CMSIS Pack Vendor :STMicroelectronics USB_DEVICE 1.0.0
2025-03-06 09:30:41,515 [INFO] ThirdParty:1030 - CMSIS Pack Vendor :STMicroelectronics X-CUBE-AZRTOS-H7RS 1.0.0
2025-03-06 09:30:41,515 [INFO] ThirdParty:1030 - CMSIS Pack Vendor :wolfSSL I-CUBE-wolfMQTT 1.19.0
2025-03-06 09:30:41,515 [INFO] ThirdParty:1030 - CMSIS Pack Vendor :STMicroelectronics X-CUBE-AZRTOS-L4 2.0.0
2025-03-06 09:30:41,515 [INFO] ThirdParty:1030 - CMSIS Pack Vendor :STMicroelectronics ThreadX 0.0.2
2025-03-06 09:30:41,515 [INFO] ThirdParty:1030 - CMSIS Pack Vendor :WES I-CUBE-Cesium 1.3.0
2025-03-06 09:30:41,515 [INFO] ThirdParty:1030 - CMSIS Pack Vendor :STMicroelectronics lwIP 2.1.2
2025-03-06 09:30:41,516 [INFO] ThirdParty:1030 - CMSIS Pack Vendor :STMicroelectronics X-CUBE-SFXS2LP1 4.0.0
2025-03-06 09:30:41,516 [INFO] ThirdParty:1030 - CMSIS Pack Vendor :STMicroelectronics X-CUBE-BLE2 3.3.0
2025-03-06 09:30:41,516 [INFO] ThirdParty:1030 - CMSIS Pack Vendor :STMicroelectronics X-CUBE-TOF1 3.4.2
2025-03-06 09:30:41,516 [INFO] ThirdParty:1030 - CMSIS Pack Vendor :STMicroelectronics X-CUBE-AI 9.1.0
2025-03-06 09:30:41,516 [INFO] ThirdParty:1030 - CMSIS Pack Vendor :Infineon AIROC-Wi-Fi-Bluetooth-STM32 1.6.1
2025-03-06 09:30:41,516 [INFO] ThirdParty:1030 - CMSIS Pack Vendor :STMicroelectronics PDM2PCM 3.2.0
2025-03-06 09:30:41,516 [INFO] ThirdParty:1030 - CMSIS Pack Vendor :wolfSSL I-CUBE-wolfSSH 1.4.17
2025-03-06 09:30:41,516 [INFO] ThirdParty:841 - exiting critical section [change project]
2025-03-06 09:30:41,706 [INFO] PinOutPanel:1499 - setPackage(No Configuration,No Configuration)
2025-03-06 09:30:41,707 [INFO] PinOutPanel:1499 - setPackage(STM32F411RETx,LQFP64)
2025-03-06 09:30:41,967 [INFO] UtilMem:75 - Before build in PCC Used Memory: 668073144 Bytes (1073741824)
2025-03-06 09:30:42,644 [INFO] UtilMem:75 - After build in PCC Used Memory: 711182040 Bytes (1073741824)
2025-03-06 09:30:42,662 [INFO] IPUIPlugin:80 - create IPUIPlugin
2025-03-06 09:30:42,663 [INFO] IPUIPlugin:80 - create IPUIPlugin
2025-03-06 09:30:42,663 [INFO] IPUIPlugin:80 - create IPUIPlugin
2025-03-06 09:30:42,663 [INFO] IPUIPlugin:80 - create IPUIPlugin
2025-03-06 09:30:42,663 [INFO] IPUIPlugin:80 - create IPUIPlugin
2025-03-06 09:30:42,663 [INFO] IPUIPlugin:80 - create IPUIPlugin
2025-03-06 09:30:42,663 [INFO] IPUIPlugin:80 - create IPUIPlugin
2025-03-06 09:30:42,663 [INFO] IPUIPlugin:80 - create IPUIPlugin
2025-03-06 09:30:42,663 [INFO] IPUIPlugin:80 - create IPUIPlugin
2025-03-06 09:30:42,664 [INFO] IPUIPlugin:80 - create IPUIPlugin
2025-03-06 09:30:42,664 [INFO] IPUIPlugin:80 - create IPUIPlugin
2025-03-06 09:30:42,664 [INFO] IPUIPlugin:80 - create IPUIPlugin
2025-03-06 09:30:42,664 [INFO] IPUIPlugin:80 - create IPUIPlugin
2025-03-06 09:30:42,664 [INFO] IPUIPlugin:80 - create IPUIPlugin
2025-03-06 09:30:42,664 [INFO] IPUIPlugin:80 - create IPUIPlugin
2025-03-06 09:30:42,664 [INFO] IPUIPlugin:80 - create IPUIPlugin
2025-03-06 09:30:42,664 [INFO] IPUIPlugin:80 - create IPUIPlugin
2025-03-06 09:30:42,664 [INFO] IPUIPlugin:80 - create IPUIPlugin
2025-03-06 09:30:42,665 [INFO] IPUIPlugin:80 - create IPUIPlugin
2025-03-06 09:30:42,665 [INFO] IPUIPlugin:80 - create IPUIPlugin
2025-03-06 09:30:42,665 [INFO] IPUIPlugin:80 - create IPUIPlugin
2025-03-06 09:30:42,665 [INFO] IPUIPlugin:80 - create IPUIPlugin
2025-03-06 09:30:42,665 [INFO] IPUIPlugin:80 - create IPUIPlugin
2025-03-06 09:30:42,665 [INFO] IPUIPlugin:80 - create IPUIPlugin
2025-03-06 09:30:42,665 [INFO] IPUIPlugin:80 - create IPUIPlugin
2025-03-06 09:30:42,665 [INFO] IPUIPlugin:80 - create IPUIPlugin
2025-03-06 09:30:42,665 [INFO] IPUIPlugin:80 - create IPUIPlugin
2025-03-06 09:30:42,665 [INFO] IPUIPlugin:80 - create IPUIPlugin
2025-03-06 09:30:42,665 [INFO] IPUIPlugin:80 - create IPUIPlugin
2025-03-06 09:30:42,666 [INFO] IPUIPlugin:80 - create IPUIPlugin
2025-03-06 09:30:42,666 [INFO] IPUIPlugin:80 - create IPUIPlugin
2025-03-06 09:30:42,666 [INFO] IPUIPlugin:80 - create IPUIPlugin
2025-03-06 09:30:42,666 [INFO] IPUIPlugin:80 - create IPUIPlugin
2025-03-06 09:30:42,666 [INFO] IPUIPlugin:80 - create IPUIPlugin
2025-03-06 09:30:42,666 [INFO] IPUIPlugin:80 - create IPUIPlugin
2025-03-06 09:30:42,666 [INFO] IPUIPlugin:80 - create IPUIPlugin
2025-03-06 09:30:42,666 [INFO] IPUIPlugin:80 - create IPUIPlugin
2025-03-06 09:30:42,666 [INFO] IPUIPlugin:80 - create IPUIPlugin
2025-03-06 09:30:42,666 [INFO] IPUIPlugin:80 - create IPUIPlugin
2025-03-06 09:30:42,667 [INFO] IPUIPlugin:80 - create IPUIPlugin
2025-03-06 09:30:42,667 [INFO] IPUIPlugin:80 - create IPUIPlugin
2025-03-06 09:30:42,667 [INFO] IPUIPlugin:80 - create IPUIPlugin
2025-03-06 09:30:42,667 [INFO] IPUIPlugin:80 - create IPUIPlugin
2025-03-06 09:30:42,753 [INFO] ApiDbMcu:508 - Load IP Config File for PDM2PCM
2025-03-06 09:30:42,884 [INFO] CADModel:165 - CPN selected for project levelSTM32F411RET6
2025-03-06 09:30:42,884 [INFO] CADModel:114 - Register for checkConnection events
2025-03-06 09:30:42,926 [INFO] OpenFileManager:343 - Restore cursor
2025-03-06 16:15:47,316 [ERROR] LogOutputStream:75 - [STDERR_REDIRECT] 
