2024-12-01 14:29:17,026 [INFO] Activator:176 - 


2024-12-01 14:29:17,030 [INFO] Activator:177 - !SESSION log4j initialized
2024-12-01 14:29:20,646 [INFO] LogOutputStream:77 - [STDOUT_REDIRECT] 
2024-12-01 14:29:23,450 [INFO] ApplicationProperties:184 - Using Application install path: C:\ST\STM32CubeIDE_1.14.1\STM32CubeIDE\plugins\com.st.stm32cube.common.mx_6.10.0.202311202037
2024-12-01 14:29:23,463 [INFO] DbMcusXml:78 - Set database path to: C:\ST\STM32CubeIDE_1.14.1\STM32CubeIDE\plugins\com.st.stm32cube.common.mx_6.10.0.202311202037\\db\/mcu/
2024-12-01 14:29:23,463 [INFO] ApiDb:274 - Set plugin database path to: C:\ST\STM32CubeIDE_1.14.1\STM32CubeIDE\plugins\com.st.stm32cube.common.mx_6.10.0.202311202037\\db\/plugins/boardmanager/
2024-12-01 14:29:23,463 [WARN] ApiDb:259 - Overriding images path with different value:  => C:\ST\STM32CubeIDE_1.14.1\STM32CubeIDE\plugins\com.st.stm32cube.common.mx_6.10.0.202311202037\\db\/plugins/mcufinder/images/
2024-12-01 14:29:23,468 [INFO] ApiDb:250 - Set database path to: C:\Users\user\.stmcufinder\plugins\mcufinder//mcu/
2024-12-01 14:29:23,468 [INFO] DbMcusAds:125 - Set database path to: C:\Users\user\.stmcufinder\plugins\mcufinder//mcu/
2024-12-01 14:29:23,469 [INFO] CrossReferenceDbSqlite:203 - Set database path to: C:\Users\user\.stmcufinder\plugins\mcufinder//mcu/cs/
2024-12-01 14:29:23,531 [INFO] RulesReader:64 - Compatibility file has been processed (297 Rules)
2024-12-01 14:29:23,580 [INFO] DbMcusXml:78 - Set database path to: C:\ST\STM32CubeIDE_1.14.1\STM32CubeIDE\plugins\com.st.stm32cube.common.mx_6.10.0.202311202037\\db\/mcu/
2024-12-01 14:29:23,580 [INFO] ApiDb:274 - Set plugin database path to: C:\ST\STM32CubeIDE_1.14.1\STM32CubeIDE\plugins\com.st.stm32cube.common.mx_6.10.0.202311202037\\db\/plugins/boardmanager/
2024-12-01 14:29:23,581 [INFO] ApiDb:261 - Set plugin images path to: C:\ST\STM32CubeIDE_1.14.1\STM32CubeIDE\plugins\com.st.stm32cube.common.mx_6.10.0.202311202037\\db\/plugins/mcufinder/images/
2024-12-01 14:29:23,581 [WARN] DbFile:41 - Overriding database path with different value: C:\Users\user\.stmcufinder\plugins\mcufinder/ => C:\Users\user\.stmcufinder\plugins\mcufinder
2024-12-01 14:29:23,581 [INFO] ApiDb:250 - Set database path to: C:\Users\user\.stmcufinder\plugins\mcufinder//mcu/
2024-12-01 14:29:23,581 [WARN] DbFile:41 - Overriding database path with different value: C:\Users\user\.stmcufinder\plugins\mcufinder/ => C:\Users\user\.stmcufinder\plugins\mcufinder
2024-12-01 14:29:23,581 [INFO] DbMcusAds:125 - Set database path to: C:\Users\user\.stmcufinder\plugins\mcufinder//mcu/
2024-12-01 14:29:23,581 [WARN] DbFile:41 - Overriding database path with different value: C:\Users\user\.stmcufinder\plugins\mcufinder/ => C:\Users\user\.stmcufinder\plugins\mcufinder
2024-12-01 14:29:23,581 [WARN] DbFile:41 - Overriding database path with different value: C:\Users\user\.stmcufinder\plugins\mcufinder/ => C:\Users\user\.stmcufinder\plugins\mcufinder
2024-12-01 14:29:23,581 [INFO] CrossReferenceDbSqlite:203 - Set database path to: C:\Users\user\.stmcufinder\plugins\mcufinder//mcu/cs/
2024-12-01 14:29:23,630 [INFO] MainPanel:264 - HeapMemory: 268435456
2024-12-01 14:29:23,685 [INFO] DbMcusXml:78 - Set database path to: C:\ST\STM32CubeIDE_1.14.1\STM32CubeIDE\plugins\com.st.stm32cube.common.mx_6.10.0.202311202037\\db\/mcu/
2024-12-01 14:29:23,685 [INFO] ApiDb:274 - Set plugin database path to: C:\ST\STM32CubeIDE_1.14.1\STM32CubeIDE\plugins\com.st.stm32cube.common.mx_6.10.0.202311202037\\db\/plugins/boardmanager/
2024-12-01 14:29:23,685 [INFO] ApiDb:261 - Set plugin images path to: C:\ST\STM32CubeIDE_1.14.1\STM32CubeIDE\plugins\com.st.stm32cube.common.mx_6.10.0.202311202037\\db\/plugins/mcufinder/images/
2024-12-01 14:29:23,685 [WARN] DbFile:41 - Overriding database path with different value: C:\Users\user\.stmcufinder\plugins\mcufinder/ => C:\Users\user\.stmcufinder\plugins\mcufinder
2024-12-01 14:29:23,686 [INFO] ApiDb:250 - Set database path to: C:\Users\user\.stmcufinder\plugins\mcufinder//mcu/
2024-12-01 14:29:23,686 [WARN] DbFile:41 - Overriding database path with different value: C:\Users\user\.stmcufinder\plugins\mcufinder/ => C:\Users\user\.stmcufinder\plugins\mcufinder
2024-12-01 14:29:23,686 [INFO] DbMcusAds:125 - Set database path to: C:\Users\user\.stmcufinder\plugins\mcufinder//mcu/
2024-12-01 14:29:23,686 [WARN] DbFile:41 - Overriding database path with different value: C:\Users\user\.stmcufinder\plugins\mcufinder/ => C:\Users\user\.stmcufinder\plugins\mcufinder
2024-12-01 14:29:23,686 [WARN] DbFile:41 - Overriding database path with different value: C:\Users\user\.stmcufinder\plugins\mcufinder/ => C:\Users\user\.stmcufinder\plugins\mcufinder
2024-12-01 14:29:23,686 [INFO] CrossReferenceDbSqlite:203 - Set database path to: C:\Users\user\.stmcufinder\plugins\mcufinder//mcu/cs/
2024-12-01 14:29:23,698 [INFO] ApplicationProperties:184 - Using Application install path: C:\ST\STM32CubeIDE_1.14.1\STM32CubeIDE\plugins\com.st.stm32cube.common.mx_6.10.0.202311202037
2024-12-01 14:29:23,699 [INFO] PluginManage:196 - Search for loadable plugins [exclusion list=, ]
2024-12-01 14:29:23,700 [INFO] PluginManage:310 - Check plugin analytics
2024-12-01 14:29:23,809 [INFO] AnalyticsPlugin:253 - Accepted Software Licenses: 
2024-12-01 14:29:23,809 [INFO] AnalyticsPlugin:255 - Accepted CMSIS Pack Licenses: 
2024-12-01 14:29:23,809 [INFO] AnalyticsPlugin:257 - Accepted Firmware Licenses: FW.F4.1.28.0
2024-12-01 14:29:23,812 [INFO] PluginManage:359 - Loaded plugin analytics (category:tool,tabindex:-1)
2024-12-01 14:29:23,812 [INFO] PluginManage:310 - Check plugin cadmodel
2024-12-01 14:29:23,821 [INFO] CADModel:105 - Init CAD model plugin
2024-12-01 14:29:23,821 [INFO] PluginManage:359 - Loaded plugin cadmodel (category:power,tabindex:5)
2024-12-01 14:29:23,821 [INFO] PluginManage:310 - Check plugin clock
2024-12-01 14:29:23,836 [INFO] PluginManage:359 - Loaded plugin clock (category:base,tabindex:2)
2024-12-01 14:29:23,836 [INFO] PluginManage:310 - Check plugin ddr
2024-12-01 14:29:23,837 [INFO] PluginManage:359 - Loaded plugin ddr (category:tool,tabindex:6)
2024-12-01 14:29:23,838 [INFO] PluginManage:310 - Check plugin filemanager
2024-12-01 14:29:23,933 [INFO] PluginManage:359 - Loaded plugin filemanager (category:base,tabindex:10)
2024-12-01 14:29:23,934 [INFO] PluginManage:310 - Check plugin ipmanager
2024-12-01 14:29:23,938 [INFO] PluginManage:359 - Loaded plugin ipmanager (category:base,tabindex:5)
2024-12-01 14:29:23,938 [INFO] PluginManage:310 - Check plugin lpbam
2024-12-01 14:29:23,950 [INFO] PluginManage:359 - Loaded plugin lpbam (category:base,tabindex:0)
2024-12-01 14:29:23,950 [INFO] PluginManage:310 - Check plugin memorymap
2024-12-01 14:29:23,965 [INFO] PluginManage:359 - Loaded plugin memorymap (category:base,tabindex:4)
2024-12-01 14:29:23,965 [INFO] PluginManage:310 - Check plugin pinoutandconfiguration
2024-12-01 14:29:23,975 [INFO] PluginManage:359 - Loaded plugin pinoutandconfiguration (category:base,tabindex:1)
2024-12-01 14:29:23,975 [INFO] PluginManage:310 - Check plugin pinoutconfig
2024-12-01 14:29:24,030 [WARN] SupportedApi:132 - Cannot load RTOS API schema: s4s-elt-must-match.1: The content of 'definitions' must match (annotation?, (simpleType | complexType)?, (unique | key | keyref)*)). A problem was found starting at: attribute.
2024-12-01 14:29:24,124 [INFO] PluginManage:359 - Loaded plugin pinoutconfig (category:base,tabindex:0)
2024-12-01 14:29:24,124 [INFO] PluginManage:310 - Check plugin power
2024-12-01 14:29:24,136 [INFO] PluginManage:359 - Loaded plugin power (category:power,tabindex:4)
2024-12-01 14:29:24,136 [INFO] PluginManage:310 - Check plugin projectmanager
2024-12-01 14:29:24,145 [INFO] PluginManage:359 - Loaded plugin projectmanager (category:projectmanager,tabindex:3)
2024-12-01 14:29:24,145 [INFO] PluginManage:310 - Check plugin thirdparty
2024-12-01 14:29:24,290 [INFO] PluginManage:359 - Loaded plugin thirdparty (category:base,tabindex:-1)
2024-12-01 14:29:24,290 [WARN] IntegrityCheckThread:84 - waiting for thirdparty lock release [integrity check]
2024-12-01 14:29:24,291 [INFO] IntegrityCheckThread:86 - entering critical section [integrity check]
2024-12-01 14:29:24,291 [INFO] PluginManage:310 - Check plugin tools
2024-12-01 14:29:24,291 [INFO] ThirdPartyUpdaterWithRetryManager:70 - Updater plugin not ready yet. [1/15]
2024-12-01 14:29:24,314 [INFO] PluginManage:359 - Loaded plugin tools (category:base,tabindex:7)
2024-12-01 14:29:24,314 [INFO] PluginManage:310 - Check plugin tutovideos
2024-12-01 14:29:24,420 [INFO] PluginManage:359 - Loaded plugin tutovideos (category:base,tabindex:-1)
2024-12-01 14:29:24,420 [INFO] PluginManage:310 - Check plugin updater
2024-12-01 14:29:24,427 [INFO] PluginManage:359 - Loaded plugin updater (category:base,tabindex:12)
2024-12-01 14:29:24,427 [INFO] PluginManage:310 - Check plugin userauth
2024-12-01 14:29:24,430 [INFO] UserAuth:114 - Init User Auth plugin
2024-12-01 14:29:24,431 [INFO] PluginManage:359 - Loaded plugin userauth (category:base,tabindex:14)
2024-12-01 14:29:24,431 [INFO] PluginManage:283 - PluginManage : Loaded plugins [17]
2024-12-01 14:29:24,557 [INFO] PinOutPanel:1499 - setPackage(No Configuration,No Configuration)
2024-12-01 14:29:24,599 [INFO] CADModel:165 - CPN selected for project level
2024-12-01 14:29:24,599 [INFO] CADModel:114 - Register for checkConnection events
2024-12-01 14:29:24,616 [INFO] IPUIPlugin:80 - create IPUIPlugin
2024-12-01 14:29:24,617 [INFO] PluginManager:220 - loadIPPluginJar : add adc
2024-12-01 14:29:24,637 [INFO] IPUIPlugin:80 - create IPUIPlugin
2024-12-01 14:29:24,638 [INFO] PluginManager:220 - loadIPPluginJar : add aes
2024-12-01 14:29:24,664 [INFO] IPUIPlugin:80 - create IPUIPlugin
2024-12-01 14:29:24,664 [INFO] PluginManager:220 - loadIPPluginJar : add can
2024-12-01 14:29:24,677 [INFO] IPUIPlugin:80 - create IPUIPlugin
2024-12-01 14:29:24,678 [INFO] PluginManager:220 - loadIPPluginJar : add comp
2024-12-01 14:29:24,706 [INFO] IPUIPlugin:80 - create IPUIPlugin
2024-12-01 14:29:24,706 [INFO] PluginManager:220 - loadIPPluginJar : add cryp
2024-12-01 14:29:24,730 [INFO] IPUIPlugin:80 - create IPUIPlugin
2024-12-01 14:29:24,731 [INFO] PluginManager:220 - loadIPPluginJar : add dfsdm
2024-12-01 14:29:24,737 [INFO] IPUIPlugin:80 - create IPUIPlugin
2024-12-01 14:29:24,737 [INFO] PluginManager:220 - loadIPPluginJar : add dma
2024-12-01 14:29:24,773 [INFO] IPUIPlugin:80 - create IPUIPlugin
2024-12-01 14:29:24,773 [INFO] PluginManager:220 - loadIPPluginJar : add dma3
2024-12-01 14:29:24,791 [INFO] IPUIPlugin:80 - create IPUIPlugin
2024-12-01 14:29:24,791 [INFO] PluginManager:220 - loadIPPluginJar : add fatfs
2024-12-01 14:29:24,825 [INFO] IPUIPlugin:80 - create IPUIPlugin
2024-12-01 14:29:24,825 [INFO] PluginManager:220 - loadIPPluginJar : add fmc
2024-12-01 14:29:24,834 [INFO] IPUIPlugin:80 - create IPUIPlugin
2024-12-01 14:29:24,834 [INFO] PluginManager:220 - loadIPPluginJar : add freertos
2024-12-01 14:29:24,844 [INFO] IPUIPlugin:80 - create IPUIPlugin
2024-12-01 14:29:24,845 [INFO] PluginManager:220 - loadIPPluginJar : add genericplugin
2024-12-01 14:29:24,939 [INFO] IPUIPlugin:80 - create IPUIPlugin
2024-12-01 14:29:24,939 [INFO] PluginManager:220 - loadIPPluginJar : add gfxmmu
2024-12-01 14:29:25,042 [INFO] IPUIPlugin:80 - create IPUIPlugin
2024-12-01 14:29:25,042 [INFO] PluginManager:220 - loadIPPluginJar : add gic
2024-12-01 14:29:25,052 [INFO] IPUIPlugin:80 - create IPUIPlugin
2024-12-01 14:29:25,052 [INFO] PluginManager:220 - loadIPPluginJar : add gpio
2024-12-01 14:29:25,133 [INFO] IPUIPlugin:80 - create IPUIPlugin
2024-12-01 14:29:25,133 [INFO] PluginManager:220 - loadIPPluginJar : add gtzc
2024-12-01 14:29:25,156 [INFO] IPUIPlugin:80 - create IPUIPlugin
2024-12-01 14:29:25,156 [INFO] PluginManager:220 - loadIPPluginJar : add hash
2024-12-01 14:29:25,191 [INFO] IPUIPlugin:80 - create IPUIPlugin
2024-12-01 14:29:25,191 [INFO] PluginManager:220 - loadIPPluginJar : add i2c
2024-12-01 14:29:25,218 [INFO] IPUIPlugin:80 - create IPUIPlugin
2024-12-01 14:29:25,219 [INFO] PluginManager:220 - loadIPPluginJar : add i2s
2024-12-01 14:29:25,245 [INFO] IPUIPlugin:80 - create IPUIPlugin
2024-12-01 14:29:25,245 [INFO] PluginManager:220 - loadIPPluginJar : add i3c
2024-12-01 14:29:25,337 [INFO] IPUIPlugin:80 - create IPUIPlugin
2024-12-01 14:29:25,337 [INFO] PluginManager:220 - loadIPPluginJar : add ipddr
2024-12-01 14:29:25,396 [INFO] IPUIPlugin:80 - create IPUIPlugin
2024-12-01 14:29:25,396 [INFO] PluginManager:220 - loadIPPluginJar : add linkedlist
2024-12-01 14:29:25,426 [INFO] IPUIPlugin:80 - create IPUIPlugin
2024-12-01 14:29:25,426 [INFO] PluginManager:220 - loadIPPluginJar : add lorawan
2024-12-01 14:29:25,448 [INFO] IPUIPlugin:80 - create IPUIPlugin
2024-12-01 14:29:25,448 [INFO] PluginManager:220 - loadIPPluginJar : add ltdc
2024-12-01 14:29:25,457 [INFO] IPUIPlugin:80 - create IPUIPlugin
2024-12-01 14:29:25,457 [INFO] PluginManager:220 - loadIPPluginJar : add mdma
2024-12-01 14:29:25,463 [INFO] IPUIPlugin:80 - create IPUIPlugin
2024-12-01 14:29:25,463 [INFO] PluginManager:220 - loadIPPluginJar : add nvic
2024-12-01 14:29:25,485 [INFO] IPUIPlugin:80 - create IPUIPlugin
2024-12-01 14:29:25,485 [INFO] PluginManager:220 - loadIPPluginJar : add opamp
2024-12-01 14:29:25,537 [INFO] IPUIPlugin:80 - create IPUIPlugin
2024-12-01 14:29:25,537 [INFO] PluginManager:220 - loadIPPluginJar : add openamp
2024-12-01 14:29:25,570 [INFO] IPUIPlugin:80 - create IPUIPlugin
2024-12-01 14:29:25,571 [INFO] PluginManager:220 - loadIPPluginJar : add pdm2pcm
2024-12-01 14:29:25,579 [INFO] IPUIPlugin:80 - create IPUIPlugin
2024-12-01 14:29:25,581 [INFO] PluginManager:220 - loadIPPluginJar : add plateformsettings
2024-12-01 14:29:25,594 [INFO] IPUIPlugin:80 - create IPUIPlugin
2024-12-01 14:29:25,594 [INFO] PluginManager:220 - loadIPPluginJar : add quadspi
2024-12-01 14:29:25,601 [INFO] IPUIPlugin:80 - create IPUIPlugin
2024-12-01 14:29:25,602 [INFO] PluginManager:220 - loadIPPluginJar : add resmgrutility
2024-12-01 14:29:25,643 [INFO] IPUIPlugin:80 - create IPUIPlugin
2024-12-01 14:29:25,643 [INFO] PluginManager:220 - loadIPPluginJar : add sai
2024-12-01 14:29:25,674 [INFO] IPUIPlugin:80 - create IPUIPlugin
2024-12-01 14:29:25,674 [INFO] PluginManager:220 - loadIPPluginJar : add spi
2024-12-01 14:29:25,734 [INFO] IPUIPlugin:80 - create IPUIPlugin
2024-12-01 14:29:25,734 [INFO] PluginManager:220 - loadIPPluginJar : add stm32_wpan
2024-12-01 14:29:25,757 [INFO] IPUIPlugin:80 - create IPUIPlugin
2024-12-01 14:29:25,757 [INFO] PluginManager:220 - loadIPPluginJar : add tim
2024-12-01 14:29:25,796 [INFO] IPUIPlugin:80 - create IPUIPlugin
2024-12-01 14:29:25,796 [INFO] PluginManager:220 - loadIPPluginJar : add touchsensing
2024-12-01 14:29:25,810 [INFO] IPUIPlugin:80 - create IPUIPlugin
2024-12-01 14:29:25,811 [INFO] PluginManager:220 - loadIPPluginJar : add tracer_emb
2024-12-01 14:29:25,827 [INFO] IPUIPlugin:80 - create IPUIPlugin
2024-12-01 14:29:25,827 [INFO] PluginManager:220 - loadIPPluginJar : add ts
2024-12-01 14:29:25,845 [INFO] IPUIPlugin:80 - create IPUIPlugin
2024-12-01 14:29:25,845 [INFO] PluginManager:220 - loadIPPluginJar : add tsc
2024-12-01 14:29:25,866 [INFO] IPUIPlugin:80 - create IPUIPlugin
2024-12-01 14:29:25,866 [INFO] PluginManager:220 - loadIPPluginJar : add ucpd
2024-12-01 14:29:25,903 [INFO] IPUIPlugin:80 - create IPUIPlugin
2024-12-01 14:29:25,903 [INFO] PluginManager:220 - loadIPPluginJar : add usart
2024-12-01 14:29:25,931 [INFO] IPUIPlugin:80 - create IPUIPlugin
2024-12-01 14:29:25,931 [INFO] PluginManager:220 - loadIPPluginJar : add usbx
2024-12-01 14:29:26,038 [INFO] CADModel:165 - CPN selected for project level
2024-12-01 14:29:26,038 [INFO] CADModel:114 - Register for checkConnection events
2024-12-01 14:29:26,038 [FATAL] Updater:308 - Updater called before beeing initialized
2024-12-01 14:29:26,038 [ERROR] CADModel:125 - Updater not yet initialized, retry later 
2024-12-01 14:29:26,121 [INFO] CADModel:165 - CPN selected for project level
2024-12-01 14:29:26,121 [INFO] CADModel:114 - Register for checkConnection events
2024-12-01 14:29:26,121 [FATAL] Updater:308 - Updater called before beeing initialized
2024-12-01 14:29:26,121 [ERROR] CADModel:125 - Updater not yet initialized, retry later 
2024-12-01 14:29:26,123 [FATAL] Updater:308 - Updater called before beeing initialized
2024-12-01 14:29:26,187 [FATAL] Updater:308 - Updater called before beeing initialized
2024-12-01 14:29:26,190 [INFO] DbMcusAds:53 - JSON generation date=Fri Sep 20 22:04:38 KST 2024 (1726837478367)
2024-12-01 14:29:26,190 [FATAL] Updater:308 - Updater called before beeing initialized
2024-12-01 14:29:26,237 [WARN] DetailPanel:346 - Failed to get advertising image, set to default
2024-12-01 14:29:26,291 [FATAL] Updater:308 - Updater called before beeing initialized
2024-12-01 14:29:26,293 [FATAL] Updater:308 - Updater called before beeing initialized
2024-12-01 14:29:26,293 [FATAL] Updater:308 - Updater called before beeing initialized
2024-12-01 14:29:26,293 [WARN] DetailPanel:346 - Failed to get advertising image, set to default
2024-12-01 14:29:26,293 [FATAL] Updater:308 - Updater called before beeing initialized
2024-12-01 14:29:26,332 [ERROR] Updater:1120 - MainUpdater not yet initialized. External WinMGr cannot be set.
2024-12-01 14:29:26,340 [INFO] Updater:1056 - Updater Version found : 6.10.0
2024-12-01 14:29:26,354 [INFO] ApplicationProperties:184 - Using Application install path: C:\ST\STM32CubeIDE_1.14.1\STM32CubeIDE\plugins\com.st.stm32cube.common.mx_6.10.0.202311202037
2024-12-01 14:29:27,234 [INFO] MainUpdater:2873 - connection check result : 10
2024-12-01 14:29:27,234 [INFO] MainUpdater:290 - Updater Check For Update Now.
2024-12-01 14:29:27,234 [INFO] MicroXplorer:498 - Change Database Version : DB.6.0.100
2024-12-01 14:29:27,244 [INFO] McuFinderGlobals:63 - Set McuFinder mode to 2 (CubeIDE integrated)
2024-12-01 14:29:27,292 [WARN] MainUpdater:1194 - Updater busy. Cannot search thirdparties
2024-12-01 14:29:27,292 [INFO] ThirdPartyUpdaterWithRetryManager:96 - Updater plugin is busy. [1/15]
2024-12-01 14:29:27,432 [INFO] CheckServerUpdateThread:120 - End of CheckServer Thread
2024-12-01 14:29:27,498 [INFO] UserAuth:404 - Internet connection configuration mode: 1
2024-12-01 14:29:27,509 [INFO] JxBrowserEngine:152 - Initiate JxBrowser Engine with user profile folder
2024-12-01 14:29:30,412 [WARN] PackLoader:240 - Cannot read IP mode file for STMicroelectronics.FP-SNS-MOTENVWB1.1.4.0
2024-12-01 14:29:30,423 [WARN] PackLoader:240 - Cannot read IP mode file for STMicroelectronics.FP-ATR-ASTRA1.2.0.1
2024-12-01 14:29:30,433 [WARN] PackLoader:240 - Cannot read IP mode file for STMicroelectronics.X-CUBE-SMBUS.2.1.0
2024-12-01 14:29:30,444 [WARN] PackLoader:240 - Cannot read IP mode file for STMicroelectronics.X-CUBE-WB05N.1.1.0
2024-12-01 14:29:30,471 [WARN] PackLoader:240 - Cannot read IP mode file for STMicroelectronics.X-CUBE-AZRTOS-F7.1.1.0
2024-12-01 14:29:30,516 [WARN] PackLoader:240 - Cannot read IP mode file for STMicroelectronics.X-CUBE-MEMS1.11.0.0
2024-12-01 14:29:30,629 [WARN] PackLoader:240 - Cannot read IP mode file for STMicroelectronics.FP-SNS-FLIGHT1.5.0.2
2024-12-01 14:29:30,643 [WARN] PackLoader:240 - Cannot read IP mode file for STMicroelectronics.X-CUBE-DISPLAY.3.0.0
2024-12-01 14:29:30,655 [WARN] PackLoader:240 - Cannot read IP mode file for STMicroelectronics.X-CUBE-BLE1.7.0.0
2024-12-01 14:29:30,667 [WARN] PackLoader:240 - Cannot read IP mode file for STMicroelectronics.X-CUBE-NFC10.1.0.0
2024-12-01 14:29:30,678 [WARN] PackLoader:240 - Cannot read IP mode file for emotas.I-CUBE-CANOPEN.1.3.0
2024-12-01 14:29:30,692 [WARN] PackLoader:240 - Cannot read IP mode file for STMicroelectronics.X-CUBE-BLEMGR.3.1.0
2024-12-01 14:29:30,703 [WARN] PackLoader:240 - Cannot read IP mode file for STMicroelectronics.FP-SNS-SMARTAG2.1.2.0
2024-12-01 14:29:30,718 [INFO] LogOutputStream:77 - [STDOUT_REDIRECT] 1 : Invalid condition id : UX_CORESTACK_Condition cause : null
2024-12-01 14:29:30,719 [INFO] LogOutputStream:77 - [STDOUT_REDIRECT] 1 : Invalid condition id : UX_CORESTACK_Condition cause : null
2024-12-01 14:29:30,720 [INFO] LogOutputStream:77 - [STDOUT_REDIRECT] 1 : Invalid condition id : UX_CORESTACK_Condition cause : null
2024-12-01 14:29:30,721 [INFO] LogOutputStream:77 - [STDOUT_REDIRECT] 1 : Invalid condition id : UX_CORESTACK_Condition cause : null
2024-12-01 14:29:30,722 [INFO] LogOutputStream:77 - [STDOUT_REDIRECT] 1 : Invalid condition id : UX_CORESTACK_Condition cause : null
2024-12-01 14:29:30,724 [WARN] PackLoader:240 - Cannot read IP mode file for STMicroelectronics.X-CUBE-AZRTOS-WL.2.0.0
2024-12-01 14:29:30,734 [WARN] PackLoader:240 - Cannot read IP mode file for STMicroelectronics.FP-SNS-MOTENV1.5.0.0
2024-12-01 14:29:30,744 [WARN] PackLoader:240 - Cannot read IP mode file for wolfSSL.I-CUBE-wolfMQTT.1.19.0
2024-12-01 14:29:30,756 [WARN] PackLoader:240 - Cannot read IP mode file for WES.I-CUBE-Cesium.1.3.0
2024-12-01 14:29:30,768 [WARN] PackLoader:240 - Cannot read IP mode file for STMicroelectronics.X-CUBE-BLE2.3.3.0
2024-12-01 14:29:30,778 [WARN] PackLoader:240 - Cannot read IP mode file for STMicroelectronics.X-CUBE-NFC9.1.0.0
2024-12-01 14:29:30,789 [WARN] PackLoader:240 - Cannot read IP mode file for STMicroelectronics.X-CUBE-TCPP.4.1.0
2024-12-01 14:29:30,815 [WARN] PackLoader:240 - Cannot read IP mode file for STMicroelectronics.X-CUBE-AZRTOS-G0.1.1.0
2024-12-01 14:29:30,831 [WARN] PackLoader:240 - Cannot read IP mode file for STMicroelectronics.X-CUBE-SAFEA1.1.2.2
2024-12-01 14:29:30,850 [WARN] PackLoader:240 - Cannot read IP mode file for STMicroelectronics.X-CUBE-NFC4.3.0.0
2024-12-01 14:29:30,867 [WARN] PackLoader:240 - Cannot read IP mode file for EmbeddedOffice.I-CUBE-FS-RTOS.1.0.1
2024-12-01 14:29:30,868 [ERROR] ConditionMgr:805 - Attr not supported : Dmpu
2024-12-01 14:29:30,868 [ERROR] ConditionMgr:805 - Attr not supported : Dmpu
2024-12-01 14:29:30,868 [ERROR] ConditionMgr:805 - Attr not supported : Dmpu
2024-12-01 14:29:30,868 [ERROR] ConditionMgr:805 - Attr not supported : Dmpu
2024-12-01 14:29:30,868 [ERROR] ConditionMgr:805 - Attr not supported : Dmpu
2024-12-01 14:29:30,868 [ERROR] ConditionMgr:805 - Attr not supported : Dmpu
2024-12-01 14:29:30,868 [ERROR] ConditionMgr:805 - Attr not supported : Dmpu
2024-12-01 14:29:30,868 [ERROR] ConditionMgr:805 - Attr not supported : Dmpu
2024-12-01 14:29:30,868 [ERROR] ConditionMgr:805 - Attr not supported : Dmpu
2024-12-01 14:29:30,868 [ERROR] ConditionMgr:805 - Attr not supported : Dmpu
2024-12-01 14:29:30,868 [ERROR] ConditionMgr:805 - Attr not supported : Dmpu
2024-12-01 14:29:30,868 [ERROR] ConditionMgr:805 - Attr not supported : Dmpu
2024-12-01 14:29:30,868 [ERROR] ConditionMgr:805 - Attr not supported : Dmpu
2024-12-01 14:29:30,868 [ERROR] ConditionMgr:805 - Attr not supported : Dmpu
2024-12-01 14:29:30,868 [ERROR] ConditionMgr:805 - Attr not supported : Dmpu
2024-12-01 14:29:30,868 [ERROR] ConditionMgr:805 - Attr not supported : Dmpu
2024-12-01 14:29:30,868 [ERROR] ConditionMgr:805 - Attr not supported : Dmpu
2024-12-01 14:29:30,868 [ERROR] ConditionMgr:805 - Attr not supported : Dmpu
2024-12-01 14:29:30,868 [ERROR] ConditionMgr:805 - Attr not supported : Dmpu
2024-12-01 14:29:30,868 [ERROR] ConditionMgr:805 - Attr not supported : Dmpu
2024-12-01 14:29:30,868 [ERROR] ConditionMgr:805 - Attr not supported : Dmpu
2024-12-01 14:29:30,868 [ERROR] ConditionMgr:805 - Attr not supported : Dmpu
2024-12-01 14:29:30,868 [ERROR] ConditionMgr:805 - Attr not supported : Dmpu
2024-12-01 14:29:30,868 [ERROR] ConditionMgr:805 - Attr not supported : Dmpu
2024-12-01 14:29:30,868 [ERROR] ConditionMgr:805 - Attr not supported : Dmpu
2024-12-01 14:29:30,868 [ERROR] ConditionMgr:805 - Attr not supported : Dmpu
2024-12-01 14:29:30,868 [ERROR] ConditionMgr:805 - Attr not supported : Dmpu
2024-12-01 14:29:30,868 [ERROR] ConditionMgr:805 - Attr not supported : Dmpu
2024-12-01 14:29:30,868 [ERROR] ConditionMgr:805 - Attr not supported : Dmpu
2024-12-01 14:29:30,869 [ERROR] ConditionMgr:805 - Attr not supported : Dmpu
2024-12-01 14:29:30,869 [ERROR] ConditionMgr:805 - Attr not supported : Dmpu
2024-12-01 14:29:30,869 [ERROR] ConditionMgr:805 - Attr not supported : Dmpu
2024-12-01 14:29:30,869 [ERROR] ConditionMgr:805 - Attr not supported : Dmpu
2024-12-01 14:29:30,869 [ERROR] ConditionMgr:805 - Attr not supported : Dmpu
2024-12-01 14:29:30,869 [ERROR] ConditionMgr:805 - Attr not supported : Dmpu
2024-12-01 14:29:30,869 [ERROR] ConditionMgr:805 - Attr not supported : Dmpu
2024-12-01 14:29:30,869 [ERROR] ConditionMgr:805 - Attr not supported : Dmpu
2024-12-01 14:29:30,869 [ERROR] ConditionMgr:805 - Attr not supported : Dmpu
2024-12-01 14:29:30,869 [ERROR] ConditionMgr:805 - Attr not supported : Dmpu
2024-12-01 14:29:30,869 [ERROR] ConditionMgr:805 - Attr not supported : Dmpu
2024-12-01 14:29:30,869 [ERROR] ConditionMgr:805 - Attr not supported : Dmpu
2024-12-01 14:29:30,869 [ERROR] ConditionMgr:805 - Attr not supported : Dmpu
2024-12-01 14:29:30,869 [ERROR] ConditionMgr:805 - Attr not supported : Dmpu
2024-12-01 14:29:30,869 [ERROR] ConditionMgr:805 - Attr not supported : Dmpu
2024-12-01 14:29:30,869 [ERROR] ConditionMgr:805 - Attr not supported : Dmpu
2024-12-01 14:29:30,869 [ERROR] ConditionMgr:805 - Attr not supported : Dmpu
2024-12-01 14:29:30,869 [ERROR] ConditionMgr:805 - Attr not supported : Dmpu
2024-12-01 14:29:30,869 [ERROR] ConditionMgr:805 - Attr not supported : Dmpu
2024-12-01 14:29:30,869 [ERROR] ConditionMgr:805 - Attr not supported : Dmpu
2024-12-01 14:29:30,869 [ERROR] ConditionMgr:805 - Attr not supported : Dmpu
2024-12-01 14:29:30,869 [ERROR] ConditionMgr:805 - Attr not supported : Dmpu
2024-12-01 14:29:30,869 [ERROR] ConditionMgr:805 - Attr not supported : Dmpu
2024-12-01 14:29:30,869 [ERROR] ConditionMgr:805 - Attr not supported : Dmpu
2024-12-01 14:29:30,869 [ERROR] ConditionMgr:805 - Attr not supported : Dmpu
2024-12-01 14:29:30,869 [ERROR] ConditionMgr:805 - Attr not supported : Dmpu
2024-12-01 14:29:30,869 [ERROR] ConditionMgr:805 - Attr not supported : Dmpu
2024-12-01 14:29:30,869 [ERROR] ConditionMgr:805 - Attr not supported : Dmpu
2024-12-01 14:29:30,869 [ERROR] ConditionMgr:805 - Attr not supported : Dmpu
2024-12-01 14:29:30,869 [ERROR] ConditionMgr:805 - Attr not supported : Dmpu
2024-12-01 14:29:30,870 [ERROR] ConditionMgr:805 - Attr not supported : Dmpu
2024-12-01 14:29:30,870 [ERROR] ConditionMgr:805 - Attr not supported : Dmpu
2024-12-01 14:29:30,870 [ERROR] ConditionMgr:805 - Attr not supported : Dmpu
2024-12-01 14:29:30,870 [ERROR] ConditionMgr:805 - Attr not supported : Dmpu
2024-12-01 14:29:30,870 [ERROR] ConditionMgr:805 - Attr not supported : Dmpu
2024-12-01 14:29:30,882 [WARN] PackLoader:240 - Cannot read IP mode file for RealThread.X-CUBE-RT-Thread_Nano.4.1.1
2024-12-01 14:29:30,892 [WARN] PackLoader:240 - Cannot read IP mode file for STMicroelectronics.FP-ATR-SIGFOX1.3.2.0
2024-12-01 14:29:30,900 [WARN] ConditionMgr:438 - getConditionDescription Invalid condition id : Cortex-A Device cause : null
2024-12-01 14:29:30,917 [WARN] ConditionMgr:1039 - genDependencies : Invalid condition id : Cortex-A Device cause : null
2024-12-01 14:29:30,917 [WARN] ConditionMgr:1039 - genDependencies : Invalid condition id : Cortex-A Device cause : null
2024-12-01 14:29:30,917 [WARN] ConditionMgr:1039 - genDependencies : Invalid condition id : Cortex-A Device cause : null
2024-12-01 14:29:30,928 [WARN] PackLoader:240 - Cannot read IP mode file for STMicroelectronics.X-CUBE-EEPRMA1.5.1.0
2024-12-01 14:29:30,936 [WARN] PackLoader:240 - Cannot read IP mode file for wolfSSL.I-CUBE-wolfSSL.5.7.4
2024-12-01 14:29:30,945 [WARN] PackLoader:240 - Cannot read IP mode file for ITTIA_DB.I-CUBE-ITTIADB.8.9.0
2024-12-01 14:29:30,966 [WARN] PackLoader:240 - Cannot read IP mode file for SEGGER.I-CUBE-embOS.1.3.1
2024-12-01 14:29:30,990 [WARN] PackLoader:240 - Cannot read IP mode file for STMicroelectronics.X-CUBE-ALGOBUILD.1.4.0
2024-12-01 14:29:30,999 [WARN] PackLoader:240 - Cannot read IP mode file for STMicroelectronics.X-CUBE-AI.9.1.0
2024-12-01 14:29:31,026 [WARN] PackLoader:240 - Cannot read IP mode file for STMicroelectronics.X-CUBE-AZRTOS-F4.1.1.0
2024-12-01 14:29:31,035 [WARN] PackLoader:240 - Cannot read IP mode file for STMicroelectronics.X-CUBE-ISPU.2.1.0
2024-12-01 14:29:31,042 [WARN] PackLoader:240 - Cannot read IP mode file for STMicroelectronics.X-CUBE-FREERTOS.1.2.0
2024-12-01 14:29:31,058 [WARN] PackLoader:240 - Cannot read IP mode file for STMicroelectronics.X-CUBE-AZRTOS-L5.2.0.0
2024-12-01 14:29:31,069 [WARN] PackLoader:240 - Cannot read IP mode file for STMicroelectronics.X-CUBE-NFC6.3.1.0
2024-12-01 14:29:31,079 [WARN] PackLoader:240 - Cannot read IP mode file for STMicroelectronics.X-CUBE-DPower.1.2.0
2024-12-01 14:29:31,089 [WARN] PackLoader:240 - Cannot read IP mode file for STMicroelectronics.X-CUBE-NFC7.1.0.1
2024-12-01 14:29:31,109 [WARN] ConditionMgr:438 - getConditionDescription Invalid condition id : LAN8742 Phy interface Condition cause : null
2024-12-01 14:29:31,110 [WARN] PackLoader:240 - Cannot read IP mode file for STMicroelectronics.X-CUBE-AZRTOS-L4.2.0.0
2024-12-01 14:29:31,110 [WARN] ConditionMgr:1039 - genDependencies : Invalid condition id : LAN8742 Phy interface Condition cause : null
2024-12-01 14:29:31,110 [WARN] ConditionMgr:1039 - genDependencies : Invalid condition id : LAN8742 Phy interface Condition cause : null
2024-12-01 14:29:31,110 [WARN] ConditionMgr:1039 - genDependencies : Invalid condition id : LAN8742 Phy interface Condition cause : null
2024-12-01 14:29:31,125 [WARN] PackLoader:240 - Cannot read IP mode file for STMicroelectronics.X-CUBE-SFXS2LP1.4.0.0
2024-12-01 14:29:31,148 [WARN] PackLoader:240 - Cannot read IP mode file for STMicroelectronics.X-CUBE-AZRTOS-H7.3.3.0
2024-12-01 14:29:31,163 [WARN] PackLoader:240 - Cannot read IP mode file for STMicroelectronics.X-CUBE-IPS.3.0.0
2024-12-01 14:29:31,182 [WARN] ConditionMgr:438 - getConditionDescription Invalid condition id : UX DEVICE CLASS RTOS Condition cause : null
2024-12-01 14:29:31,182 [WARN] ConditionMgr:438 - getConditionDescription Invalid condition id : UX DEVICE CLASS RTOS Condition cause : null
2024-12-01 14:29:31,183 [WARN] PackLoader:240 - Cannot read IP mode file for STMicroelectronics.X-CUBE-AZRTOS-WB.2.0.0
2024-12-01 14:29:31,184 [WARN] ConditionMgr:1039 - genDependencies : Invalid condition id : UX DEVICE CLASS RTOS Condition cause : null
2024-12-01 14:29:31,184 [WARN] ConditionMgr:1039 - genDependencies : Invalid condition id : UX DEVICE CLASS RTOS Condition cause : null
2024-12-01 14:29:31,184 [WARN] ConditionMgr:1039 - genDependencies : Invalid condition id : UX DEVICE CLASS RTOS Condition cause : null
2024-12-01 14:29:31,184 [WARN] ConditionMgr:1039 - genDependencies : Invalid condition id : UX DEVICE CLASS RTOS Condition cause : null
2024-12-01 14:29:31,184 [WARN] ConditionMgr:1039 - genDependencies : Invalid condition id : UX DEVICE CLASS RTOS Condition cause : null
2024-12-01 14:29:31,197 [WARN] PackLoader:240 - Cannot read IP mode file for STMicroelectronics.X-CUBE-GNSS1.7.0.0
2024-12-01 14:29:31,209 [WARN] PackLoader:240 - Cannot read IP mode file for STMicroelectronics.FP-SNS-STBOX1.2.0.0
2024-12-01 14:29:31,223 [WARN] PackLoader:240 - Cannot read IP mode file for STMicroelectronics.X-CUBE-SUBG2.5.0.0
2024-12-01 14:29:31,233 [WARN] PackLoader:240 - Cannot read IP mode file for Cesanta.I-CUBE-Mongoose.7.13.0
2024-12-01 14:29:31,278 [WARN] PackLoader:240 - Cannot read IP mode file for STMicroelectronics.X-CUBE-AZRTOS-G4.2.0.0
2024-12-01 14:29:31,292 [WARN] PackLoader:240 - Cannot read IP mode file for STMicroelectronics.X-CUBE-ALS.1.0.2
2024-12-01 14:29:31,322 [WARN] PackLoader:240 - Cannot read IP mode file for STMicroelectronics.X-CUBE-TOUCHGFX.4.24.1
2024-12-01 14:29:31,347 [WARN] PackLoader:240 - Cannot read IP mode file for wolfSSL.I-CUBE-wolfTPM.3.4.0
2024-12-01 14:29:31,357 [WARN] PackLoader:240 - Cannot read IP mode file for portGmbH.I-Cube-SoM-uGOAL.1.1.0
2024-12-01 14:29:31,373 [WARN] PackLoader:240 - Cannot read IP mode file for STMicroelectronics.X-CUBE-AZRTOS-H7RS.1.0.0
2024-12-01 14:29:31,386 [WARN] PackLoader:240 - Cannot read IP mode file for STMicroelectronics.X-CUBE-TOF1.3.4.2
2024-12-01 14:29:31,447 [WARN] PackLoader:240 - Cannot read IP mode file for Infineon.AIROC-Wi-Fi-Bluetooth-STM32.1.6.1
2024-12-01 14:29:31,480 [WARN] PackLoader:240 - Cannot read IP mode file for wolfSSL.I-CUBE-wolfSSH.1.4.17
2024-12-01 14:29:31,480 [INFO] ThirdParty:978 - Integrity check success = true
2024-12-01 14:29:31,480 [INFO] IntegrityCheckThread:100 - exiting critical section [integrity check]
2024-12-01 14:29:31,480 [INFO] IntegrityCheckThread:103 - End integrity checks thread
2024-12-01 14:29:31,641 [INFO] WebApp:161 - Instantiating new browser for Auth
2024-12-01 14:29:31,980 [INFO] WebApp:780 - Register for checkConnection events
2024-12-01 14:29:31,980 [INFO] WebApp:414 - Apply proxy settings
2024-12-01 14:29:31,980 [INFO] WebApp:499 - Chromium requires no authentication
2024-12-01 14:29:31,984 [INFO] WebApp:442 - Direct internet connection detected
2024-12-01 14:29:32,074 [INFO] WebApp:192 - Starting web application
2024-12-01 14:29:32,074 [INFO] WebApp:544 - Web application path used C:\ST\STM32CubeIDE_1.14.1\STM32CubeIDE\plugins\com.st.stm32cube.common.mx_6.10.0.202311202037\db\plugins\mcufinder\reactClient1\index.html
2024-12-01 14:29:52,600 [ERROR] LogOutputStream:75 - [STDERR_REDIRECT] SLF4J: Failed to load class "org.slf4j.impl.StaticLoggerBinder".
2024-12-01 14:29:52,601 [ERROR] LogOutputStream:75 - [STDERR_REDIRECT] SLF4J: Defaulting to no-operation (NOP) logger implementation
2024-12-01 14:29:52,602 [ERROR] LogOutputStream:75 - [STDERR_REDIRECT] SLF4J: See http://www.slf4j.org/codes.html#StaticLoggerBinder for further details.
2024-12-01 15:12:33,997 [INFO] McuFinderGlobals:63 - Set McuFinder mode to 2 (CubeIDE integrated)
2024-12-01 15:12:34,010 [INFO] MainUpdater:2873 - connection check result : 10
2024-12-01 15:12:34,014 [INFO] MainUpdater:2873 - connection check result : 10
2024-12-01 15:12:34,095 [INFO] MicroXplorer:468 - Change Database Path : 
2024-12-01 15:12:34,095 [INFO] MicroXplorer:498 - Change Database Version : DB.6.0.100
2024-12-01 15:12:34,097 [WARN] ThirdParty:871 - waiting for thirdparty lock release [close project]
2024-12-01 15:12:34,097 [INFO] ThirdParty:873 - entering critical section [close project]
2024-12-01 15:12:34,098 [INFO] ThirdParty:883 - exiting critical section [close project]
2024-12-01 15:12:34,098 [INFO] PinOutPanel:1499 - setPackage(No Configuration,No Configuration)
2024-12-01 15:12:34,100 [INFO] UtilMem:75 - Begin LoadConfig() Used Memory: 775385824 Bytes (1032847360)
2024-12-01 15:12:34,100 [INFO] MicroXplorer:468 - Change Database Path : 
2024-12-01 15:12:34,100 [INFO] MicroXplorer:498 - Change Database Version : DB.6.0.100
2024-12-01 15:12:34,101 [INFO] OpenFileManager:312 - Change cursor
2024-12-01 15:12:34,120 [INFO] Mcu:2016 - Initializing MCU STM32F411R(C-E)Tx STM32F411RETx STM32F411RET6
2024-12-01 15:12:34,810 [INFO] Context:659 - Trying to add GPIOservice into a context  which must be forbidden
2024-12-01 15:12:35,155 [INFO] RtosManager:555 - Registered RTOS mode: class=CMSIS, group=RTOS, mode=CMSIS_V1, owner=FREERTOS
2024-12-01 15:12:35,155 [INFO] RtosManager:555 - Registered RTOS mode: class=CMSIS, group=RTOS2, mode=CMSIS_V2, owner=FREERTOS
2024-12-01 15:12:35,155 [INFO] RtosManager:555 - Registered RTOS mode: class=RTOS, group=Core, mode=CMSIS_V1, owner=FREERTOS
2024-12-01 15:12:35,155 [INFO] RtosManager:555 - Registered RTOS mode: class=RTOS, group=Core, mode=CMSIS_V2, owner=FREERTOS
2024-12-01 15:12:35,155 [WARN] ModelIntegratedComponent:184 - Missing modes for component STMicroelectronics:FreeRTOS:0.0.1:STMicroelectronics:RTOS:FreeRTOS:Core:::10.2.0:
2024-12-01 15:12:35,160 [WARN] ModelIntegratedComponent:182 - Modes not found for component STMicroelectronics:USB_HOST:1.0.0:STMicroelectronics:USB::USB Host:Audio HS::1.0:USB_HOST_1_0_RESTRICTED_HS
2024-12-01 15:12:35,160 [WARN] ModelIntegratedComponent:188 - Modes not found for component STMicroelectronics:USB_HOST:1.0.0:STMicroelectronics:USB::USB Host:Audio HS::1.0:USB_HOST_1_0_RESTRICTED_HS
2024-12-01 15:12:35,160 [WARN] ModelIntegratedComponent:182 - Modes not found for component STMicroelectronics:USB_HOST:1.0.0:STMicroelectronics:USB::USB Host:CDC HS::1.0:USB_HOST_1_0_RESTRICTED_HS
2024-12-01 15:12:35,160 [WARN] ModelIntegratedComponent:188 - Modes not found for component STMicroelectronics:USB_HOST:1.0.0:STMicroelectronics:USB::USB Host:CDC HS::1.0:USB_HOST_1_0_RESTRICTED_HS
2024-12-01 15:12:35,160 [WARN] ModelIntegratedComponent:182 - Modes not found for component STMicroelectronics:USB_HOST:1.0.0:STMicroelectronics:USB::USB Host:MSC HS::1.0:USB_HOST_1_0_RESTRICTED_HS
2024-12-01 15:12:35,160 [WARN] ModelIntegratedComponent:188 - Modes not found for component STMicroelectronics:USB_HOST:1.0.0:STMicroelectronics:USB::USB Host:MSC HS::1.0:USB_HOST_1_0_RESTRICTED_HS
2024-12-01 15:12:35,160 [WARN] ModelIntegratedComponent:182 - Modes not found for component STMicroelectronics:USB_HOST:1.0.0:STMicroelectronics:USB::USB Host:HID HS::1.0:USB_HOST_1_0_RESTRICTED_HS
2024-12-01 15:12:35,160 [WARN] ModelIntegratedComponent:188 - Modes not found for component STMicroelectronics:USB_HOST:1.0.0:STMicroelectronics:USB::USB Host:HID HS::1.0:USB_HOST_1_0_RESTRICTED_HS
2024-12-01 15:12:35,160 [WARN] ModelIntegratedComponent:182 - Modes not found for component STMicroelectronics:USB_HOST:1.0.0:STMicroelectronics:USB::USB Host:MTP HS::1.0:USB_HOST_1_0_RESTRICTED_HS
2024-12-01 15:12:35,160 [WARN] ModelIntegratedComponent:188 - Modes not found for component STMicroelectronics:USB_HOST:1.0.0:STMicroelectronics:USB::USB Host:MTP HS::1.0:USB_HOST_1_0_RESTRICTED_HS
2024-12-01 15:12:35,163 [WARN] ModelIntegratedComponent:63 - No mode defined for component null
2024-12-01 15:12:35,163 [WARN] ModelIntegratedComponent:63 - No mode defined for component null
2024-12-01 15:12:35,163 [WARN] ModelIntegratedComponent:63 - No mode defined for component null
2024-12-01 15:12:35,163 [WARN] ModelIntegratedComponent:63 - No mode defined for component null
2024-12-01 15:12:35,163 [WARN] ModelIntegratedComponent:63 - No mode defined for component null
2024-12-01 15:12:35,163 [WARN] ModelIntegratedComponent:63 - No mode defined for component null
2024-12-01 15:12:35,163 [WARN] ModelIntegratedComponent:63 - No mode defined for component null
2024-12-01 15:12:35,163 [WARN] ModelIntegratedComponent:63 - No mode defined for component null
2024-12-01 15:12:35,163 [WARN] ModelIntegratedComponent:63 - No mode defined for component null
2024-12-01 15:12:35,163 [WARN] ModelIntegratedComponent:63 - No mode defined for component null
2024-12-01 15:12:35,163 [WARN] ModelIntegratedComponent:63 - No mode defined for component null
2024-12-01 15:12:35,163 [WARN] ModelIntegratedComponent:63 - No mode defined for component null
2024-12-01 15:12:35,163 [WARN] ModelIntegratedComponent:63 - No mode defined for component null
2024-12-01 15:12:35,163 [WARN] ModelIntegratedComponent:63 - No mode defined for component null
2024-12-01 15:12:35,163 [WARN] ModelIntegratedComponent:63 - No mode defined for component null
2024-12-01 15:12:35,163 [WARN] ModelIntegratedComponent:63 - No mode defined for component null
2024-12-01 15:12:35,163 [WARN] ModelIntegratedComponent:63 - No mode defined for component null
2024-12-01 15:12:35,163 [WARN] ModelIntegratedComponent:63 - No mode defined for component null
2024-12-01 15:12:35,163 [WARN] ModelIntegratedComponent:63 - No mode defined for component null
2024-12-01 15:12:35,163 [WARN] ModelIntegratedComponent:63 - No mode defined for component null
2024-12-01 15:12:35,163 [WARN] ModelIntegratedComponent:63 - No mode defined for component null
2024-12-01 15:12:35,163 [WARN] ModelIntegratedComponent:63 - No mode defined for component null
2024-12-01 15:12:35,163 [WARN] ModelIntegratedComponent:63 - No mode defined for component null
2024-12-01 15:12:35,163 [WARN] ModelIntegratedComponent:63 - No mode defined for component null
2024-12-01 15:12:35,163 [WARN] ModelIntegratedComponent:63 - No mode defined for component null
2024-12-01 15:12:35,163 [WARN] ModelIntegratedComponent:63 - No mode defined for component null
2024-12-01 15:12:35,164 [WARN] ModelIntegratedComponent:63 - No mode defined for component null
2024-12-01 15:12:35,164 [WARN] ModelIntegratedComponent:63 - No mode defined for component null
2024-12-01 15:12:35,164 [WARN] ModelIntegratedComponent:63 - No mode defined for component null
2024-12-01 15:12:35,164 [WARN] ModelIntegratedComponent:63 - No mode defined for component null
2024-12-01 15:12:35,164 [WARN] ModelIntegratedComponent:63 - No mode defined for component null
2024-12-01 15:12:35,164 [WARN] ModelIntegratedComponent:63 - No mode defined for component null
2024-12-01 15:12:35,164 [WARN] ModelIntegratedComponent:63 - No mode defined for component null
2024-12-01 15:12:35,169 [WARN] ModelIntegratedComponent:182 - Modes not found for component STMicroelectronics:USB_DEVICE:1.0.0:STMicroelectronics:USB::USB Device:Audio HS::1.0:USB_DEVICE_1_0_RESTRICTED_HS
2024-12-01 15:12:35,169 [WARN] ModelIntegratedComponent:188 - Modes not found for component STMicroelectronics:USB_DEVICE:1.0.0:STMicroelectronics:USB::USB Device:Audio HS::1.0:USB_DEVICE_1_0_RESTRICTED_HS
2024-12-01 15:12:35,169 [WARN] ModelIntegratedComponent:182 - Modes not found for component STMicroelectronics:USB_DEVICE:1.0.0:STMicroelectronics:USB::USB Device:CDC HS::1.0:USB_DEVICE_1_0_RESTRICTED_HS
2024-12-01 15:12:35,169 [WARN] ModelIntegratedComponent:188 - Modes not found for component STMicroelectronics:USB_DEVICE:1.0.0:STMicroelectronics:USB::USB Device:CDC HS::1.0:USB_DEVICE_1_0_RESTRICTED_HS
2024-12-01 15:12:35,169 [WARN] ModelIntegratedComponent:182 - Modes not found for component STMicroelectronics:USB_DEVICE:1.0.0:STMicroelectronics:USB::USB Device:DFU HS::1.0:USB_DEVICE_1_0_RESTRICTED_HS
2024-12-01 15:12:35,169 [WARN] ModelIntegratedComponent:188 - Modes not found for component STMicroelectronics:USB_DEVICE:1.0.0:STMicroelectronics:USB::USB Device:DFU HS::1.0:USB_DEVICE_1_0_RESTRICTED_HS
2024-12-01 15:12:35,169 [WARN] ModelIntegratedComponent:182 - Modes not found for component STMicroelectronics:USB_DEVICE:1.0.0:STMicroelectronics:USB::USB Device:HID HS::1.0:USB_DEVICE_1_0_RESTRICTED_HS
2024-12-01 15:12:35,169 [WARN] ModelIntegratedComponent:188 - Modes not found for component STMicroelectronics:USB_DEVICE:1.0.0:STMicroelectronics:USB::USB Device:HID HS::1.0:USB_DEVICE_1_0_RESTRICTED_HS
2024-12-01 15:12:35,169 [WARN] ModelIntegratedComponent:182 - Modes not found for component STMicroelectronics:USB_DEVICE:1.0.0:STMicroelectronics:USB::USB Device:Custom HID HS::1.0:USB_DEVICE_1_0_RESTRICTED_HS
2024-12-01 15:12:35,169 [WARN] ModelIntegratedComponent:188 - Modes not found for component STMicroelectronics:USB_DEVICE:1.0.0:STMicroelectronics:USB::USB Device:Custom HID HS::1.0:USB_DEVICE_1_0_RESTRICTED_HS
2024-12-01 15:12:35,169 [WARN] ModelIntegratedComponent:182 - Modes not found for component STMicroelectronics:USB_DEVICE:1.0.0:STMicroelectronics:USB::USB Device:MSC HS::1.0:USB_DEVICE_1_0_RESTRICTED_HS
2024-12-01 15:12:35,169 [WARN] ModelIntegratedComponent:188 - Modes not found for component STMicroelectronics:USB_DEVICE:1.0.0:STMicroelectronics:USB::USB Device:MSC HS::1.0:USB_DEVICE_1_0_RESTRICTED_HS
2024-12-01 15:12:35,187 [INFO] ThirdPartyModel:298 - Start build external matchings
2024-12-01 15:12:35,323 [INFO] ThirdPartyModel:316 - End build external matchings
2024-12-01 15:12:35,332 [INFO] ImportTextPane:194 - (OptionalMessage_ERROR) IP (DMA) : Parameter (Instance) has Id (ADC1) currently not set
2024-12-01 15:12:35,332 [INFO] ImportTextPane:194 - (OptionalMessage_ERROR) IP (DMA) : Parameter (Channel) has Id (ADC1) currently not set
2024-12-01 15:12:35,333 [INFO] ImportTextPane:194 - (OptionalMessage_ERROR) IP (DMA) : Parameter (Direction) has Id (ADC1) currently not set
2024-12-01 15:12:35,333 [INFO] ImportTextPane:194 - (OptionalMessage_ERROR) IP (DMA) : Parameter (PeriphInc) has Id (ADC1) currently not set
2024-12-01 15:12:35,333 [INFO] ImportTextPane:194 - (OptionalMessage_ERROR) IP (DMA) : Parameter (MemInc) has Id (ADC1) currently not set
2024-12-01 15:12:35,333 [INFO] ImportTextPane:194 - (OptionalMessage_ERROR) IP (DMA) : Parameter (PeriphDataAlignment) has Id (ADC1) currently not set
2024-12-01 15:12:35,333 [INFO] ImportTextPane:194 - (OptionalMessage_ERROR) IP (DMA) : Parameter (MemDataAlignment) has Id (ADC1) currently not set
2024-12-01 15:12:35,333 [INFO] ImportTextPane:194 - (OptionalMessage_ERROR) IP (DMA) : Parameter (Mode) has Id (ADC1) currently not set
2024-12-01 15:12:35,333 [INFO] ImportTextPane:194 - (OptionalMessage_ERROR) IP (DMA) : Parameter (Priority) has Id (ADC1) currently not set
2024-12-01 15:12:35,333 [INFO] ImportTextPane:194 - (OptionalMessage_ERROR) IP (DMA) : Parameter (FIFOMode) has Id (ADC1) currently not set
2024-12-01 15:12:35,334 [INFO] ImportTextPane:194 - (OptionalMessage_ERROR) IP (RCC) : Parameter (48MHZClocksFreq_Value) has invalid value (84000000)
2024-12-01 15:12:35,335 [INFO] ImportTextPane:194 - (OptionalMessage_ERROR) IP (RCC) : Parameter (FLatency) has Id (AdvancedSettings) currently not set
2024-12-01 15:12:35,335 [INFO] ImportTextPane:194 - (OptionalMessage_ERROR) IP (RCC) : Parameter (RTCHSEDivFreq_Value) has invalid value (4000000)
2024-12-01 15:12:35,468 [INFO] UtilMem:75 - End LoadConfig() Used Memory: 601371480 Bytes (1073741824)
2024-12-01 15:12:35,532 [INFO] ApiDb:581 - Connected to CubeFinder SQLite database (C:\Users\user\.stmcufinder\plugins\mcufinder\mcu\cube-finder-db.db)
2024-12-01 15:12:35,579 [INFO] ApiDb:668 - CubeFinder database Data Model version=2.1
2024-12-01 15:12:35,579 [INFO] ApiDb:669 - CubeFinder database Configuration version=3.0.39
2024-12-01 15:12:35,580 [INFO] ApiDb:670 - CubeFinder database generation date=2024-11-21 (1732182206)
2024-12-01 15:12:35,580 [INFO] ApiDb:671 - CubeFinder database FW Pack versions=[FP-ATR-ASTRA1_V2.0.0, FP-SNS-FLIGHT1_V5.0.2, FP-SNS-MOTENV1_V5.0.0, FP-SNS-MOTENVWB1_V1.4.0, FP-SNS-SMARTAG2_V1.2.0, FP-SNS-STBOX1_V2.0.0, STM32Cube_FW_C0_V1.3.0, STM32Cube_FW_F4_V1.28.1, STM32Cube_FW_F7_V1.17.2, STM32Cube_FW_G0_V1.6.2, STM32Cube_FW_G4_V1.6.1, STM32Cube_FW_H5_V1.4.0, STM32Cube_FW_H7RS_V1.1.0, STM32Cube_FW_H7_V1.12.0, STM32Cube_FW_L0_V1.12.2, STM32Cube_FW_L4_V1.18.1, STM32Cube_FW_L5_V1.5.1, STM32Cube_FW_N6_V1.0.0, STM32Cube_FW_U0_V1.2.0, STM32Cube_FW_U3_V1.0.0, STM32Cube_FW_U5_V1.7.0, STM32Cube_FW_WB0_V1.1.0, STM32Cube_FW_WBA_V1.5.0, STM32Cube_FW_WB_V1.21.0, STM32Cube_FW_WL3_V1.0.0, STM32Cube_FW_WL_V1.3.0, X-CUBE-ALGOBUILD_V1.4.0, X-CUBE-ALS_V1.0.2, X-CUBE-AZRTOS-F4_V1.1.0, X-CUBE-AZRTOS-F7_V1.1.0, X-CUBE-AZRTOS-G0_V1.1.0, X-CUBE-AZRTOS-G4_V2.0.0, X-CUBE-AZRTOS-H7RS_V1.0.0, X-CUBE-AZRTOS-H7_V3.3.0, X-CUBE-AZRTOS-L4_V2.0.0, X-CUBE-AZRTOS-L5_V2.0.0, X-CUBE-AZRTOS-WB_V2.0.0, X-CUBE-AZRTOS-WL_V2.0.0, X-CUBE-BLE1_V7.0.0, X-CUBE-BLE2_V3.3.0, X-CUBE-BLEMGR_V3.1.0, X-CUBE-EEPRMA1_V5.1.0, X-CUBE-FREERTOS_V1.2.0, X-CUBE-GNSS1_V6.0.0, X-CUBE-MEMS1_V11.0.0, X-CUBE-NFC4_V3.0.0, X-CUBE-NFC7_V1.0.1, X-CUBE-SFXS2LP1_V4.0.0, X-CUBE-SUBG2_V5.0.0, X-CUBE-TOF1_V3.4.2]
2024-12-01 15:12:37,076 [INFO] ApiDb:240 - Found 371 in-development CPN: [B-G473E-ZEST1S, B-WB1M-WPAN1, B-WL5M-SUBG1, NUCLEO-C031C6, NUCLEO-H503RB, NUCLEO-H563ZI, NUCLEO-U545RE-Q, NUCLEO-U5A5ZJ-Q, NUCLEO-WBA52CG, NUCLEO-WBA55CG, STEVAL-MKBOXPRO, STEVAL-PROTEUS1, STEVAL-STWINBX1, STM320518-EVAL, STM32C0116-DK, STM32C011D6Y3TR, STM32C011D6Y6TR, STM32C011F4P3, STM32C011F4P6, STM32C011F4U3, STM32C011F4U6TR, STM32C011F6P3, STM32C011F6P6, STM32C011F6U3, STM32C011F6U6TR, STM32C011J4M3, STM32C011J4M6, STM32C011J6M3, STM32C011J6M6, STM32C0316-DK, STM32C031C4T3, STM32C031C4T6, STM32C031C4U3, STM32C031C4U6, STM32C031C6T3, STM32C031C6T6, STM32C031C6U3, STM32C031C6U6, STM32C031F4P3, STM32C031F4P6, STM32C031F6P3, STM32C031F6P6, STM32C031G4U3, STM32C031G4U6, STM32C031G6U3, STM32C031G6U6, STM32C031K4T3, STM32C031K4T6, STM32C031K4U3, STM32C031K4U6, STM32C031K6T3, STM32C031K6T6, STM32C031K6U3, STM32C031K6U6, STM32G071K8TXN, STM32G071K8UXN, STM32G081GBU6N, STM32G081KBT6N, STM32G081KBUXN, STM32G0B1CCT6N, STM32G0B1KCT6, STM32G0B1NEY6TR, STM32G0B1RCT6N, STM32G0C1CCT6, STM32G0C1CCT6N, STM32G0C1CCU6N, STM32G0C1CET6N, STM32G0C1CEU6N, STM32G0C1KCT6, STM32G0C1NEY6TR, STM32G0C1RCI6N, STM32G0C1RCT6N, STM32G0C1REI6N, STM32G0C1RET6N, STM32G0C1VCI6, STM32G0C1VEI6, STM32G471CCT6, STM32G471CCU6, STM32G471CET3, STM32G471CET6, STM32G471CEU3, STM32G471CEU6, STM32G471MCT6, STM32G471MET3, STM32G471MET6, STM32G471MEY6TR, STM32G471QCT6, STM32G471QET3, STM32G471RCT6, STM32G471RET3, STM32G471RET6, STM32G471VCH6, STM32G471VCI6, STM32G471VCT6, STM32G471VEH3, STM32G471VEH6, STM32G471VEI3, STM32G471VEI6, STM32G471VET3, STM32G471VET6, STM32G474CCT6, STM32H503CBT6, STM32H503CBU6, STM32H503EBY6TR, STM32H503KBU6, STM32H503RBT6, STM32H562AGI6, STM32H562AII6, STM32H562IGK6, STM32H562IGT6, STM32H562IIK6, STM32H562IIT6, STM32H562RGT6, STM32H562RGV6, STM32H562RIT6, STM32H562RIV6, STM32H562VGT6, STM32H562VIT6, STM32H562ZGT6, STM32H562ZIT6, STM32H563AGI6, STM32H563AII3Q, STM32H563AII6, STM32H563IGK6, STM32H563IGT6, STM32H563IIK3Q, STM32H563IIK6, STM32H563IIT3Q, STM32H563IIT6, STM32H563MIY3QTR, STM32H563RGT6, STM32H563RGV6, STM32H563RIT6, STM32H563RIV6, STM32H563VGT6, STM32H563VIT3Q, STM32H563VIT6, STM32H563ZGT6, STM32H563ZIT3Q, STM32H563ZIT6, STM32H573AII3Q, STM32H573AII6, STM32H573I-DK, STM32H573IIK3Q, STM32H573IIK6, STM32H573IIT3Q, STM32H573IIT6, STM32H573MIY3QTR, STM32H573RIT6, STM32H573RIV6, STM32H573VIT3Q, STM32H573VIT6, STM32H573ZIT3Q, STM32H573ZIT6, STM32L4R5QGI6STR, STM32MP131AAE3, STM32MP131AAF3, STM32MP131AAG3, STM32MP131CAE3, STM32MP131CAF3, STM32MP131CAG3, STM32MP131DAE7, STM32MP131DAF7, STM32MP131DAG7, STM32MP131FAE7, STM32MP131FAF7, STM32MP131FAG7, STM32MP133AAE3, STM32MP133AAF3, STM32MP133AAG3, STM32MP133CAE3, STM32MP133CAF3, STM32MP133CAG3, STM32MP133DAE7, STM32MP133DAF7, STM32MP133DAG7, STM32MP133FAE7, STM32MP133FAF7, STM32MP133FAG7, STM32MP135AAE3, STM32MP135AAF3, STM32MP135AAG3, STM32MP135CAE3, STM32MP135CAF3, STM32MP135CAG3, STM32MP135DAE7, STM32MP135DAF7, STM32MP135DAG7, STM32MP135F-DK, STM32MP135FAE7, STM32MP135FAF7, STM32MP135FAF7T, STM32MP135FAF7U, STM32MP135FAG7, STM32U535CBT6, STM32U535CBT6Q, STM32U535CBU6, STM32U535CBU6Q, STM32U535CCT6, STM32U535CCT6Q, STM32U535CCU6, STM32U535CCU6Q, STM32U535CET6, STM32U535CET6Q, STM32U535CEU6, STM32U535CEU6Q, STM32U535JEY6QTR, STM32U535NCY6QTR, STM32U535NEY6QTR, STM32U535RBI6, STM32U535RBI6Q, STM32U535RBT6, STM32U535RBT6Q, STM32U535RCI6, STM32U535RCI6Q, STM32U535RCT6, STM32U535RCT6Q, STM32U535REI6, STM32U535REI6Q, STM32U535RET6, STM32U535RET6Q, STM32U535VCI6, STM32U535VCI6Q, STM32U535VCT6, STM32U535VCT6Q, STM32U535VEI6, STM32U535VEI6Q, STM32U535VET6, STM32U535VET6Q, STM32U545CET6, STM32U545CET6Q, STM32U545CEU6, STM32U545CEU6Q, STM32U545JEY6QTR, STM32U545NEY6QTR, STM32U545REI6, STM32U545REI6Q, STM32U545RET6, STM32U545RET6Q, STM32U545VEI6, STM32U545VEI6Q, STM32U545VET6, STM32U545VET6Q, STM32U595AIH6, STM32U595AIH6Q, STM32U595AJH6, STM32U595AJH6Q, STM32U595QII6, STM32U595QII6Q, STM32U595QJI6, STM32U595QJI6Q, STM32U595RIT6, STM32U595RIT6Q, STM32U595RJT6, STM32U595RJT6Q, STM32U595VIT6, STM32U595VIT6Q, STM32U595VJT6, STM32U595VJT6Q, STM32U595ZIT6, STM32U595ZIT6Q, STM32U595ZIY6QTR, STM32U595ZJT6, STM32U595ZJT6Q, STM32U595ZJY6QTR, STM32U599BJY6QTR, STM32U599NIH6Q, STM32U599NJH6Q, STM32U599VIT6Q, STM32U599VJT6, STM32U599VJT6Q, STM32U599ZIT6Q, STM32U599ZIY6QTR, STM32U599ZJT6Q, STM32U599ZJY6QTR, STM32U5A5AJH6, STM32U5A5AJH6Q, STM32U5A5QJI6, STM32U5A5QJI6Q, STM32U5A5RJT6, STM32U5A5RJT6Q, STM32U5A5VJT6, STM32U5A5VJT6Q, STM32U5A5ZJT6, STM32U5A5ZJT6Q, STM32U5A5ZJY6QTR, STM32U5A9BJY6QTR, STM32U5A9J-DK, STM32U5A9NJH6Q, STM32U5A9VJT6Q, STM32U5A9ZJT6Q, STM32U5A9ZJY6QTR, STM32U5F7VIT6, STM32U5F7VIT6Q, STM32U5F7VJT6, STM32U5F7VJT6Q, STM32U5F9BJY6QTR, STM32U5F9NJH6Q, STM32U5F9VIT6Q, STM32U5F9VJT6Q, STM32U5F9ZIJ6QTR, STM32U5F9ZIT6Q, STM32U5F9ZJJ6QTR, STM32U5F9ZJT6Q, STM32U5G7VJT6, STM32U5G7VJT6Q, STM32U5G9BJY6QTR, STM32U5G9J-DK1, STM32U5G9J-DK2, STM32U5G9NJH6Q, STM32U5G9VJT6Q, STM32U5G9ZJJ6QTR, STM32U5G9ZJT6Q, STM32WB1MMCH6, STM32WBA50KEU6, STM32WBA50KEU6TR, STM32WBA50KGU6, STM32WBA50KGU6TR, STM32WBA52CEU6, STM32WBA52CEU6TR, STM32WBA52CEU7, STM32WBA52CEU7TR, STM32WBA52CGU6, STM32WBA52CGU6TR, STM32WBA52CGU6U, STM32WBA52CGU7, STM32WBA52CGU7TR, STM32WBA52KEU6, STM32WBA52KEU6TR, STM32WBA52KGU6, STM32WBA52KGU6TR, STM32WBA54CEU6, STM32WBA54CEU6TR, STM32WBA54CEU7, STM32WBA54CEU7TR, STM32WBA54CGU6, STM32WBA54CGU6TR, STM32WBA54CGU7, STM32WBA54CGU7TR, STM32WBA54KEU6, STM32WBA54KEU6TR, STM32WBA54KEU7, STM32WBA54KEU7TR, STM32WBA54KGU6, STM32WBA54KGU6TR, STM32WBA54KGU7, STM32WBA54KGU7TR, STM32WBA55CEU6, STM32WBA55CEU6TR, STM32WBA55CEU7, STM32WBA55CEU7TR, STM32WBA55CGU6, STM32WBA55CGU6TR, STM32WBA55CGU6U, STM32WBA55CGU7, STM32WBA55CGU7TR, STM32WBA55G-DK1, STM32WBA55HEF6, STM32WBA55HEF7, STM32WBA55HGF6, STM32WBA55HGF7, STM32WBA55UEI6, STM32WBA55UEI6TR, STM32WBA55UEI7, STM32WBA55UEI7TR, STM32WBA55UGI6, STM32WBA55UGI6TR, STM32WBA55UGI7, STM32WBA55UGI7TR, STM32WL5MOCH6, STM32WL5MOCH6TR]
2024-12-01 15:12:37,080 [INFO] DbMcus:218 - Found 4389 MCUs, 4389 are supported
2024-12-01 15:12:37,080 [INFO] ApiDb:423 - Load user favorites file C:\Users\user/.stm32cubeide/favorites.mcus.txt: 0 item(s)
2024-12-01 15:12:37,080 [INFO] ApiDb:427 - User favorites MCUs=[]
2024-12-01 15:12:37,080 [INFO] DbMcus:224 - Set 0 / 0 favorites MCUs
2024-12-01 15:12:37,307 [INFO] MicroXplorer:468 - Change Database Path : 
2024-12-01 15:12:37,307 [INFO] MicroXplorer:498 - Change Database Version : DB.6.0.100
2024-12-01 15:12:37,307 [WARN] ThirdParty:833 - waiting for thirdparty lock release [change project]
2024-12-01 15:12:37,307 [INFO] ThirdParty:835 - entering critical section [change project]
2024-12-01 15:12:37,308 [INFO] ThirdParty:1030 - CMSIS Pack Vendor :STMicroelectronics USBPD 4.1
2024-12-01 15:12:37,308 [INFO] ThirdParty:1030 - CMSIS Pack Vendor :STMicroelectronics X-CUBE-AZRTOS-H7 3.3.0
2024-12-01 15:12:37,308 [INFO] ThirdParty:1030 - CMSIS Pack Vendor :STMicroelectronics X-CUBE-NFC9 1.0.0
2024-12-01 15:12:37,308 [INFO] ThirdParty:1030 - CMSIS Pack Vendor :STMicroelectronics USB_HOST 2.0.0
2024-12-01 15:12:37,308 [INFO] ThirdParty:1030 - CMSIS Pack Vendor :STMicroelectronics FP-SNS-MOTENVWB1 1.4.0
2024-12-01 15:12:37,308 [INFO] ThirdParty:1030 - CMSIS Pack Vendor :STMicroelectronics X-CUBE-AZRTOS-F4 1.1.0
2024-12-01 15:12:37,308 [INFO] ThirdParty:1030 - CMSIS Pack Vendor :STMicroelectronics LIBJPEG 8.0.0
2024-12-01 15:12:37,308 [INFO] ThirdParty:1030 - CMSIS Pack Vendor :STMicroelectronics FP-ATR-ASTRA1 2.0.1
2024-12-01 15:12:37,308 [INFO] ThirdParty:1030 - CMSIS Pack Vendor :STMicroelectronics X-CUBE-SMBUS 2.1.0
2024-12-01 15:12:37,308 [INFO] ThirdParty:1030 - CMSIS Pack Vendor :STMicroelectronics X-CUBE-WB05N 1.1.0
2024-12-01 15:12:37,308 [INFO] ThirdParty:1030 - CMSIS Pack Vendor :STMicroelectronics USB_DEVICE 3.0.0
2024-12-01 15:12:37,308 [INFO] ThirdParty:1030 - CMSIS Pack Vendor :STMicroelectronics X-CUBE-TCPP 4.1.0
2024-12-01 15:12:37,308 [INFO] ThirdParty:1030 - CMSIS Pack Vendor :STMicroelectronics X-CUBE-ISPU 2.1.0
2024-12-01 15:12:37,308 [INFO] ThirdParty:1030 - CMSIS Pack Vendor :STMicroelectronics X-CUBE-FREERTOS 1.2.0
2024-12-01 15:12:37,308 [INFO] ThirdParty:1030 - CMSIS Pack Vendor :STMicroelectronics X-CUBE-IPS 3.0.0
2024-12-01 15:12:37,308 [INFO] ThirdParty:1030 - CMSIS Pack Vendor :STMicroelectronics X-CUBE-AZRTOS-WB 2.0.0
2024-12-01 15:12:37,308 [INFO] ThirdParty:1030 - CMSIS Pack Vendor :STMicroelectronics X-CUBE-GNSS1 7.0.0
2024-12-01 15:12:37,308 [INFO] ThirdParty:1030 - CMSIS Pack Vendor :STMicroelectronics X-CUBE-AZRTOS-F7 1.1.0
2024-12-01 15:12:37,308 [INFO] ThirdParty:1030 - CMSIS Pack Vendor :STMicroelectronics X-CUBE-AZRTOS-L5 2.0.0
2024-12-01 15:12:37,308 [INFO] ThirdParty:1030 - CMSIS Pack Vendor :STMicroelectronics USB_DEVICE 2.0.0
2024-12-01 15:12:37,308 [INFO] ThirdParty:1030 - CMSIS Pack Vendor :STMicroelectronics X-CUBE-NFC6 3.1.0
2024-12-01 15:12:37,308 [INFO] ThirdParty:1030 - CMSIS Pack Vendor :STMicroelectronics FP-SNS-STBOX1 2.0.0
2024-12-01 15:12:37,308 [INFO] ThirdParty:1030 - CMSIS Pack Vendor :STMicroelectronics X-CUBE-MEMS1 11.0.0
2024-12-01 15:12:37,308 [INFO] ThirdParty:1030 - CMSIS Pack Vendor :STMicroelectronics FreeRTOS 0.0.1
2024-12-01 15:12:37,308 [INFO] ThirdParty:1030 - CMSIS Pack Vendor :STMicroelectronics X-CUBE-AZRTOS-G0 1.1.0
2024-12-01 15:12:37,308 [INFO] ThirdParty:1030 - CMSIS Pack Vendor :STMicroelectronics X-CUBE-SAFEA1 1.2.2
2024-12-01 15:12:37,308 [INFO] ThirdParty:1030 - CMSIS Pack Vendor :STMicroelectronics X-CUBE-NFC4 3.0.0
2024-12-01 15:12:37,308 [INFO] ThirdParty:1030 - CMSIS Pack Vendor :STMicroelectronics X-CUBE-DPower 1.2.0
2024-12-01 15:12:37,308 [INFO] ThirdParty:1030 - CMSIS Pack Vendor :STMicroelectronics X-CUBE-SUBG2 5.0.0
2024-12-01 15:12:37,308 [INFO] ThirdParty:1030 - CMSIS Pack Vendor :STMicroelectronics STM32_WPAN 1.0.0
2024-12-01 15:12:37,308 [INFO] ThirdParty:1030 - CMSIS Pack Vendor :EmbeddedOffice I-CUBE-FS-RTOS 1.0.1
2024-12-01 15:12:37,308 [INFO] ThirdParty:1030 - CMSIS Pack Vendor :STMicroelectronics lwIP 2.0.3
2024-12-01 15:12:37,308 [INFO] ThirdParty:1030 - CMSIS Pack Vendor :STMicroelectronics FP-SNS-FLIGHT1 5.0.2
2024-12-01 15:12:37,308 [INFO] ThirdParty:1030 - CMSIS Pack Vendor :Cesanta I-CUBE-Mongoose 7.13.0
2024-12-01 15:12:37,308 [INFO] ThirdParty:1030 - CMSIS Pack Vendor :STMicroelectronics USB_HOST 1.0.0
2024-12-01 15:12:37,308 [INFO] ThirdParty:1030 - CMSIS Pack Vendor :STMicroelectronics X-CUBE-AZRTOS-G4 2.0.0
2024-12-01 15:12:37,308 [INFO] ThirdParty:1030 - CMSIS Pack Vendor :STMicroelectronics PDM2PCM 3.1.0
2024-12-01 15:12:37,308 [INFO] ThirdParty:1030 - CMSIS Pack Vendor :STMicroelectronics PDM2PCM 3.3.0
2024-12-01 15:12:37,308 [INFO] ThirdParty:1030 - CMSIS Pack Vendor :STMicroelectronics X-CUBE-DISPLAY 3.0.0
2024-12-01 15:12:37,308 [INFO] ThirdParty:1030 - CMSIS Pack Vendor :RealThread X-CUBE-RT-Thread_Nano 4.1.1
2024-12-01 15:12:37,308 [INFO] ThirdParty:1030 - CMSIS Pack Vendor :STMicroelectronics X-CUBE-BLE1 7.0.0
2024-12-01 15:12:37,308 [INFO] ThirdParty:1030 - CMSIS Pack Vendor :STMicroelectronics FP-ATR-SIGFOX1 3.2.0
2024-12-01 15:12:37,308 [INFO] ThirdParty:1030 - CMSIS Pack Vendor :STMicroelectronics X-CUBE-NFC10 1.0.0
2024-12-01 15:12:37,308 [INFO] ThirdParty:1030 - CMSIS Pack Vendor :quantropi X-CUBE-qispace-sdk-base 1.9.3
2024-12-01 15:12:37,308 [INFO] ThirdParty:1030 - CMSIS Pack Vendor :STMicroelectronics X-CUBE-EEPRMA1 5.1.0
2024-12-01 15:12:37,308 [INFO] ThirdParty:1030 - CMSIS Pack Vendor :STMicroelectronics HAL Drivers 0.0.0
2024-12-01 15:12:37,308 [INFO] ThirdParty:1030 - CMSIS Pack Vendor :STMicroelectronics MBEDTLS 2.16.2
2024-12-01 15:12:37,308 [INFO] ThirdParty:1030 - CMSIS Pack Vendor :STMicroelectronics X-CUBE-ALS 1.0.2
2024-12-01 15:12:37,308 [INFO] ThirdParty:1030 - CMSIS Pack Vendor :emotas I-CUBE-CANOPEN 1.3.0
2024-12-01 15:12:37,308 [INFO] ThirdParty:1030 - CMSIS Pack Vendor :wolfSSL I-CUBE-wolfSSL 5.7.4
2024-12-01 15:12:37,308 [INFO] ThirdParty:1030 - CMSIS Pack Vendor :STMicroelectronics X-CUBE-NFC7 1.0.1
2024-12-01 15:12:37,308 [INFO] ThirdParty:1030 - CMSIS Pack Vendor :STMicroelectronics MBEDTLS 2.14.1
2024-12-01 15:12:37,308 [INFO] ThirdParty:1030 - CMSIS Pack Vendor :ITTIA_DB I-CUBE-ITTIADB 8.9.0
2024-12-01 15:12:37,308 [INFO] ThirdParty:1030 - CMSIS Pack Vendor :STMicroelectronics X-CUBE-TOUCHGFX 4.24.1
2024-12-01 15:12:37,308 [INFO] ThirdParty:1030 - CMSIS Pack Vendor :wolfSSL I-CUBE-wolfTPM 3.4.0
2024-12-01 15:12:37,308 [INFO] ThirdParty:1030 - CMSIS Pack Vendor :portGmbH I-Cube-SoM-uGOAL 1.1.0
2024-12-01 15:12:37,308 [INFO] ThirdParty:1030 - CMSIS Pack Vendor :STMicroelectronics X-CUBE-BLEMGR 3.1.0
2024-12-01 15:12:37,308 [INFO] ThirdParty:1030 - CMSIS Pack Vendor :STMicroelectronics ThreadX 1.0.0
2024-12-01 15:12:37,308 [INFO] ThirdParty:1030 - CMSIS Pack Vendor :STMicroelectronics FP-SNS-SMARTAG2 1.2.0
2024-12-01 15:12:37,308 [INFO] ThirdParty:1030 - CMSIS Pack Vendor :STMicroelectronics X-CUBE-AZRTOS-WL 2.0.0
2024-12-01 15:12:37,308 [INFO] ThirdParty:1030 - CMSIS Pack Vendor :SEGGER I-CUBE-embOS 1.3.1
2024-12-01 15:12:37,308 [INFO] ThirdParty:1030 - CMSIS Pack Vendor :STMicroelectronics X-CUBE-ALGOBUILD 1.4.0
2024-12-01 15:12:37,308 [INFO] ThirdParty:1030 - CMSIS Pack Vendor :STMicroelectronics FP-SNS-MOTENV1 5.0.0
2024-12-01 15:12:37,308 [INFO] ThirdParty:1030 - CMSIS Pack Vendor :STMicroelectronics USB_DEVICE 1.0.0
2024-12-01 15:12:37,308 [INFO] ThirdParty:1030 - CMSIS Pack Vendor :STMicroelectronics X-CUBE-AZRTOS-H7RS 1.0.0
2024-12-01 15:12:37,308 [INFO] ThirdParty:1030 - CMSIS Pack Vendor :wolfSSL I-CUBE-wolfMQTT 1.19.0
2024-12-01 15:12:37,308 [INFO] ThirdParty:1030 - CMSIS Pack Vendor :STMicroelectronics X-CUBE-AZRTOS-L4 2.0.0
2024-12-01 15:12:37,308 [INFO] ThirdParty:1030 - CMSIS Pack Vendor :STMicroelectronics ThreadX 0.0.2
2024-12-01 15:12:37,308 [INFO] ThirdParty:1030 - CMSIS Pack Vendor :WES I-CUBE-Cesium 1.3.0
2024-12-01 15:12:37,308 [INFO] ThirdParty:1030 - CMSIS Pack Vendor :STMicroelectronics lwIP 2.1.2
2024-12-01 15:12:37,308 [INFO] ThirdParty:1030 - CMSIS Pack Vendor :STMicroelectronics X-CUBE-SFXS2LP1 4.0.0
2024-12-01 15:12:37,308 [INFO] ThirdParty:1030 - CMSIS Pack Vendor :STMicroelectronics X-CUBE-BLE2 3.3.0
2024-12-01 15:12:37,308 [INFO] ThirdParty:1030 - CMSIS Pack Vendor :STMicroelectronics X-CUBE-TOF1 3.4.2
2024-12-01 15:12:37,308 [INFO] ThirdParty:1030 - CMSIS Pack Vendor :STMicroelectronics X-CUBE-AI 9.1.0
2024-12-01 15:12:37,308 [INFO] ThirdParty:1030 - CMSIS Pack Vendor :Infineon AIROC-Wi-Fi-Bluetooth-STM32 1.6.1
2024-12-01 15:12:37,308 [INFO] ThirdParty:1030 - CMSIS Pack Vendor :STMicroelectronics PDM2PCM 3.2.0
2024-12-01 15:12:37,308 [INFO] ThirdParty:1030 - CMSIS Pack Vendor :wolfSSL I-CUBE-wolfSSH 1.4.17
2024-12-01 15:12:37,309 [INFO] ThirdParty:841 - exiting critical section [change project]
2024-12-01 15:12:37,507 [INFO] PinOutPanel:1499 - setPackage(No Configuration,No Configuration)
2024-12-01 15:12:37,508 [INFO] PinOutPanel:1499 - setPackage(STM32F411RETx,LQFP64)
2024-12-01 15:12:37,771 [INFO] UtilMem:75 - Before build in PCC Used Memory: 749019408 Bytes (1073741824)
2024-12-01 15:12:38,354 [INFO] UtilMem:75 - After build in PCC Used Memory: 815612192 Bytes (1073741824)
2024-12-01 15:12:38,374 [INFO] IPUIPlugin:80 - create IPUIPlugin
2024-12-01 15:12:38,374 [INFO] IPUIPlugin:80 - create IPUIPlugin
2024-12-01 15:12:38,374 [INFO] IPUIPlugin:80 - create IPUIPlugin
2024-12-01 15:12:38,374 [INFO] IPUIPlugin:80 - create IPUIPlugin
2024-12-01 15:12:38,375 [INFO] IPUIPlugin:80 - create IPUIPlugin
2024-12-01 15:12:38,375 [INFO] IPUIPlugin:80 - create IPUIPlugin
2024-12-01 15:12:38,375 [INFO] IPUIPlugin:80 - create IPUIPlugin
2024-12-01 15:12:38,375 [INFO] IPUIPlugin:80 - create IPUIPlugin
2024-12-01 15:12:38,375 [INFO] IPUIPlugin:80 - create IPUIPlugin
2024-12-01 15:12:38,375 [INFO] IPUIPlugin:80 - create IPUIPlugin
2024-12-01 15:12:38,375 [INFO] IPUIPlugin:80 - create IPUIPlugin
2024-12-01 15:12:38,375 [INFO] IPUIPlugin:80 - create IPUIPlugin
2024-12-01 15:12:38,376 [INFO] IPUIPlugin:80 - create IPUIPlugin
2024-12-01 15:12:38,376 [INFO] IPUIPlugin:80 - create IPUIPlugin
2024-12-01 15:12:38,376 [INFO] IPUIPlugin:80 - create IPUIPlugin
2024-12-01 15:12:38,376 [INFO] IPUIPlugin:80 - create IPUIPlugin
2024-12-01 15:12:38,376 [INFO] IPUIPlugin:80 - create IPUIPlugin
2024-12-01 15:12:38,378 [INFO] IPUIPlugin:80 - create IPUIPlugin
2024-12-01 15:12:38,378 [INFO] IPUIPlugin:80 - create IPUIPlugin
2024-12-01 15:12:38,378 [INFO] IPUIPlugin:80 - create IPUIPlugin
2024-12-01 15:12:38,378 [INFO] IPUIPlugin:80 - create IPUIPlugin
2024-12-01 15:12:38,378 [INFO] IPUIPlugin:80 - create IPUIPlugin
2024-12-01 15:12:38,378 [INFO] IPUIPlugin:80 - create IPUIPlugin
2024-12-01 15:12:38,378 [INFO] IPUIPlugin:80 - create IPUIPlugin
2024-12-01 15:12:38,379 [INFO] IPUIPlugin:80 - create IPUIPlugin
2024-12-01 15:12:38,379 [INFO] IPUIPlugin:80 - create IPUIPlugin
2024-12-01 15:12:38,379 [INFO] IPUIPlugin:80 - create IPUIPlugin
2024-12-01 15:12:38,379 [INFO] IPUIPlugin:80 - create IPUIPlugin
2024-12-01 15:12:38,379 [INFO] IPUIPlugin:80 - create IPUIPlugin
2024-12-01 15:12:38,379 [INFO] IPUIPlugin:80 - create IPUIPlugin
2024-12-01 15:12:38,379 [INFO] IPUIPlugin:80 - create IPUIPlugin
2024-12-01 15:12:38,379 [INFO] IPUIPlugin:80 - create IPUIPlugin
2024-12-01 15:12:38,379 [INFO] IPUIPlugin:80 - create IPUIPlugin
2024-12-01 15:12:38,379 [INFO] IPUIPlugin:80 - create IPUIPlugin
2024-12-01 15:12:38,379 [INFO] IPUIPlugin:80 - create IPUIPlugin
2024-12-01 15:12:38,379 [INFO] IPUIPlugin:80 - create IPUIPlugin
2024-12-01 15:12:38,380 [INFO] IPUIPlugin:80 - create IPUIPlugin
2024-12-01 15:12:38,380 [INFO] IPUIPlugin:80 - create IPUIPlugin
2024-12-01 15:12:38,380 [INFO] IPUIPlugin:80 - create IPUIPlugin
2024-12-01 15:12:38,380 [INFO] IPUIPlugin:80 - create IPUIPlugin
2024-12-01 15:12:38,380 [INFO] IPUIPlugin:80 - create IPUIPlugin
2024-12-01 15:12:38,380 [INFO] IPUIPlugin:80 - create IPUIPlugin
2024-12-01 15:12:38,380 [INFO] IPUIPlugin:80 - create IPUIPlugin
2024-12-01 15:12:38,482 [INFO] ApiDbMcu:508 - Load IP Config File for PDM2PCM
2024-12-01 15:12:38,614 [INFO] CADModel:165 - CPN selected for project levelSTM32F411RET6
2024-12-01 15:12:38,614 [INFO] CADModel:114 - Register for checkConnection events
2024-12-01 15:12:38,657 [INFO] OpenFileManager:343 - Restore cursor
2024-12-01 15:12:47,763 [INFO] Gpio:277 - dependency for GPIO [ADC1, RCC, SYS, USART2]
2024-12-01 15:12:50,535 [INFO] ADCParametersView:116 -                Rank 1 : false
2024-12-01 15:12:50,535 [INFO] ADCParametersView:116 -                Rank 1 : false
2024-12-01 15:12:50,535 [INFO] ADCParametersView:116 -                Rank 2 : false
2024-12-01 15:12:50,573 [INFO] ADCParametersView:116 -                Rank 1 : false
2024-12-01 15:12:50,573 [INFO] ADCParametersView:116 -                Rank 2 : false
2024-12-01 15:12:50,573 [INFO] ADCParametersView:116 -                Rank 1 : false
2024-12-01 15:12:50,573 [INFO] ADCParametersView:116 -                Rank 2 : false
2024-12-01 15:12:50,573 [INFO] ADCParametersView:116 -                Rank 1 : false
2024-12-01 15:12:50,573 [INFO] ADCParametersView:116 -                Rank 2 : false
2024-12-01 15:12:50,574 [INFO] ADCParametersView:116 -                Rank 1 : false
2024-12-01 15:12:50,574 [INFO] ADCParametersView:116 -                Rank 2 : false
2024-12-01 15:12:50,574 [INFO] ADCParametersView:116 -                Rank 1 : false
2024-12-01 15:12:50,574 [INFO] ADCParametersView:116 -                Rank 2 : false
2024-12-01 15:12:50,574 [INFO] ADCParametersView:116 -                Rank 1 : false
2024-12-01 15:12:50,574 [INFO] ADCParametersView:116 -                Rank 2 : false
2024-12-01 15:12:50,574 [INFO] ADCParametersView:116 -                Rank 1 : false
2024-12-01 15:12:50,574 [INFO] ADCParametersView:116 -                Rank 2 : false
2024-12-01 15:12:50,574 [INFO] ADCParametersView:116 -                Rank 1 : false
2024-12-01 15:12:50,574 [INFO] ADCParametersView:116 -                Rank 2 : false
2024-12-01 15:12:50,574 [INFO] ADCParametersView:116 -                Rank 1 : false
2024-12-01 15:12:50,574 [INFO] ADCParametersView:116 -                Rank 2 : false
2024-12-01 15:12:50,574 [INFO] ADCParametersView:116 -                Rank 1 : false
2024-12-01 15:12:50,574 [INFO] ADCParametersView:116 -                Rank 2 : false
2024-12-01 15:12:50,574 [INFO] ADCParametersView:116 -                Rank 1 : false
2024-12-01 15:12:50,574 [INFO] ADCParametersView:116 -                Rank 2 : false
2024-12-01 15:12:50,574 [INFO] ADCParametersView:116 -                Rank 1 : false
2024-12-01 15:12:50,574 [INFO] ADCParametersView:116 -                Rank 2 : false
2024-12-01 15:12:50,574 [INFO] ADCParametersView:116 -                Rank 1 : false
2024-12-01 15:12:50,574 [INFO] ADCParametersView:116 -                Rank 2 : false
2024-12-01 15:12:50,574 [INFO] ADCParametersView:116 -                Rank 1 : false
2024-12-01 15:12:50,574 [INFO] ADCParametersView:116 -                Rank 2 : false
2024-12-01 15:12:50,574 [INFO] ADCParametersView:116 -                Rank 1 : false
2024-12-01 15:12:50,574 [INFO] ADCParametersView:116 -                Rank 2 : false
2024-12-01 15:12:50,574 [INFO] ADCParametersView:116 -                Rank 2 : false
2024-12-01 15:12:50,589 [INFO] ADCParametersView:116 -                Rank 1 : false
2024-12-01 15:12:50,589 [INFO] ADCParametersView:116 -                Rank 1 : false
2024-12-01 15:12:50,589 [INFO] ADCParametersView:116 -                Rank 2 : false
2024-12-01 15:13:16,347 [INFO] NvicIntPanel:101 - NVIC parent = com.st.microxplorer.plugins.ip.nvic.MultiNvicIntPanel[,0,0,733x394,layout=javax.swing.BoxLayout,alignmentX=0.0,alignmentY=0.0,border=,flags=9,maximumSize=,minimumSize=,preferredSize=]
2024-12-01 18:01:20,521 [ERROR] LogOutputStream:75 - [STDERR_REDIRECT] 
