2024-12-04 16:30:21,662 [INFO] Activator:176 - 


2024-12-04 16:30:21,666 [INFO] Activator:177 - !SESSION log4j initialized
2024-12-04 16:30:25,634 [INFO] LogOutputStream:77 - [STDOUT_REDIRECT] 
2024-12-04 16:30:28,573 [INFO] ApplicationProperties:184 - Using Application install path: C:\ST\STM32CubeIDE_1.14.1\STM32CubeIDE\plugins\com.st.stm32cube.common.mx_6.10.0.202311202037
2024-12-04 16:30:28,583 [INFO] DbMcusXml:78 - Set database path to: C:\ST\STM32CubeIDE_1.14.1\STM32CubeIDE\plugins\com.st.stm32cube.common.mx_6.10.0.202311202037\\db\/mcu/
2024-12-04 16:30:28,583 [INFO] ApiDb:274 - Set plugin database path to: C:\ST\STM32CubeIDE_1.14.1\STM32CubeIDE\plugins\com.st.stm32cube.common.mx_6.10.0.202311202037\\db\/plugins/boardmanager/
2024-12-04 16:30:28,583 [WARN] ApiDb:259 - Overriding images path with different value:  => C:\ST\STM32CubeIDE_1.14.1\STM32CubeIDE\plugins\com.st.stm32cube.common.mx_6.10.0.202311202037\\db\/plugins/mcufinder/images/
2024-12-04 16:30:28,588 [INFO] ApiDb:250 - Set database path to: C:\Users\user\.stmcufinder\plugins\mcufinder//mcu/
2024-12-04 16:30:28,588 [INFO] DbMcusAds:125 - Set database path to: C:\Users\user\.stmcufinder\plugins\mcufinder//mcu/
2024-12-04 16:30:28,589 [INFO] CrossReferenceDbSqlite:203 - Set database path to: C:\Users\user\.stmcufinder\plugins\mcufinder//mcu/cs/
2024-12-04 16:30:28,647 [INFO] RulesReader:64 - Compatibility file has been processed (297 Rules)
2024-12-04 16:30:28,696 [INFO] DbMcusXml:78 - Set database path to: C:\ST\STM32CubeIDE_1.14.1\STM32CubeIDE\plugins\com.st.stm32cube.common.mx_6.10.0.202311202037\\db\/mcu/
2024-12-04 16:30:28,696 [INFO] ApiDb:274 - Set plugin database path to: C:\ST\STM32CubeIDE_1.14.1\STM32CubeIDE\plugins\com.st.stm32cube.common.mx_6.10.0.202311202037\\db\/plugins/boardmanager/
2024-12-04 16:30:28,696 [INFO] ApiDb:261 - Set plugin images path to: C:\ST\STM32CubeIDE_1.14.1\STM32CubeIDE\plugins\com.st.stm32cube.common.mx_6.10.0.202311202037\\db\/plugins/mcufinder/images/
2024-12-04 16:30:28,696 [WARN] DbFile:41 - Overriding database path with different value: C:\Users\user\.stmcufinder\plugins\mcufinder/ => C:\Users\user\.stmcufinder\plugins\mcufinder
2024-12-04 16:30:28,696 [INFO] ApiDb:250 - Set database path to: C:\Users\user\.stmcufinder\plugins\mcufinder//mcu/
2024-12-04 16:30:28,696 [WARN] DbFile:41 - Overriding database path with different value: C:\Users\user\.stmcufinder\plugins\mcufinder/ => C:\Users\user\.stmcufinder\plugins\mcufinder
2024-12-04 16:30:28,696 [INFO] DbMcusAds:125 - Set database path to: C:\Users\user\.stmcufinder\plugins\mcufinder//mcu/
2024-12-04 16:30:28,696 [WARN] DbFile:41 - Overriding database path with different value: C:\Users\user\.stmcufinder\plugins\mcufinder/ => C:\Users\user\.stmcufinder\plugins\mcufinder
2024-12-04 16:30:28,697 [WARN] DbFile:41 - Overriding database path with different value: C:\Users\user\.stmcufinder\plugins\mcufinder/ => C:\Users\user\.stmcufinder\plugins\mcufinder
2024-12-04 16:30:28,697 [INFO] CrossReferenceDbSqlite:203 - Set database path to: C:\Users\user\.stmcufinder\plugins\mcufinder//mcu/cs/
2024-12-04 16:30:28,742 [INFO] MainPanel:264 - HeapMemory: 268435456
2024-12-04 16:30:28,792 [INFO] DbMcusXml:78 - Set database path to: C:\ST\STM32CubeIDE_1.14.1\STM32CubeIDE\plugins\com.st.stm32cube.common.mx_6.10.0.202311202037\\db\/mcu/
2024-12-04 16:30:28,792 [INFO] ApiDb:274 - Set plugin database path to: C:\ST\STM32CubeIDE_1.14.1\STM32CubeIDE\plugins\com.st.stm32cube.common.mx_6.10.0.202311202037\\db\/plugins/boardmanager/
2024-12-04 16:30:28,792 [INFO] ApiDb:261 - Set plugin images path to: C:\ST\STM32CubeIDE_1.14.1\STM32CubeIDE\plugins\com.st.stm32cube.common.mx_6.10.0.202311202037\\db\/plugins/mcufinder/images/
2024-12-04 16:30:28,792 [WARN] DbFile:41 - Overriding database path with different value: C:\Users\user\.stmcufinder\plugins\mcufinder/ => C:\Users\user\.stmcufinder\plugins\mcufinder
2024-12-04 16:30:28,792 [INFO] ApiDb:250 - Set database path to: C:\Users\user\.stmcufinder\plugins\mcufinder//mcu/
2024-12-04 16:30:28,792 [WARN] DbFile:41 - Overriding database path with different value: C:\Users\user\.stmcufinder\plugins\mcufinder/ => C:\Users\user\.stmcufinder\plugins\mcufinder
2024-12-04 16:30:28,792 [INFO] DbMcusAds:125 - Set database path to: C:\Users\user\.stmcufinder\plugins\mcufinder//mcu/
2024-12-04 16:30:28,792 [WARN] DbFile:41 - Overriding database path with different value: C:\Users\user\.stmcufinder\plugins\mcufinder/ => C:\Users\user\.stmcufinder\plugins\mcufinder
2024-12-04 16:30:28,793 [WARN] DbFile:41 - Overriding database path with different value: C:\Users\user\.stmcufinder\plugins\mcufinder/ => C:\Users\user\.stmcufinder\plugins\mcufinder
2024-12-04 16:30:28,793 [INFO] CrossReferenceDbSqlite:203 - Set database path to: C:\Users\user\.stmcufinder\plugins\mcufinder//mcu/cs/
2024-12-04 16:30:28,803 [INFO] ApplicationProperties:184 - Using Application install path: C:\ST\STM32CubeIDE_1.14.1\STM32CubeIDE\plugins\com.st.stm32cube.common.mx_6.10.0.202311202037
2024-12-04 16:30:28,804 [INFO] PluginManage:196 - Search for loadable plugins [exclusion list=, ]
2024-12-04 16:30:28,805 [INFO] PluginManage:310 - Check plugin analytics
2024-12-04 16:30:28,904 [INFO] AnalyticsPlugin:253 - Accepted Software Licenses: 
2024-12-04 16:30:28,904 [INFO] AnalyticsPlugin:255 - Accepted CMSIS Pack Licenses: 
2024-12-04 16:30:28,904 [INFO] AnalyticsPlugin:257 - Accepted Firmware Licenses: FW.F4.1.28.0
2024-12-04 16:30:28,907 [INFO] PluginManage:359 - Loaded plugin analytics (category:tool,tabindex:-1)
2024-12-04 16:30:28,907 [INFO] PluginManage:310 - Check plugin cadmodel
2024-12-04 16:30:28,916 [INFO] CADModel:105 - Init CAD model plugin
2024-12-04 16:30:28,916 [INFO] PluginManage:359 - Loaded plugin cadmodel (category:power,tabindex:5)
2024-12-04 16:30:28,916 [INFO] PluginManage:310 - Check plugin clock
2024-12-04 16:30:28,927 [INFO] PluginManage:359 - Loaded plugin clock (category:base,tabindex:2)
2024-12-04 16:30:28,927 [INFO] PluginManage:310 - Check plugin ddr
2024-12-04 16:30:28,928 [INFO] PluginManage:359 - Loaded plugin ddr (category:tool,tabindex:6)
2024-12-04 16:30:28,928 [INFO] PluginManage:310 - Check plugin filemanager
2024-12-04 16:30:29,009 [INFO] PluginManage:359 - Loaded plugin filemanager (category:base,tabindex:10)
2024-12-04 16:30:29,009 [INFO] PluginManage:310 - Check plugin ipmanager
2024-12-04 16:30:29,014 [INFO] PluginManage:359 - Loaded plugin ipmanager (category:base,tabindex:5)
2024-12-04 16:30:29,014 [INFO] PluginManage:310 - Check plugin lpbam
2024-12-04 16:30:29,023 [INFO] PluginManage:359 - Loaded plugin lpbam (category:base,tabindex:0)
2024-12-04 16:30:29,023 [INFO] PluginManage:310 - Check plugin memorymap
2024-12-04 16:30:29,037 [INFO] PluginManage:359 - Loaded plugin memorymap (category:base,tabindex:4)
2024-12-04 16:30:29,037 [INFO] PluginManage:310 - Check plugin pinoutandconfiguration
2024-12-04 16:30:29,044 [INFO] PluginManage:359 - Loaded plugin pinoutandconfiguration (category:base,tabindex:1)
2024-12-04 16:30:29,044 [INFO] PluginManage:310 - Check plugin pinoutconfig
2024-12-04 16:30:29,095 [WARN] SupportedApi:132 - Cannot load RTOS API schema: s4s-elt-must-match.1: The content of 'definitions' must match (annotation?, (simpleType | complexType)?, (unique | key | keyref)*)). A problem was found starting at: attribute.
2024-12-04 16:30:29,166 [INFO] PluginManage:359 - Loaded plugin pinoutconfig (category:base,tabindex:0)
2024-12-04 16:30:29,166 [INFO] PluginManage:310 - Check plugin power
2024-12-04 16:30:29,177 [INFO] PluginManage:359 - Loaded plugin power (category:power,tabindex:4)
2024-12-04 16:30:29,177 [INFO] PluginManage:310 - Check plugin projectmanager
2024-12-04 16:30:29,186 [INFO] PluginManage:359 - Loaded plugin projectmanager (category:projectmanager,tabindex:3)
2024-12-04 16:30:29,187 [INFO] PluginManage:310 - Check plugin thirdparty
2024-12-04 16:30:29,342 [INFO] PluginManage:359 - Loaded plugin thirdparty (category:base,tabindex:-1)
2024-12-04 16:30:29,342 [INFO] PluginManage:310 - Check plugin tools
2024-12-04 16:30:29,342 [WARN] IntegrityCheckThread:84 - waiting for thirdparty lock release [integrity check]
2024-12-04 16:30:29,342 [INFO] IntegrityCheckThread:86 - entering critical section [integrity check]
2024-12-04 16:30:29,342 [INFO] ThirdPartyUpdaterWithRetryManager:70 - Updater plugin not ready yet. [1/15]
2024-12-04 16:30:29,360 [INFO] PluginManage:359 - Loaded plugin tools (category:base,tabindex:7)
2024-12-04 16:30:29,360 [INFO] PluginManage:310 - Check plugin tutovideos
2024-12-04 16:30:29,465 [INFO] PluginManage:359 - Loaded plugin tutovideos (category:base,tabindex:-1)
2024-12-04 16:30:29,466 [INFO] PluginManage:310 - Check plugin updater
2024-12-04 16:30:29,472 [INFO] PluginManage:359 - Loaded plugin updater (category:base,tabindex:12)
2024-12-04 16:30:29,472 [INFO] PluginManage:310 - Check plugin userauth
2024-12-04 16:30:29,475 [INFO] UserAuth:114 - Init User Auth plugin
2024-12-04 16:30:29,475 [INFO] PluginManage:359 - Loaded plugin userauth (category:base,tabindex:14)
2024-12-04 16:30:29,475 [INFO] PluginManage:283 - PluginManage : Loaded plugins [17]
2024-12-04 16:30:29,593 [INFO] PinOutPanel:1499 - setPackage(No Configuration,No Configuration)
2024-12-04 16:30:29,634 [INFO] CADModel:165 - CPN selected for project level
2024-12-04 16:30:29,634 [INFO] CADModel:114 - Register for checkConnection events
2024-12-04 16:30:29,649 [INFO] IPUIPlugin:80 - create IPUIPlugin
2024-12-04 16:30:29,649 [INFO] PluginManager:220 - loadIPPluginJar : add adc
2024-12-04 16:30:29,666 [INFO] IPUIPlugin:80 - create IPUIPlugin
2024-12-04 16:30:29,666 [INFO] PluginManager:220 - loadIPPluginJar : add aes
2024-12-04 16:30:29,685 [INFO] IPUIPlugin:80 - create IPUIPlugin
2024-12-04 16:30:29,685 [INFO] PluginManager:220 - loadIPPluginJar : add can
2024-12-04 16:30:29,695 [INFO] IPUIPlugin:80 - create IPUIPlugin
2024-12-04 16:30:29,695 [INFO] PluginManager:220 - loadIPPluginJar : add comp
2024-12-04 16:30:29,712 [INFO] IPUIPlugin:80 - create IPUIPlugin
2024-12-04 16:30:29,712 [INFO] PluginManager:220 - loadIPPluginJar : add cryp
2024-12-04 16:30:29,725 [INFO] IPUIPlugin:80 - create IPUIPlugin
2024-12-04 16:30:29,725 [INFO] PluginManager:220 - loadIPPluginJar : add dfsdm
2024-12-04 16:30:29,733 [INFO] IPUIPlugin:80 - create IPUIPlugin
2024-12-04 16:30:29,733 [INFO] PluginManager:220 - loadIPPluginJar : add dma
2024-12-04 16:30:29,755 [INFO] IPUIPlugin:80 - create IPUIPlugin
2024-12-04 16:30:29,755 [INFO] PluginManager:220 - loadIPPluginJar : add dma3
2024-12-04 16:30:29,764 [INFO] IPUIPlugin:80 - create IPUIPlugin
2024-12-04 16:30:29,764 [INFO] PluginManager:220 - loadIPPluginJar : add fatfs
2024-12-04 16:30:29,786 [INFO] IPUIPlugin:80 - create IPUIPlugin
2024-12-04 16:30:29,786 [INFO] PluginManager:220 - loadIPPluginJar : add fmc
2024-12-04 16:30:29,794 [INFO] IPUIPlugin:80 - create IPUIPlugin
2024-12-04 16:30:29,794 [INFO] PluginManager:220 - loadIPPluginJar : add freertos
2024-12-04 16:30:29,803 [INFO] IPUIPlugin:80 - create IPUIPlugin
2024-12-04 16:30:29,803 [INFO] PluginManager:220 - loadIPPluginJar : add genericplugin
2024-12-04 16:30:29,848 [INFO] IPUIPlugin:80 - create IPUIPlugin
2024-12-04 16:30:29,848 [INFO] PluginManager:220 - loadIPPluginJar : add gfxmmu
2024-12-04 16:30:29,914 [INFO] IPUIPlugin:80 - create IPUIPlugin
2024-12-04 16:30:29,914 [INFO] PluginManager:220 - loadIPPluginJar : add gic
2024-12-04 16:30:29,920 [INFO] IPUIPlugin:80 - create IPUIPlugin
2024-12-04 16:30:29,920 [INFO] PluginManager:220 - loadIPPluginJar : add gpio
2024-12-04 16:30:29,965 [INFO] IPUIPlugin:80 - create IPUIPlugin
2024-12-04 16:30:29,965 [INFO] PluginManager:220 - loadIPPluginJar : add gtzc
2024-12-04 16:30:29,979 [INFO] IPUIPlugin:80 - create IPUIPlugin
2024-12-04 16:30:29,979 [INFO] PluginManager:220 - loadIPPluginJar : add hash
2024-12-04 16:30:30,005 [INFO] IPUIPlugin:80 - create IPUIPlugin
2024-12-04 16:30:30,005 [INFO] PluginManager:220 - loadIPPluginJar : add i2c
2024-12-04 16:30:30,024 [INFO] IPUIPlugin:80 - create IPUIPlugin
2024-12-04 16:30:30,024 [INFO] PluginManager:220 - loadIPPluginJar : add i2s
2024-12-04 16:30:30,043 [INFO] IPUIPlugin:80 - create IPUIPlugin
2024-12-04 16:30:30,043 [INFO] PluginManager:220 - loadIPPluginJar : add i3c
2024-12-04 16:30:30,093 [INFO] IPUIPlugin:80 - create IPUIPlugin
2024-12-04 16:30:30,093 [INFO] PluginManager:220 - loadIPPluginJar : add ipddr
2024-12-04 16:30:30,137 [INFO] IPUIPlugin:80 - create IPUIPlugin
2024-12-04 16:30:30,137 [INFO] PluginManager:220 - loadIPPluginJar : add linkedlist
2024-12-04 16:30:30,153 [INFO] IPUIPlugin:80 - create IPUIPlugin
2024-12-04 16:30:30,153 [INFO] PluginManager:220 - loadIPPluginJar : add lorawan
2024-12-04 16:30:30,171 [INFO] IPUIPlugin:80 - create IPUIPlugin
2024-12-04 16:30:30,171 [INFO] PluginManager:220 - loadIPPluginJar : add ltdc
2024-12-04 16:30:30,179 [INFO] IPUIPlugin:80 - create IPUIPlugin
2024-12-04 16:30:30,179 [INFO] PluginManager:220 - loadIPPluginJar : add mdma
2024-12-04 16:30:30,185 [INFO] IPUIPlugin:80 - create IPUIPlugin
2024-12-04 16:30:30,185 [INFO] PluginManager:220 - loadIPPluginJar : add nvic
2024-12-04 16:30:30,202 [INFO] IPUIPlugin:80 - create IPUIPlugin
2024-12-04 16:30:30,203 [INFO] PluginManager:220 - loadIPPluginJar : add opamp
2024-12-04 16:30:30,232 [INFO] IPUIPlugin:80 - create IPUIPlugin
2024-12-04 16:30:30,232 [INFO] PluginManager:220 - loadIPPluginJar : add openamp
2024-12-04 16:30:30,252 [INFO] IPUIPlugin:80 - create IPUIPlugin
2024-12-04 16:30:30,252 [INFO] PluginManager:220 - loadIPPluginJar : add pdm2pcm
2024-12-04 16:30:30,259 [INFO] IPUIPlugin:80 - create IPUIPlugin
2024-12-04 16:30:30,260 [INFO] PluginManager:220 - loadIPPluginJar : add plateformsettings
2024-12-04 16:30:30,271 [INFO] IPUIPlugin:80 - create IPUIPlugin
2024-12-04 16:30:30,271 [INFO] PluginManager:220 - loadIPPluginJar : add quadspi
2024-12-04 16:30:30,277 [INFO] IPUIPlugin:80 - create IPUIPlugin
2024-12-04 16:30:30,277 [INFO] PluginManager:220 - loadIPPluginJar : add resmgrutility
2024-12-04 16:30:30,301 [INFO] IPUIPlugin:80 - create IPUIPlugin
2024-12-04 16:30:30,301 [INFO] PluginManager:220 - loadIPPluginJar : add sai
2024-12-04 16:30:30,318 [INFO] IPUIPlugin:80 - create IPUIPlugin
2024-12-04 16:30:30,318 [INFO] PluginManager:220 - loadIPPluginJar : add spi
2024-12-04 16:30:30,351 [INFO] IPUIPlugin:80 - create IPUIPlugin
2024-12-04 16:30:30,351 [INFO] PluginManager:220 - loadIPPluginJar : add stm32_wpan
2024-12-04 16:30:30,361 [INFO] IPUIPlugin:80 - create IPUIPlugin
2024-12-04 16:30:30,361 [INFO] PluginManager:220 - loadIPPluginJar : add tim
2024-12-04 16:30:30,387 [INFO] IPUIPlugin:80 - create IPUIPlugin
2024-12-04 16:30:30,387 [INFO] PluginManager:220 - loadIPPluginJar : add touchsensing
2024-12-04 16:30:30,400 [INFO] IPUIPlugin:80 - create IPUIPlugin
2024-12-04 16:30:30,400 [INFO] PluginManager:220 - loadIPPluginJar : add tracer_emb
2024-12-04 16:30:30,411 [INFO] IPUIPlugin:80 - create IPUIPlugin
2024-12-04 16:30:30,411 [INFO] PluginManager:220 - loadIPPluginJar : add ts
2024-12-04 16:30:30,421 [INFO] IPUIPlugin:80 - create IPUIPlugin
2024-12-04 16:30:30,421 [INFO] PluginManager:220 - loadIPPluginJar : add tsc
2024-12-04 16:30:30,430 [INFO] IPUIPlugin:80 - create IPUIPlugin
2024-12-04 16:30:30,430 [INFO] PluginManager:220 - loadIPPluginJar : add ucpd
2024-12-04 16:30:30,451 [INFO] IPUIPlugin:80 - create IPUIPlugin
2024-12-04 16:30:30,451 [INFO] PluginManager:220 - loadIPPluginJar : add usart
2024-12-04 16:30:30,471 [INFO] IPUIPlugin:80 - create IPUIPlugin
2024-12-04 16:30:30,471 [INFO] PluginManager:220 - loadIPPluginJar : add usbx
2024-12-04 16:30:30,573 [INFO] CADModel:165 - CPN selected for project level
2024-12-04 16:30:30,573 [INFO] CADModel:114 - Register for checkConnection events
2024-12-04 16:30:30,574 [FATAL] Updater:308 - Updater called before beeing initialized
2024-12-04 16:30:30,574 [ERROR] CADModel:125 - Updater not yet initialized, retry later 
2024-12-04 16:30:30,651 [INFO] CADModel:165 - CPN selected for project level
2024-12-04 16:30:30,651 [INFO] CADModel:114 - Register for checkConnection events
2024-12-04 16:30:30,651 [FATAL] Updater:308 - Updater called before beeing initialized
2024-12-04 16:30:30,651 [ERROR] CADModel:125 - Updater not yet initialized, retry later 
2024-12-04 16:30:30,653 [FATAL] Updater:308 - Updater called before beeing initialized
2024-12-04 16:30:30,713 [FATAL] Updater:308 - Updater called before beeing initialized
2024-12-04 16:30:30,719 [INFO] DbMcusAds:53 - JSON generation date=Fri Sep 20 22:04:38 KST 2024 (1726837478367)
2024-12-04 16:30:30,719 [FATAL] Updater:308 - Updater called before beeing initialized
2024-12-04 16:30:30,761 [WARN] DetailPanel:346 - Failed to get advertising image, set to default
2024-12-04 16:30:30,812 [FATAL] Updater:308 - Updater called before beeing initialized
2024-12-04 16:30:30,813 [FATAL] Updater:308 - Updater called before beeing initialized
2024-12-04 16:30:30,813 [FATAL] Updater:308 - Updater called before beeing initialized
2024-12-04 16:30:30,813 [WARN] DetailPanel:346 - Failed to get advertising image, set to default
2024-12-04 16:30:30,814 [FATAL] Updater:308 - Updater called before beeing initialized
2024-12-04 16:30:30,844 [ERROR] Updater:1120 - MainUpdater not yet initialized. External WinMGr cannot be set.
2024-12-04 16:30:30,850 [INFO] Updater:1056 - Updater Version found : 6.10.0
2024-12-04 16:30:30,863 [INFO] ApplicationProperties:184 - Using Application install path: C:\ST\STM32CubeIDE_1.14.1\STM32CubeIDE\plugins\com.st.stm32cube.common.mx_6.10.0.202311202037
2024-12-04 16:30:31,164 [INFO] MainUpdater:2873 - connection check result : 10
2024-12-04 16:30:31,164 [INFO] MainUpdater:3567 - Updater definition file requires update
2024-12-04 16:30:31,165 [INFO] MainUpdater:290 - Updater Check For Update Now.
2024-12-04 16:30:31,165 [INFO] MicroXplorer:498 - Change Database Version : DB.6.0.100
2024-12-04 16:30:31,174 [INFO] McuFinderGlobals:63 - Set McuFinder mode to 2 (CubeIDE integrated)
2024-12-04 16:30:31,224 [INFO] ServerAccessManage:473 - Download File updaters.zip
2024-12-04 16:30:31,323 [INFO] FileExtend:240 - Unzip File : updaters.zip
2024-12-04 16:30:31,323 [INFO] FileExtend:255 - Standard Zip Deflate
2024-12-04 16:30:31,388 [INFO] UserAuth:404 - Internet connection configuration mode: 1
2024-12-04 16:30:31,409 [INFO] JxBrowserEngine:152 - Initiate JxBrowser Engine with user profile folder
2024-12-04 16:30:31,658 [INFO] ServerAccessManage:473 - Download File PacksControlFlags.xml
2024-12-04 16:30:31,781 [INFO] ServerAccessManage:473 - Download File cubemx.pidx
2024-12-04 16:30:31,836 [INFO] LoadServerUpdatesThread:375 - End of LoadServerUpdate Thread
2024-12-04 16:30:31,988 [INFO] CheckServerUpdateThread:120 - End of CheckServer Thread
2024-12-04 16:30:32,451 [WARN] PackLoader:240 - Cannot read IP mode file for STMicroelectronics.FP-SNS-MOTENVWB1.1.4.0
2024-12-04 16:30:32,461 [WARN] PackLoader:240 - Cannot read IP mode file for STMicroelectronics.FP-ATR-ASTRA1.2.0.1
2024-12-04 16:30:32,469 [WARN] PackLoader:240 - Cannot read IP mode file for STMicroelectronics.X-CUBE-SMBUS.2.1.0
2024-12-04 16:30:32,478 [WARN] PackLoader:240 - Cannot read IP mode file for STMicroelectronics.X-CUBE-WB05N.1.1.0
2024-12-04 16:30:32,502 [WARN] PackLoader:240 - Cannot read IP mode file for STMicroelectronics.X-CUBE-AZRTOS-F7.1.1.0
2024-12-04 16:30:32,547 [WARN] PackLoader:240 - Cannot read IP mode file for STMicroelectronics.X-CUBE-MEMS1.11.0.0
2024-12-04 16:30:32,629 [WARN] PackLoader:240 - Cannot read IP mode file for STMicroelectronics.FP-SNS-FLIGHT1.5.0.2
2024-12-04 16:30:32,638 [WARN] PackLoader:240 - Cannot read IP mode file for STMicroelectronics.X-CUBE-DISPLAY.3.0.0
2024-12-04 16:30:32,649 [WARN] PackLoader:240 - Cannot read IP mode file for STMicroelectronics.X-CUBE-BLE1.7.0.0
2024-12-04 16:30:32,659 [WARN] PackLoader:240 - Cannot read IP mode file for STMicroelectronics.X-CUBE-NFC10.1.0.0
2024-12-04 16:30:32,669 [WARN] PackLoader:240 - Cannot read IP mode file for emotas.I-CUBE-CANOPEN.1.3.0
2024-12-04 16:30:32,680 [WARN] PackLoader:240 - Cannot read IP mode file for STMicroelectronics.X-CUBE-BLEMGR.3.1.0
2024-12-04 16:30:32,690 [WARN] PackLoader:240 - Cannot read IP mode file for STMicroelectronics.FP-SNS-SMARTAG2.1.2.0
2024-12-04 16:30:32,702 [INFO] LogOutputStream:77 - [STDOUT_REDIRECT] 1 : Invalid condition id : UX_CORESTACK_Condition cause : null
2024-12-04 16:30:32,702 [INFO] LogOutputStream:77 - [STDOUT_REDIRECT] 1 : Invalid condition id : UX_CORESTACK_Condition cause : null
2024-12-04 16:30:32,703 [INFO] LogOutputStream:77 - [STDOUT_REDIRECT] 1 : Invalid condition id : UX_CORESTACK_Condition cause : null
2024-12-04 16:30:32,704 [INFO] LogOutputStream:77 - [STDOUT_REDIRECT] 1 : Invalid condition id : UX_CORESTACK_Condition cause : null
2024-12-04 16:30:32,706 [INFO] LogOutputStream:77 - [STDOUT_REDIRECT] 1 : Invalid condition id : UX_CORESTACK_Condition cause : null
2024-12-04 16:30:32,708 [WARN] PackLoader:240 - Cannot read IP mode file for STMicroelectronics.X-CUBE-AZRTOS-WL.2.0.0
2024-12-04 16:30:32,717 [WARN] PackLoader:240 - Cannot read IP mode file for STMicroelectronics.FP-SNS-MOTENV1.5.0.0
2024-12-04 16:30:32,726 [WARN] PackLoader:240 - Cannot read IP mode file for wolfSSL.I-CUBE-wolfMQTT.1.19.0
2024-12-04 16:30:32,736 [WARN] PackLoader:240 - Cannot read IP mode file for WES.I-CUBE-Cesium.1.3.0
2024-12-04 16:30:32,746 [WARN] PackLoader:240 - Cannot read IP mode file for STMicroelectronics.X-CUBE-BLE2.3.3.0
2024-12-04 16:30:32,756 [WARN] PackLoader:240 - Cannot read IP mode file for STMicroelectronics.X-CUBE-NFC9.1.0.0
2024-12-04 16:30:32,766 [WARN] PackLoader:240 - Cannot read IP mode file for STMicroelectronics.X-CUBE-TCPP.4.1.0
2024-12-04 16:30:32,784 [WARN] PackLoader:240 - Cannot read IP mode file for STMicroelectronics.X-CUBE-AZRTOS-G0.1.1.0
2024-12-04 16:30:32,795 [WARN] PackLoader:240 - Cannot read IP mode file for STMicroelectronics.X-CUBE-SAFEA1.1.2.2
2024-12-04 16:30:32,804 [WARN] PackLoader:240 - Cannot read IP mode file for STMicroelectronics.X-CUBE-NFC4.3.0.0
2024-12-04 16:30:32,816 [WARN] PackLoader:240 - Cannot read IP mode file for EmbeddedOffice.I-CUBE-FS-RTOS.1.0.1
2024-12-04 16:30:32,817 [ERROR] ConditionMgr:805 - Attr not supported : Dmpu
2024-12-04 16:30:32,817 [ERROR] ConditionMgr:805 - Attr not supported : Dmpu
2024-12-04 16:30:32,817 [ERROR] ConditionMgr:805 - Attr not supported : Dmpu
2024-12-04 16:30:32,817 [ERROR] ConditionMgr:805 - Attr not supported : Dmpu
2024-12-04 16:30:32,817 [ERROR] ConditionMgr:805 - Attr not supported : Dmpu
2024-12-04 16:30:32,817 [ERROR] ConditionMgr:805 - Attr not supported : Dmpu
2024-12-04 16:30:32,817 [ERROR] ConditionMgr:805 - Attr not supported : Dmpu
2024-12-04 16:30:32,817 [ERROR] ConditionMgr:805 - Attr not supported : Dmpu
2024-12-04 16:30:32,817 [ERROR] ConditionMgr:805 - Attr not supported : Dmpu
2024-12-04 16:30:32,817 [ERROR] ConditionMgr:805 - Attr not supported : Dmpu
2024-12-04 16:30:32,817 [ERROR] ConditionMgr:805 - Attr not supported : Dmpu
2024-12-04 16:30:32,817 [ERROR] ConditionMgr:805 - Attr not supported : Dmpu
2024-12-04 16:30:32,817 [ERROR] ConditionMgr:805 - Attr not supported : Dmpu
2024-12-04 16:30:32,817 [ERROR] ConditionMgr:805 - Attr not supported : Dmpu
2024-12-04 16:30:32,817 [ERROR] ConditionMgr:805 - Attr not supported : Dmpu
2024-12-04 16:30:32,817 [ERROR] ConditionMgr:805 - Attr not supported : Dmpu
2024-12-04 16:30:32,817 [ERROR] ConditionMgr:805 - Attr not supported : Dmpu
2024-12-04 16:30:32,817 [ERROR] ConditionMgr:805 - Attr not supported : Dmpu
2024-12-04 16:30:32,817 [ERROR] ConditionMgr:805 - Attr not supported : Dmpu
2024-12-04 16:30:32,817 [ERROR] ConditionMgr:805 - Attr not supported : Dmpu
2024-12-04 16:30:32,817 [ERROR] ConditionMgr:805 - Attr not supported : Dmpu
2024-12-04 16:30:32,817 [ERROR] ConditionMgr:805 - Attr not supported : Dmpu
2024-12-04 16:30:32,817 [ERROR] ConditionMgr:805 - Attr not supported : Dmpu
2024-12-04 16:30:32,817 [ERROR] ConditionMgr:805 - Attr not supported : Dmpu
2024-12-04 16:30:32,818 [ERROR] ConditionMgr:805 - Attr not supported : Dmpu
2024-12-04 16:30:32,818 [ERROR] ConditionMgr:805 - Attr not supported : Dmpu
2024-12-04 16:30:32,818 [ERROR] ConditionMgr:805 - Attr not supported : Dmpu
2024-12-04 16:30:32,818 [ERROR] ConditionMgr:805 - Attr not supported : Dmpu
2024-12-04 16:30:32,818 [ERROR] ConditionMgr:805 - Attr not supported : Dmpu
2024-12-04 16:30:32,818 [ERROR] ConditionMgr:805 - Attr not supported : Dmpu
2024-12-04 16:30:32,818 [ERROR] ConditionMgr:805 - Attr not supported : Dmpu
2024-12-04 16:30:32,818 [ERROR] ConditionMgr:805 - Attr not supported : Dmpu
2024-12-04 16:30:32,818 [ERROR] ConditionMgr:805 - Attr not supported : Dmpu
2024-12-04 16:30:32,818 [ERROR] ConditionMgr:805 - Attr not supported : Dmpu
2024-12-04 16:30:32,818 [ERROR] ConditionMgr:805 - Attr not supported : Dmpu
2024-12-04 16:30:32,818 [ERROR] ConditionMgr:805 - Attr not supported : Dmpu
2024-12-04 16:30:32,818 [ERROR] ConditionMgr:805 - Attr not supported : Dmpu
2024-12-04 16:30:32,818 [ERROR] ConditionMgr:805 - Attr not supported : Dmpu
2024-12-04 16:30:32,818 [ERROR] ConditionMgr:805 - Attr not supported : Dmpu
2024-12-04 16:30:32,818 [ERROR] ConditionMgr:805 - Attr not supported : Dmpu
2024-12-04 16:30:32,818 [ERROR] ConditionMgr:805 - Attr not supported : Dmpu
2024-12-04 16:30:32,818 [ERROR] ConditionMgr:805 - Attr not supported : Dmpu
2024-12-04 16:30:32,818 [ERROR] ConditionMgr:805 - Attr not supported : Dmpu
2024-12-04 16:30:32,818 [ERROR] ConditionMgr:805 - Attr not supported : Dmpu
2024-12-04 16:30:32,818 [ERROR] ConditionMgr:805 - Attr not supported : Dmpu
2024-12-04 16:30:32,818 [ERROR] ConditionMgr:805 - Attr not supported : Dmpu
2024-12-04 16:30:32,818 [ERROR] ConditionMgr:805 - Attr not supported : Dmpu
2024-12-04 16:30:32,818 [ERROR] ConditionMgr:805 - Attr not supported : Dmpu
2024-12-04 16:30:32,818 [ERROR] ConditionMgr:805 - Attr not supported : Dmpu
2024-12-04 16:30:32,818 [ERROR] ConditionMgr:805 - Attr not supported : Dmpu
2024-12-04 16:30:32,819 [ERROR] ConditionMgr:805 - Attr not supported : Dmpu
2024-12-04 16:30:32,819 [ERROR] ConditionMgr:805 - Attr not supported : Dmpu
2024-12-04 16:30:32,819 [ERROR] ConditionMgr:805 - Attr not supported : Dmpu
2024-12-04 16:30:32,819 [ERROR] ConditionMgr:805 - Attr not supported : Dmpu
2024-12-04 16:30:32,819 [ERROR] ConditionMgr:805 - Attr not supported : Dmpu
2024-12-04 16:30:32,819 [ERROR] ConditionMgr:805 - Attr not supported : Dmpu
2024-12-04 16:30:32,819 [ERROR] ConditionMgr:805 - Attr not supported : Dmpu
2024-12-04 16:30:32,819 [ERROR] ConditionMgr:805 - Attr not supported : Dmpu
2024-12-04 16:30:32,819 [ERROR] ConditionMgr:805 - Attr not supported : Dmpu
2024-12-04 16:30:32,819 [ERROR] ConditionMgr:805 - Attr not supported : Dmpu
2024-12-04 16:30:32,819 [ERROR] ConditionMgr:805 - Attr not supported : Dmpu
2024-12-04 16:30:32,819 [ERROR] ConditionMgr:805 - Attr not supported : Dmpu
2024-12-04 16:30:32,819 [ERROR] ConditionMgr:805 - Attr not supported : Dmpu
2024-12-04 16:30:32,819 [ERROR] ConditionMgr:805 - Attr not supported : Dmpu
2024-12-04 16:30:32,828 [WARN] PackLoader:240 - Cannot read IP mode file for RealThread.X-CUBE-RT-Thread_Nano.4.1.1
2024-12-04 16:30:32,835 [WARN] PackLoader:240 - Cannot read IP mode file for STMicroelectronics.FP-ATR-SIGFOX1.3.2.0
2024-12-04 16:30:32,843 [WARN] ConditionMgr:438 - getConditionDescription Invalid condition id : Cortex-A Device cause : null
2024-12-04 16:30:32,854 [WARN] ConditionMgr:1039 - genDependencies : Invalid condition id : Cortex-A Device cause : null
2024-12-04 16:30:32,854 [WARN] ConditionMgr:1039 - genDependencies : Invalid condition id : Cortex-A Device cause : null
2024-12-04 16:30:32,854 [WARN] ConditionMgr:1039 - genDependencies : Invalid condition id : Cortex-A Device cause : null
2024-12-04 16:30:32,863 [WARN] PackLoader:240 - Cannot read IP mode file for STMicroelectronics.X-CUBE-EEPRMA1.5.1.0
2024-12-04 16:30:32,872 [WARN] PackLoader:240 - Cannot read IP mode file for wolfSSL.I-CUBE-wolfSSL.5.7.4
2024-12-04 16:30:32,881 [WARN] PackLoader:240 - Cannot read IP mode file for ITTIA_DB.I-CUBE-ITTIADB.8.9.0
2024-12-04 16:30:32,904 [WARN] PackLoader:240 - Cannot read IP mode file for SEGGER.I-CUBE-embOS.1.3.1
2024-12-04 16:30:32,926 [WARN] PackLoader:240 - Cannot read IP mode file for STMicroelectronics.X-CUBE-ALGOBUILD.1.4.0
2024-12-04 16:30:32,934 [WARN] PackLoader:240 - Cannot read IP mode file for STMicroelectronics.X-CUBE-AI.9.1.0
2024-12-04 16:30:32,949 [WARN] PackLoader:240 - Cannot read IP mode file for STMicroelectronics.X-CUBE-AZRTOS-F4.1.1.0
2024-12-04 16:30:32,958 [WARN] PackLoader:240 - Cannot read IP mode file for STMicroelectronics.X-CUBE-ISPU.2.1.0
2024-12-04 16:30:32,965 [WARN] PackLoader:240 - Cannot read IP mode file for STMicroelectronics.X-CUBE-FREERTOS.1.2.0
2024-12-04 16:30:32,979 [WARN] PackLoader:240 - Cannot read IP mode file for STMicroelectronics.X-CUBE-AZRTOS-L5.2.0.0
2024-12-04 16:30:32,988 [WARN] PackLoader:240 - Cannot read IP mode file for STMicroelectronics.X-CUBE-NFC6.3.1.0
2024-12-04 16:30:32,996 [WARN] PackLoader:240 - Cannot read IP mode file for STMicroelectronics.X-CUBE-DPower.1.2.0
2024-12-04 16:30:33,004 [WARN] PackLoader:240 - Cannot read IP mode file for STMicroelectronics.X-CUBE-NFC7.1.0.1
2024-12-04 16:30:33,020 [WARN] ConditionMgr:438 - getConditionDescription Invalid condition id : LAN8742 Phy interface Condition cause : null
2024-12-04 16:30:33,021 [WARN] PackLoader:240 - Cannot read IP mode file for STMicroelectronics.X-CUBE-AZRTOS-L4.2.0.0
2024-12-04 16:30:33,021 [WARN] ConditionMgr:1039 - genDependencies : Invalid condition id : LAN8742 Phy interface Condition cause : null
2024-12-04 16:30:33,021 [WARN] ConditionMgr:1039 - genDependencies : Invalid condition id : LAN8742 Phy interface Condition cause : null
2024-12-04 16:30:33,021 [WARN] ConditionMgr:1039 - genDependencies : Invalid condition id : LAN8742 Phy interface Condition cause : null
2024-12-04 16:30:33,031 [WARN] PackLoader:240 - Cannot read IP mode file for STMicroelectronics.X-CUBE-SFXS2LP1.4.0.0
2024-12-04 16:30:33,049 [WARN] PackLoader:240 - Cannot read IP mode file for STMicroelectronics.X-CUBE-AZRTOS-H7.3.3.0
2024-12-04 16:30:33,061 [WARN] PackLoader:240 - Cannot read IP mode file for STMicroelectronics.X-CUBE-IPS.3.0.0
2024-12-04 16:30:33,076 [WARN] ConditionMgr:438 - getConditionDescription Invalid condition id : UX DEVICE CLASS RTOS Condition cause : null
2024-12-04 16:30:33,076 [WARN] ConditionMgr:438 - getConditionDescription Invalid condition id : UX DEVICE CLASS RTOS Condition cause : null
2024-12-04 16:30:33,076 [WARN] PackLoader:240 - Cannot read IP mode file for STMicroelectronics.X-CUBE-AZRTOS-WB.2.0.0
2024-12-04 16:30:33,077 [WARN] ConditionMgr:1039 - genDependencies : Invalid condition id : UX DEVICE CLASS RTOS Condition cause : null
2024-12-04 16:30:33,077 [WARN] ConditionMgr:1039 - genDependencies : Invalid condition id : UX DEVICE CLASS RTOS Condition cause : null
2024-12-04 16:30:33,077 [WARN] ConditionMgr:1039 - genDependencies : Invalid condition id : UX DEVICE CLASS RTOS Condition cause : null
2024-12-04 16:30:33,077 [WARN] ConditionMgr:1039 - genDependencies : Invalid condition id : UX DEVICE CLASS RTOS Condition cause : null
2024-12-04 16:30:33,077 [WARN] ConditionMgr:1039 - genDependencies : Invalid condition id : UX DEVICE CLASS RTOS Condition cause : null
2024-12-04 16:30:33,086 [WARN] PackLoader:240 - Cannot read IP mode file for STMicroelectronics.X-CUBE-GNSS1.7.0.0
2024-12-04 16:30:33,095 [WARN] PackLoader:240 - Cannot read IP mode file for STMicroelectronics.FP-SNS-STBOX1.2.0.0
2024-12-04 16:30:33,111 [WARN] PackLoader:240 - Cannot read IP mode file for STMicroelectronics.X-CUBE-SUBG2.5.0.0
2024-12-04 16:30:33,120 [WARN] PackLoader:240 - Cannot read IP mode file for Cesanta.I-CUBE-Mongoose.7.13.0
2024-12-04 16:30:33,133 [WARN] PackLoader:240 - Cannot read IP mode file for STMicroelectronics.X-CUBE-AZRTOS-G4.2.0.0
2024-12-04 16:30:33,139 [WARN] PackLoader:240 - Cannot read IP mode file for STMicroelectronics.X-CUBE-ALS.1.0.2
2024-12-04 16:30:33,147 [WARN] PackLoader:240 - Cannot read IP mode file for STMicroelectronics.X-CUBE-TOUCHGFX.4.24.1
2024-12-04 16:30:33,154 [WARN] PackLoader:240 - Cannot read IP mode file for wolfSSL.I-CUBE-wolfTPM.3.4.0
2024-12-04 16:30:33,161 [WARN] PackLoader:240 - Cannot read IP mode file for portGmbH.I-Cube-SoM-uGOAL.1.1.0
2024-12-04 16:30:33,175 [WARN] PackLoader:240 - Cannot read IP mode file for STMicroelectronics.X-CUBE-AZRTOS-H7RS.1.0.0
2024-12-04 16:30:33,185 [WARN] PackLoader:240 - Cannot read IP mode file for STMicroelectronics.X-CUBE-TOF1.3.4.2
2024-12-04 16:30:33,206 [WARN] PackLoader:240 - Cannot read IP mode file for Infineon.AIROC-Wi-Fi-Bluetooth-STM32.1.6.1
2024-12-04 16:30:33,212 [WARN] PackLoader:240 - Cannot read IP mode file for wolfSSL.I-CUBE-wolfSSH.1.4.17
2024-12-04 16:30:33,212 [INFO] ThirdParty:978 - Integrity check success = true
2024-12-04 16:30:33,212 [INFO] IntegrityCheckThread:100 - exiting critical section [integrity check]
2024-12-04 16:30:33,212 [INFO] IntegrityCheckThread:103 - End integrity checks thread
2024-12-04 16:30:34,676 [INFO] WebApp:161 - Instantiating new browser for Auth
2024-12-04 16:30:35,040 [INFO] WebApp:780 - Register for checkConnection events
2024-12-04 16:30:35,040 [INFO] WebApp:414 - Apply proxy settings
2024-12-04 16:30:35,040 [INFO] WebApp:499 - Chromium requires no authentication
2024-12-04 16:30:35,043 [INFO] WebApp:442 - Direct internet connection detected
2024-12-04 16:30:35,131 [INFO] WebApp:192 - Starting web application
2024-12-04 16:30:35,131 [INFO] WebApp:544 - Web application path used C:\ST\STM32CubeIDE_1.14.1\STM32CubeIDE\plugins\com.st.stm32cube.common.mx_6.10.0.202311202037\db\plugins\mcufinder\reactClient1\index.html
2024-12-04 16:30:55,685 [ERROR] LogOutputStream:75 - [STDERR_REDIRECT] SLF4J: Failed to load class "org.slf4j.impl.StaticLoggerBinder".
2024-12-04 16:30:55,685 [ERROR] LogOutputStream:75 - [STDERR_REDIRECT] SLF4J: Defaulting to no-operation (NOP) logger implementation
2024-12-04 16:30:55,685 [ERROR] LogOutputStream:75 - [STDERR_REDIRECT] SLF4J: See http://www.slf4j.org/codes.html#StaticLoggerBinder for further details.
2024-12-04 16:55:36,189 [INFO] WebApp:354 - JxBrowser engine has been closed 
